#
# A fatal error has been detected by the Java Runtime Environment:
#
#  SIGSEGV (0xb) at pc=0x000000010e468d11, pid=26247, tid=40963
#
# JRE version: Java(TM) SE Runtime Environment (14.0.2+12) (build 14.0.2+12-46)
# Java VM: Java HotSpot(TM) 64-Bit Server VM (14.0.2+12-46, mixed mode, sharing, tiered, compressed oops, g1 gc, bsd-amd64)
# Problematic frame:
# V  [libjvm.dylib+0x668d11]  SignatureIterator::expect(char)+0x11
#
# No core dump will be written. Core dumps have been disabled. To enable core dumping, try "ulimit -c unlimited" before starting Java again
#
# If you would like to submit a bug report, please visit:
#   https://bugreport.java.com/bugreport/crash.jsp
#

---------------  S U M M A R Y ------------

Command Line: -agentlib:jdwp=transport=dt_socket,suspend=y,address=localhost:56458 -ea -javaagent:/Users/carlosvillablanco/eclipse/java-2020-06/Eclipse.app/Contents/Eclipse/configuration/org.eclipse.osgi/214/0/.cp/lib/javaagent-shaded.jar -Dfile.encoding=UTF-8 org.eclipse.jdt.internal.junit.runner.RemoteTestRunner -version 3 -port 56457 -testLoaderClass org.eclipse.jdt.internal.junit5.runner.JUnit5TestLoader -loaderpluginname org.eclipse.jdt.junit5.runtime -classNames metrics.MetricsTest

Host: MacBookPro14,2 x86_64 3100 MHz, 4 cores, 16G, Darwin 19.5.0
Time: Fri Aug 21 11:52:35 2020 CEST elapsed time: 534 seconds (0d 0h 8m 54s)

---------------  T H R E A D  ---------------

Current thread (0x00007fb75f046000):  JavaThread "JDWP Transport Listener: dt_socket" daemon [_thread_in_vm, id=40963, stack(0x000070000be90000,0x000070000bf90000)] _threads_hazard_ptr=0x00007fb761e8ada0

Stack: [0x000070000be90000,0x000070000bf90000],  sp=0x000070000bf8ef70,  free space=1019k
Native frames: (J=compiled Java code, A=aot compiled Java code, j=interpreted, Vv=VM code, C=native code)
V  [libjvm.dylib+0x668d11]  SignatureIterator::expect(char)+0x11
V  [libjvm.dylib+0x6691ff]  SignatureIterator::iterate_returntype()+0x23
V  [libjvm.dylib+0x2fd305]  GenerateOopMap::do_method(int, int, int, int)+0x77
V  [libjvm.dylib+0x2fb9f7]  GenerateOopMap::interp_bb(BasicBlock*)+0xdb
V  [libjvm.dylib+0x2fb718]  GenerateOopMap::interp_all()+0x3c
V  [libjvm.dylib+0x2fb3c9]  GenerateOopMap::do_interpretation()+0x4b
V  [libjvm.dylib+0x2fdae9]  GenerateOopMap::compute_map(Thread*)+0x165
V  [libjvm.dylib+0x5e0aa4]  OopMapForCacheEntry::compute_map(Thread*)+0x54
V  [libjvm.dylib+0x5e1286]  OopMapCacheEntry::fill(methodHandle const&, int)+0xac
V  [libjvm.dylib+0x5e1bb7]  OopMapCache::compute_one_oop_map(methodHandle const&, int, InterpreterOopMap*)+0x5d
V  [libjvm.dylib+0x5a9854]  Method::mask_for(int, InterpreterOopMap*)+0x7e
V  [libjvm.dylib+0x7364cc]  interpretedVFrame::stack_data(bool) const+0x48
V  [libjvm.dylib+0x4b8309]  VM_GetOrSetLocal::check_slot_type_no_lvt(javaVFrame*)+0x4d
V  [libjvm.dylib+0x4b83f5]  VM_GetOrSetLocal::doit_prologue()+0x8d
V  [libjvm.dylib+0x749b55]  VMThread::execute(VM_Operation*)+0x12d
V  [libjvm.dylib+0x4a4b30]  JvmtiEnv::GetLocalObject(JavaThread*, int, int, _jobject**)+0x54
V  [libjvm.dylib+0x466a56]  jvmti_GetLocalObject(_jvmtiEnv*, _jobject*, int, int, _jobject**)+0x14d
C  [libjdwp.dylib+0x70f4]  thisObject+0x1ac
C  [libjdwp.dylib+0xe62e]  debugLoop_run+0x1f1
C  [libjdwp.dylib+0x1f8a6]  attachThread+0x54
V  [libjvm.dylib+0x4b6f02]  JvmtiAgentThread::call_start_function()+0x38
V  [libjvm.dylib+0x6ed18a]  JavaThread::thread_main_inner()+0x86
V  [libjvm.dylib+0x6ecfc8]  JavaThread::run()+0x118
V  [libjvm.dylib+0x6eae07]  Thread::call_run()+0x71
V  [libjvm.dylib+0x5e98be]  thread_native_entry(Thread*)+0x129
C  [libsystem_pthread.dylib+0x6109]  _pthread_start+0x94
C  [libsystem_pthread.dylib+0x1b8b]  thread_start+0xf


siginfo: si_signo: 11 (SIGSEGV), si_code: 1 (SEGV_MAPERR), si_addr: 0x0000000000000006

Register to memory mapping:

RAX=0x0 is NULL
RBX=0x000070000bf8efd0 is pointing into the stack for thread: 0x00007fb75f046000
RCX=0x0 is NULL
RDX=1655328 is a compressed pointer to class: 0x0000000800ca1100
com.sun.jmx.mbeanserver.MXBeanMapping {0x0000000800ca1100}
RSP=0x000070000bf8ef70 is pointing into the stack for thread: 0x00007fb75f046000
RBP=0x000070000bf8ef80 is pointing into the stack for thread: 0x00007fb75f046000
RSI=0x0000000000000028 is an unknown value
RDI=0x000070000bf8efd0 is pointing into the stack for thread: 0x00007fb75f046000
R8 =0x0000000000000010 is an unknown value
R9 =0x000000008fffffff is an unknown value
R10=0x000000008a000000 is an unknown value
R11=0xffffffffffffffd0 is an unknown value
R12=0x000070000bf8efd0 is pointing into the stack for thread: 0x00007fb75f046000
R13=0x000070000bf8f610 is pointing into the stack for thread: 0x00007fb75f046000
R14=0x0000000000000001 is an unknown value
R15=0x000070000bf8efd0 is pointing into the stack for thread: 0x00007fb75f046000


Registers:
RAX=0x0000000000000000, RBX=0x000070000bf8efd0, RCX=0x0000000000000000, RDX=0x0000000000194220
RSP=0x000070000bf8ef70, RBP=0x000070000bf8ef80, RSI=0x0000000000000028, RDI=0x000070000bf8efd0
R8 =0x0000000000000010, R9 =0x000000008fffffff, R10=0x000000008a000000, R11=0xffffffffffffffd0
R12=0x000070000bf8efd0, R13=0x000070000bf8f610, R14=0x0000000000000001, R15=0x000070000bf8efd0
RIP=0x000000010e468d11, EFLAGS=0x0000000000010206, ERR=0x0000000000000004
  TRAPNO=0x000000000000000e

Top of Stack: (sp=0x000070000bf8ef70)
0x000070000bf8ef70:   000000010e6dfb40 000070000bf8f410
0x000070000bf8ef80:   000070000bf8efc0 000000010e4691ff
0x000070000bf8ef90:   000000010e6dfb40 000070000bf8f410
0x000070000bf8efa0:   000070000bf8efd0 000070000bf8f610
0x000070000bf8efb0:   0000000000000001 0000000000000010
0x000070000bf8efc0:   000070000bf8f450 000000010e0fd305
0x000070000bf8efd0:   000000010e6dfb40 0000000000000000
0x000070000bf8efe0:   0000000000000000 0000000000000007
0x000070000bf8eff0:   000070000bf8f410 0000000000000000
0x000070000bf8f000:   4fffffff4fffffff 0000000000000000
0x000070000bf8f010:   0000000000000000 0000000000000000
0x000070000bf8f020:   0000000000000000 0000000000000000
0x000070000bf8f030:   0000000000000000 0000000000000000
0x000070000bf8f040:   0000000000000000 0000000000000000
0x000070000bf8f050:   0000000000000000 0000000000000000
0x000070000bf8f060:   0000000000000000 0000000000000000
0x000070000bf8f070:   0000000000000000 0000000000000000
0x000070000bf8f080:   0000000000000000 0000000000000000
0x000070000bf8f090:   0000000000000000 0000000000000000
0x000070000bf8f0a0:   0000000000000000 0000000000000000
0x000070000bf8f0b0:   0000000000000000 0000000000000000
0x000070000bf8f0c0:   0000000000000000 0000000000000000
0x000070000bf8f0d0:   0000000000000000 0000000000000000
0x000070000bf8f0e0:   0000000000000000 0000000000000000
0x000070000bf8f0f0:   0000000000000000 0000000000000000
0x000070000bf8f100:   0000000000000000 0000000000000000
0x000070000bf8f110:   0000000000000000 0000000000000000
0x000070000bf8f120:   0000000000000000 0000000000000000
0x000070000bf8f130:   0000000000000000 0000000000000000
0x000070000bf8f140:   0000000000000000 0000000000000000
0x000070000bf8f150:   0000000000000000 0000000000000000
0x000070000bf8f160:   0000000000000000 0000000000000000 

Instructions: (pc=0x000000010e468d11)
0x000000010e468c11:   c3 90 90 55 48 89 e5 48 8d 05 9d 29 32 00 8b 48
0x000000010e468c21:   04 81 f9 47 79 67 6f 7e 1a 81 f9 48 79 67 6f 74
0x000000010e468c31:   22 81 f9 43 65 6e 74 74 23 81 f9 47 65 6e 75 74
0x000000010e468c41:   1b eb 28 81 f9 20 20 53 68 74 11 81 f9 41 75 74
0x000000010e468c51:   68 75 18 0f b6 88 c8 00 00 00 eb 0a b9 ff 0f 00
0x000000010e468c61:   00 23 48 24 ff c1 83 f9 1f 77 07 b8 20 00 00 00
0x000000010e468c71:   eb 02 89 c8 5d c3 90 80 3d e9 85 29 00 00 74 01
0x000000010e468c81:   c3 55 48 89 e5 48 83 ec 10 c7 04 24 00 00 00 00
0x000000010e468c91:   48 8d 3d 60 85 29 00 48 8d 35 ad 0e ff ff ba 63
0x000000010e468ca1:   00 00 00 b9 10 00 00 00 41 b8 50 00 00 00 45 31
0x000000010e468cb1:   c9 e8 63 8f e8 ff 48 c7 05 a6 85 29 00 01 00 00
0x000000010e468cc1:   00 48 83 c4 10 5d c3 55 48 89 e5 48 8d 0d 1d 91
0x000000010e468cd1:   1b 00 b8 10 00 00 00 31 d2 f7 39 89 05 f6 b9 32
0x000000010e468ce1:   00 5d c3 55 48 89 e5 48 8d 05 b1 85 28 00 48 89
0x000000010e468cf1:   07 48 89 77 08 c7 47 14 00 00 00 00 5d c3 90 55
0x000000010e468d01:   48 89 e5 53 50 48 89 fb 48 8b 4b 08 48 63 43 10
0x000000010e468d11:   40 38 74 01 06 74 26 40 0f be ce 48 8d 3d 8a c9
0x000000010e468d21:   18 00 48 8d 15 b2 c9 18 00 be 36 00 00 00 31 c0
0x000000010e468d31:   e8 8d 94 ba ff e8 b5 06 f8 ff 8b 43 10 ff c0 89
0x000000010e468d41:   43 10 48 83 c4 08 5b 5d c3 55 48 89 e5 41 57 41
0x000000010e468d51:   56 53 50 49 89 fe 49 8b 4e 08 49 63 76 10 0f be
0x000000010e468d61:   44 31 06 83 c0 be 83 f8 19 77 74 4d 8d 7e 10 48
0x000000010e468d71:   8d 15 f1 01 00 00 48 63 04 82 48 01 d0 ff e0 49
0x000000010e468d81:   8b 06 4c 89 f7 ff 50 20 41 83 7e 14 00 0f 89 63
0x000000010e468d91:   01 00 00 41 c7 46 18 08 00 00 00 e9 56 01 00 00
0x000000010e468da1:   49 8b 06 4c 89 f7 ff 50 08 41 83 7e 14 00 0f 89
0x000000010e468db1:   42 01 00 00 41 c7 46 18 05 00 00 00 e9 35 01 00
0x000000010e468dc1:   00 49 8b 06 4c 89 f7 ff 50 18 41 83 7e 14 00 0f
0x000000010e468dd1:   89 84 00 00 00 41 c7 46 18 07 00 00 00 eb 7a 48
0x000000010e468de1:   8d 3d c6 c8 18 00 be 6e 00 00 00 e8 ad 95 ba ff
0x000000010e468df1:   e8 fa 05 f8 ff b8 ff ff ff ff e9 ff 00 00 00 49
0x000000010e468e01:   8b 06 4c 89 f7 ff 50 10 41 83 7e 14 00 0f 89 e3 


Stack slot to memory mapping:
stack at sp + 0 slots: 0x000000010e6dfb40: _ZTV16ComputeCallStack+0x10 in /Library/Java/JavaVirtualMachines/jdk-14.0.2.jdk/Contents/Home/lib/server/libjvm.dylib at 0x000000010de00000
stack at sp + 1 slots: 0x000070000bf8f410 is pointing into the stack for thread: 0x00007fb75f046000
stack at sp + 2 slots: 0x000070000bf8efc0 is pointing into the stack for thread: 0x00007fb75f046000
stack at sp + 3 slots: 0x000000010e4691ff: _ZN17SignatureIterator18iterate_returntypeEv+0x23 in /Library/Java/JavaVirtualMachines/jdk-14.0.2.jdk/Contents/Home/lib/server/libjvm.dylib at 0x000000010de00000
stack at sp + 4 slots: 0x000000010e6dfb40: _ZTV16ComputeCallStack+0x10 in /Library/Java/JavaVirtualMachines/jdk-14.0.2.jdk/Contents/Home/lib/server/libjvm.dylib at 0x000000010de00000
stack at sp + 5 slots: 0x000070000bf8f410 is pointing into the stack for thread: 0x00007fb75f046000
stack at sp + 6 slots: 0x000070000bf8efd0 is pointing into the stack for thread: 0x00007fb75f046000
stack at sp + 7 slots: 0x000070000bf8f610 is pointing into the stack for thread: 0x00007fb75f046000


---------------  P R O C E S S  ---------------

Threads class SMR info:
_java_thread_list=0x00007fb761e8ada0, length=14, elements={
0x00007fb76100b000, 0x00007fb76109c800, 0x00007fb76109f800, 0x00007fb75f87a000,
0x00007fb75f87b000, 0x00007fb75f88a800, 0x00007fb75f88b800, 0x00007fb76000a000,
0x00007fb75f8df000, 0x00007fb75f046000, 0x00007fb75f8df800, 0x00007fb75f047000,
0x00007fb761154000, 0x00007fb7600bc000
}

Java Threads: ( => current thread )
  0x00007fb76100b000 JavaThread "main" [_thread_blocked, id=6403, stack(0x000070000ae5d000,0x000070000af5d000)]
  0x00007fb76109c800 JavaThread "Reference Handler" daemon [_thread_blocked, id=17411, stack(0x000070000b572000,0x000070000b672000)]
  0x00007fb76109f800 JavaThread "Finalizer" daemon [_thread_blocked, id=14339, stack(0x000070000b675000,0x000070000b775000)]
  0x00007fb75f87a000 JavaThread "Signal Dispatcher" daemon [_thread_blocked, id=22275, stack(0x000070000b87e000,0x000070000b97e000)]
  0x00007fb75f87b000 JavaThread "Service Thread" daemon [_thread_blocked, id=42755, stack(0x000070000b981000,0x000070000ba81000)]
  0x00007fb75f88a800 JavaThread "C2 CompilerThread0" daemon [_thread_blocked, id=22787, stack(0x000070000ba84000,0x000070000bb84000)]
  0x00007fb75f88b800 JavaThread "C1 CompilerThread0" daemon [_thread_blocked, id=41987, stack(0x000070000bb87000,0x000070000bc87000)]
  0x00007fb76000a000 JavaThread "Sweeper thread" daemon [_thread_blocked, id=23811, stack(0x000070000bc8a000,0x000070000bd8a000)]
  0x00007fb75f8df000 JavaThread "Common-Cleaner" daemon [_thread_blocked, id=41475, stack(0x000070000bd8d000,0x000070000be8d000)]
=>0x00007fb75f046000 JavaThread "JDWP Transport Listener: dt_socket" daemon [_thread_in_vm, id=40963, stack(0x000070000be90000,0x000070000bf90000)]
  0x00007fb75f8df800 JavaThread "JDWP Event Helper Thread" daemon [_thread_blocked, id=40451, stack(0x000070000bf93000,0x000070000c093000)]
  0x00007fb75f047000 JavaThread "JDWP Command Reader" daemon [_thread_in_native, id=39939, stack(0x000070000c096000,0x000070000c196000)]
  0x00007fb761154000 JavaThread "Notification Thread" daemon [_thread_blocked, id=39171, stack(0x000070000c29c000,0x000070000c39c000)]
  0x00007fb7600bc000 JavaThread "ReaderThread" [_thread_in_native, id=26371, stack(0x000070000c4a2000,0x000070000c5a2000)]

Other Threads:
  0x00007fb75f876000 VMThread "VM Thread" [stack: 0x000070000b46f000,0x000070000b56f000] [id=18179]
  0x00007fb75f047800 WatcherThread [stack: 0x000070000c39f000,0x000070000c49f000] [id=25859]
  0x00007fb75f80a000 GCTaskThread "GC Thread#0" [stack: 0x000070000af60000,0x000070000b060000] [id=12291]
  0x00007fb76000c800 GCTaskThread "GC Thread#1" [stack: 0x000070000c5a5000,0x000070000c6a5000] [id=38147]
  0x00007fb76000d800 GCTaskThread "GC Thread#2" [stack: 0x000070000c6a8000,0x000070000c7a8000] [id=37891]
  0x00007fb76000e000 GCTaskThread "GC Thread#3" [stack: 0x000070000c7ab000,0x000070000c8ab000] [id=26883]
  0x00007fb761053000 ConcurrentGCThread "G1 Main Marker" [stack: 0x000070000b063000,0x000070000b163000] [id=19459]
  0x00007fb761054000 ConcurrentGCThread "G1 Conc#0" [stack: 0x000070000b166000,0x000070000b266000] [id=12803]
  0x00007fb75f85f000 ConcurrentGCThread "G1 Refine#0" [stack: 0x000070000b269000,0x000070000b369000] [id=13315]
  0x00007fb75f85f800 ConcurrentGCThread "G1 Young RemSet Sampling" [stack: 0x000070000b36c000,0x000070000b46c000] [id=18691]

Threads with active compile tasks:

VM state:not at safepoint (normal execution)

VM Mutex/Monitor currently owned by a thread: None

Heap address: 0x0000000700000000, size: 4096 MB, Compressed Oops mode: Zero based, Oop shift amount: 3
Narrow klass base: 0x0000000800000000, Narrow klass shift: 3
Compressed class space size: 1073741824 Address: 0x0000000800b05000

Heap:
 garbage-first heap   total 264192K, used 77531K [0x0000000700000000, 0x0000000800000000)
  region size 1024K, 74 young (75776K), 1 survivors (1024K)
 Metaspace       used 12678K, capacity 13283K, committed 13440K, reserved 1060864K
  class space    used 1574K, capacity 1811K, committed 1920K, reserved 1048576K
Heap Regions: E=young(eden), S=young(survivor), O=old, HS=humongous(starts), HC=humongous(continues), CS=collection set, F=free, OA=open archive, CA=closed archive, TAMS=top-at-mark-start (previous, next)
|   0|0x0000000700000000, 0x0000000700100000, 0x0000000700100000|100%| O|  |TAMS 0x0000000700000000, 0x0000000700000000| Untracked 
|   1|0x0000000700100000, 0x0000000700200000, 0x0000000700200000|100%| O|  |TAMS 0x0000000700100000, 0x0000000700100000| Untracked 
|   2|0x0000000700200000, 0x000000070022c600, 0x0000000700300000| 17%| O|  |TAMS 0x0000000700200000, 0x0000000700200000| Untracked 
|   3|0x0000000700300000, 0x0000000700300000, 0x0000000700400000|  0%| F|  |TAMS 0x0000000700300000, 0x0000000700300000| Untracked 
|   4|0x0000000700400000, 0x0000000700400000, 0x0000000700500000|  0%| F|  |TAMS 0x0000000700400000, 0x0000000700400000| Untracked 
|   5|0x0000000700500000, 0x0000000700500000, 0x0000000700600000|  0%| F|  |TAMS 0x0000000700500000, 0x0000000700500000| Untracked 
|   6|0x0000000700600000, 0x0000000700600000, 0x0000000700700000|  0%| F|  |TAMS 0x0000000700600000, 0x0000000700600000| Untracked 
|   7|0x0000000700700000, 0x0000000700700000, 0x0000000700800000|  0%| F|  |TAMS 0x0000000700700000, 0x0000000700700000| Untracked 
|   8|0x0000000700800000, 0x0000000700800000, 0x0000000700900000|  0%| F|  |TAMS 0x0000000700800000, 0x0000000700800000| Untracked 
|   9|0x0000000700900000, 0x0000000700900000, 0x0000000700a00000|  0%| F|  |TAMS 0x0000000700900000, 0x0000000700900000| Untracked 
|  10|0x0000000700a00000, 0x0000000700a00000, 0x0000000700b00000|  0%| F|  |TAMS 0x0000000700a00000, 0x0000000700a00000| Untracked 
|  11|0x0000000700b00000, 0x0000000700b00000, 0x0000000700c00000|  0%| F|  |TAMS 0x0000000700b00000, 0x0000000700b00000| Untracked 
|  12|0x0000000700c00000, 0x0000000700c00000, 0x0000000700d00000|  0%| F|  |TAMS 0x0000000700c00000, 0x0000000700c00000| Untracked 
|  13|0x0000000700d00000, 0x0000000700d00000, 0x0000000700e00000|  0%| F|  |TAMS 0x0000000700d00000, 0x0000000700d00000| Untracked 
|  14|0x0000000700e00000, 0x0000000700e00000, 0x0000000700f00000|  0%| F|  |TAMS 0x0000000700e00000, 0x0000000700e00000| Untracked 
|  15|0x0000000700f00000, 0x0000000700f00000, 0x0000000701000000|  0%| F|  |TAMS 0x0000000700f00000, 0x0000000700f00000| Untracked 
|  16|0x0000000701000000, 0x0000000701000000, 0x0000000701100000|  0%| F|  |TAMS 0x0000000701000000, 0x0000000701000000| Untracked 
|  17|0x0000000701100000, 0x0000000701100000, 0x0000000701200000|  0%| F|  |TAMS 0x0000000701100000, 0x0000000701100000| Untracked 
|  18|0x0000000701200000, 0x0000000701200000, 0x0000000701300000|  0%| F|  |TAMS 0x0000000701200000, 0x0000000701200000| Untracked 
|  19|0x0000000701300000, 0x0000000701300000, 0x0000000701400000|  0%| F|  |TAMS 0x0000000701300000, 0x0000000701300000| Untracked 
|  20|0x0000000701400000, 0x0000000701400000, 0x0000000701500000|  0%| F|  |TAMS 0x0000000701400000, 0x0000000701400000| Untracked 
|  21|0x0000000701500000, 0x0000000701500000, 0x0000000701600000|  0%| F|  |TAMS 0x0000000701500000, 0x0000000701500000| Untracked 
|  22|0x0000000701600000, 0x0000000701600000, 0x0000000701700000|  0%| F|  |TAMS 0x0000000701600000, 0x0000000701600000| Untracked 
|  23|0x0000000701700000, 0x0000000701700000, 0x0000000701800000|  0%| F|  |TAMS 0x0000000701700000, 0x0000000701700000| Untracked 
|  24|0x0000000701800000, 0x0000000701800000, 0x0000000701900000|  0%| F|  |TAMS 0x0000000701800000, 0x0000000701800000| Untracked 
|  25|0x0000000701900000, 0x0000000701900000, 0x0000000701a00000|  0%| F|  |TAMS 0x0000000701900000, 0x0000000701900000| Untracked 
|  26|0x0000000701a00000, 0x0000000701a00000, 0x0000000701b00000|  0%| F|  |TAMS 0x0000000701a00000, 0x0000000701a00000| Untracked 
|  27|0x0000000701b00000, 0x0000000701b00000, 0x0000000701c00000|  0%| F|  |TAMS 0x0000000701b00000, 0x0000000701b00000| Untracked 
|  28|0x0000000701c00000, 0x0000000701c00000, 0x0000000701d00000|  0%| F|  |TAMS 0x0000000701c00000, 0x0000000701c00000| Untracked 
|  29|0x0000000701d00000, 0x0000000701d00000, 0x0000000701e00000|  0%| F|  |TAMS 0x0000000701d00000, 0x0000000701d00000| Untracked 
|  30|0x0000000701e00000, 0x0000000701e00000, 0x0000000701f00000|  0%| F|  |TAMS 0x0000000701e00000, 0x0000000701e00000| Untracked 
|  31|0x0000000701f00000, 0x0000000701f00000, 0x0000000702000000|  0%| F|  |TAMS 0x0000000701f00000, 0x0000000701f00000| Untracked 
|  32|0x0000000702000000, 0x0000000702000000, 0x0000000702100000|  0%| F|  |TAMS 0x0000000702000000, 0x0000000702000000| Untracked 
|  33|0x0000000702100000, 0x0000000702100000, 0x0000000702200000|  0%| F|  |TAMS 0x0000000702100000, 0x0000000702100000| Untracked 
|  34|0x0000000702200000, 0x0000000702200000, 0x0000000702300000|  0%| F|  |TAMS 0x0000000702200000, 0x0000000702200000| Untracked 
|  35|0x0000000702300000, 0x0000000702300000, 0x0000000702400000|  0%| F|  |TAMS 0x0000000702300000, 0x0000000702300000| Untracked 
|  36|0x0000000702400000, 0x0000000702400000, 0x0000000702500000|  0%| F|  |TAMS 0x0000000702400000, 0x0000000702400000| Untracked 
|  37|0x0000000702500000, 0x0000000702500000, 0x0000000702600000|  0%| F|  |TAMS 0x0000000702500000, 0x0000000702500000| Untracked 
|  38|0x0000000702600000, 0x0000000702600000, 0x0000000702700000|  0%| F|  |TAMS 0x0000000702600000, 0x0000000702600000| Untracked 
|  39|0x0000000702700000, 0x0000000702700000, 0x0000000702800000|  0%| F|  |TAMS 0x0000000702700000, 0x0000000702700000| Untracked 
|  40|0x0000000702800000, 0x0000000702800000, 0x0000000702900000|  0%| F|  |TAMS 0x0000000702800000, 0x0000000702800000| Untracked 
|  41|0x0000000702900000, 0x0000000702900000, 0x0000000702a00000|  0%| F|  |TAMS 0x0000000702900000, 0x0000000702900000| Untracked 
|  42|0x0000000702a00000, 0x0000000702a00000, 0x0000000702b00000|  0%| F|  |TAMS 0x0000000702a00000, 0x0000000702a00000| Untracked 
|  43|0x0000000702b00000, 0x0000000702b00000, 0x0000000702c00000|  0%| F|  |TAMS 0x0000000702b00000, 0x0000000702b00000| Untracked 
|  44|0x0000000702c00000, 0x0000000702c00000, 0x0000000702d00000|  0%| F|  |TAMS 0x0000000702c00000, 0x0000000702c00000| Untracked 
|  45|0x0000000702d00000, 0x0000000702d00000, 0x0000000702e00000|  0%| F|  |TAMS 0x0000000702d00000, 0x0000000702d00000| Untracked 
|  46|0x0000000702e00000, 0x0000000702e00000, 0x0000000702f00000|  0%| F|  |TAMS 0x0000000702e00000, 0x0000000702e00000| Untracked 
|  47|0x0000000702f00000, 0x0000000702f00000, 0x0000000703000000|  0%| F|  |TAMS 0x0000000702f00000, 0x0000000702f00000| Untracked 
|  48|0x0000000703000000, 0x0000000703000000, 0x0000000703100000|  0%| F|  |TAMS 0x0000000703000000, 0x0000000703000000| Untracked 
|  49|0x0000000703100000, 0x0000000703100000, 0x0000000703200000|  0%| F|  |TAMS 0x0000000703100000, 0x0000000703100000| Untracked 
|  50|0x0000000703200000, 0x0000000703200000, 0x0000000703300000|  0%| F|  |TAMS 0x0000000703200000, 0x0000000703200000| Untracked 
|  51|0x0000000703300000, 0x0000000703300000, 0x0000000703400000|  0%| F|  |TAMS 0x0000000703300000, 0x0000000703300000| Untracked 
|  52|0x0000000703400000, 0x0000000703400000, 0x0000000703500000|  0%| F|  |TAMS 0x0000000703400000, 0x0000000703400000| Untracked 
|  53|0x0000000703500000, 0x0000000703500000, 0x0000000703600000|  0%| F|  |TAMS 0x0000000703500000, 0x0000000703500000| Untracked 
|  54|0x0000000703600000, 0x0000000703600000, 0x0000000703700000|  0%| F|  |TAMS 0x0000000703600000, 0x0000000703600000| Untracked 
|  55|0x0000000703700000, 0x0000000703700000, 0x0000000703800000|  0%| F|  |TAMS 0x0000000703700000, 0x0000000703700000| Untracked 
|  56|0x0000000703800000, 0x0000000703800000, 0x0000000703900000|  0%| F|  |TAMS 0x0000000703800000, 0x0000000703800000| Untracked 
|  57|0x0000000703900000, 0x0000000703900000, 0x0000000703a00000|  0%| F|  |TAMS 0x0000000703900000, 0x0000000703900000| Untracked 
|  58|0x0000000703a00000, 0x0000000703a00000, 0x0000000703b00000|  0%| F|  |TAMS 0x0000000703a00000, 0x0000000703a00000| Untracked 
|  59|0x0000000703b00000, 0x0000000703b00000, 0x0000000703c00000|  0%| F|  |TAMS 0x0000000703b00000, 0x0000000703b00000| Untracked 
|  60|0x0000000703c00000, 0x0000000703c00000, 0x0000000703d00000|  0%| F|  |TAMS 0x0000000703c00000, 0x0000000703c00000| Untracked 
|  61|0x0000000703d00000, 0x0000000703d00000, 0x0000000703e00000|  0%| F|  |TAMS 0x0000000703d00000, 0x0000000703d00000| Untracked 
|  62|0x0000000703e00000, 0x0000000703e00000, 0x0000000703f00000|  0%| F|  |TAMS 0x0000000703e00000, 0x0000000703e00000| Untracked 
|  63|0x0000000703f00000, 0x0000000703f00000, 0x0000000704000000|  0%| F|  |TAMS 0x0000000703f00000, 0x0000000703f00000| Untracked 
|  64|0x0000000704000000, 0x0000000704000000, 0x0000000704100000|  0%| F|  |TAMS 0x0000000704000000, 0x0000000704000000| Untracked 
|  65|0x0000000704100000, 0x0000000704100000, 0x0000000704200000|  0%| F|  |TAMS 0x0000000704100000, 0x0000000704100000| Untracked 
|  66|0x0000000704200000, 0x0000000704200000, 0x0000000704300000|  0%| F|  |TAMS 0x0000000704200000, 0x0000000704200000| Untracked 
|  67|0x0000000704300000, 0x0000000704300000, 0x0000000704400000|  0%| F|  |TAMS 0x0000000704300000, 0x0000000704300000| Untracked 
|  68|0x0000000704400000, 0x0000000704400000, 0x0000000704500000|  0%| F|  |TAMS 0x0000000704400000, 0x0000000704400000| Untracked 
|  69|0x0000000704500000, 0x0000000704500000, 0x0000000704600000|  0%| F|  |TAMS 0x0000000704500000, 0x0000000704500000| Untracked 
|  70|0x0000000704600000, 0x0000000704600000, 0x0000000704700000|  0%| F|  |TAMS 0x0000000704600000, 0x0000000704600000| Untracked 
|  71|0x0000000704700000, 0x0000000704700000, 0x0000000704800000|  0%| F|  |TAMS 0x0000000704700000, 0x0000000704700000| Untracked 
|  72|0x0000000704800000, 0x0000000704800000, 0x0000000704900000|  0%| F|  |TAMS 0x0000000704800000, 0x0000000704800000| Untracked 
|  73|0x0000000704900000, 0x0000000704900000, 0x0000000704a00000|  0%| F|  |TAMS 0x0000000704900000, 0x0000000704900000| Untracked 
|  74|0x0000000704a00000, 0x0000000704a00000, 0x0000000704b00000|  0%| F|  |TAMS 0x0000000704a00000, 0x0000000704a00000| Untracked 
|  75|0x0000000704b00000, 0x0000000704b00000, 0x0000000704c00000|  0%| F|  |TAMS 0x0000000704b00000, 0x0000000704b00000| Untracked 
|  76|0x0000000704c00000, 0x0000000704c00000, 0x0000000704d00000|  0%| F|  |TAMS 0x0000000704c00000, 0x0000000704c00000| Untracked 
|  77|0x0000000704d00000, 0x0000000704d00000, 0x0000000704e00000|  0%| F|  |TAMS 0x0000000704d00000, 0x0000000704d00000| Untracked 
|  78|0x0000000704e00000, 0x0000000704e00000, 0x0000000704f00000|  0%| F|  |TAMS 0x0000000704e00000, 0x0000000704e00000| Untracked 
|  79|0x0000000704f00000, 0x0000000704f00000, 0x0000000705000000|  0%| F|  |TAMS 0x0000000704f00000, 0x0000000704f00000| Untracked 
|  80|0x0000000705000000, 0x0000000705000000, 0x0000000705100000|  0%| F|  |TAMS 0x0000000705000000, 0x0000000705000000| Untracked 
|  81|0x0000000705100000, 0x0000000705100000, 0x0000000705200000|  0%| F|  |TAMS 0x0000000705100000, 0x0000000705100000| Untracked 
|  82|0x0000000705200000, 0x0000000705200000, 0x0000000705300000|  0%| F|  |TAMS 0x0000000705200000, 0x0000000705200000| Untracked 
|  83|0x0000000705300000, 0x0000000705300000, 0x0000000705400000|  0%| F|  |TAMS 0x0000000705300000, 0x0000000705300000| Untracked 
|  84|0x0000000705400000, 0x0000000705400000, 0x0000000705500000|  0%| F|  |TAMS 0x0000000705400000, 0x0000000705400000| Untracked 
|  85|0x0000000705500000, 0x0000000705500000, 0x0000000705600000|  0%| F|  |TAMS 0x0000000705500000, 0x0000000705500000| Untracked 
|  86|0x0000000705600000, 0x0000000705600000, 0x0000000705700000|  0%| F|  |TAMS 0x0000000705600000, 0x0000000705600000| Untracked 
|  87|0x0000000705700000, 0x0000000705700000, 0x0000000705800000|  0%| F|  |TAMS 0x0000000705700000, 0x0000000705700000| Untracked 
|  88|0x0000000705800000, 0x0000000705800000, 0x0000000705900000|  0%| F|  |TAMS 0x0000000705800000, 0x0000000705800000| Untracked 
|  89|0x0000000705900000, 0x0000000705900000, 0x0000000705a00000|  0%| F|  |TAMS 0x0000000705900000, 0x0000000705900000| Untracked 
|  90|0x0000000705a00000, 0x0000000705a00000, 0x0000000705b00000|  0%| F|  |TAMS 0x0000000705a00000, 0x0000000705a00000| Untracked 
|  91|0x0000000705b00000, 0x0000000705b00000, 0x0000000705c00000|  0%| F|  |TAMS 0x0000000705b00000, 0x0000000705b00000| Untracked 
|  92|0x0000000705c00000, 0x0000000705c00000, 0x0000000705d00000|  0%| F|  |TAMS 0x0000000705c00000, 0x0000000705c00000| Untracked 
|  93|0x0000000705d00000, 0x0000000705d00000, 0x0000000705e00000|  0%| F|  |TAMS 0x0000000705d00000, 0x0000000705d00000| Untracked 
|  94|0x0000000705e00000, 0x0000000705e00000, 0x0000000705f00000|  0%| F|  |TAMS 0x0000000705e00000, 0x0000000705e00000| Untracked 
|  95|0x0000000705f00000, 0x0000000705f00000, 0x0000000706000000|  0%| F|  |TAMS 0x0000000705f00000, 0x0000000705f00000| Untracked 
|  96|0x0000000706000000, 0x0000000706000000, 0x0000000706100000|  0%| F|  |TAMS 0x0000000706000000, 0x0000000706000000| Untracked 
|  97|0x0000000706100000, 0x0000000706100000, 0x0000000706200000|  0%| F|  |TAMS 0x0000000706100000, 0x0000000706100000| Untracked 
|  98|0x0000000706200000, 0x0000000706200000, 0x0000000706300000|  0%| F|  |TAMS 0x0000000706200000, 0x0000000706200000| Untracked 
|  99|0x0000000706300000, 0x0000000706300000, 0x0000000706400000|  0%| F|  |TAMS 0x0000000706300000, 0x0000000706300000| Untracked 
| 100|0x0000000706400000, 0x0000000706400000, 0x0000000706500000|  0%| F|  |TAMS 0x0000000706400000, 0x0000000706400000| Untracked 
| 101|0x0000000706500000, 0x0000000706500000, 0x0000000706600000|  0%| F|  |TAMS 0x0000000706500000, 0x0000000706500000| Untracked 
| 102|0x0000000706600000, 0x0000000706600000, 0x0000000706700000|  0%| F|  |TAMS 0x0000000706600000, 0x0000000706600000| Untracked 
| 103|0x0000000706700000, 0x0000000706700000, 0x0000000706800000|  0%| F|  |TAMS 0x0000000706700000, 0x0000000706700000| Untracked 
| 104|0x0000000706800000, 0x0000000706800000, 0x0000000706900000|  0%| F|  |TAMS 0x0000000706800000, 0x0000000706800000| Untracked 
| 105|0x0000000706900000, 0x0000000706900000, 0x0000000706a00000|  0%| F|  |TAMS 0x0000000706900000, 0x0000000706900000| Untracked 
| 106|0x0000000706a00000, 0x0000000706a00000, 0x0000000706b00000|  0%| F|  |TAMS 0x0000000706a00000, 0x0000000706a00000| Untracked 
| 107|0x0000000706b00000, 0x0000000706b00000, 0x0000000706c00000|  0%| F|  |TAMS 0x0000000706b00000, 0x0000000706b00000| Untracked 
| 108|0x0000000706c00000, 0x0000000706c00000, 0x0000000706d00000|  0%| F|  |TAMS 0x0000000706c00000, 0x0000000706c00000| Untracked 
| 109|0x0000000706d00000, 0x0000000706d00000, 0x0000000706e00000|  0%| F|  |TAMS 0x0000000706d00000, 0x0000000706d00000| Untracked 
| 110|0x0000000706e00000, 0x0000000706e00000, 0x0000000706f00000|  0%| F|  |TAMS 0x0000000706e00000, 0x0000000706e00000| Untracked 
| 111|0x0000000706f00000, 0x0000000706f00000, 0x0000000707000000|  0%| F|  |TAMS 0x0000000706f00000, 0x0000000706f00000| Untracked 
| 112|0x0000000707000000, 0x0000000707000000, 0x0000000707100000|  0%| F|  |TAMS 0x0000000707000000, 0x0000000707000000| Untracked 
| 113|0x0000000707100000, 0x0000000707100000, 0x0000000707200000|  0%| F|  |TAMS 0x0000000707100000, 0x0000000707100000| Untracked 
| 114|0x0000000707200000, 0x0000000707200000, 0x0000000707300000|  0%| F|  |TAMS 0x0000000707200000, 0x0000000707200000| Untracked 
| 115|0x0000000707300000, 0x0000000707300000, 0x0000000707400000|  0%| F|  |TAMS 0x0000000707300000, 0x0000000707300000| Untracked 
| 116|0x0000000707400000, 0x0000000707400000, 0x0000000707500000|  0%| F|  |TAMS 0x0000000707400000, 0x0000000707400000| Untracked 
| 117|0x0000000707500000, 0x0000000707500000, 0x0000000707600000|  0%| F|  |TAMS 0x0000000707500000, 0x0000000707500000| Untracked 
| 118|0x0000000707600000, 0x0000000707600000, 0x0000000707700000|  0%| F|  |TAMS 0x0000000707600000, 0x0000000707600000| Untracked 
| 119|0x0000000707700000, 0x0000000707700000, 0x0000000707800000|  0%| F|  |TAMS 0x0000000707700000, 0x0000000707700000| Untracked 
| 120|0x0000000707800000, 0x0000000707800000, 0x0000000707900000|  0%| F|  |TAMS 0x0000000707800000, 0x0000000707800000| Untracked 
| 121|0x0000000707900000, 0x0000000707900000, 0x0000000707a00000|  0%| F|  |TAMS 0x0000000707900000, 0x0000000707900000| Untracked 
| 122|0x0000000707a00000, 0x0000000707a00000, 0x0000000707b00000|  0%| F|  |TAMS 0x0000000707a00000, 0x0000000707a00000| Untracked 
| 123|0x0000000707b00000, 0x0000000707b00000, 0x0000000707c00000|  0%| F|  |TAMS 0x0000000707b00000, 0x0000000707b00000| Untracked 
| 124|0x0000000707c00000, 0x0000000707c00000, 0x0000000707d00000|  0%| F|  |TAMS 0x0000000707c00000, 0x0000000707c00000| Untracked 
| 125|0x0000000707d00000, 0x0000000707d00000, 0x0000000707e00000|  0%| F|  |TAMS 0x0000000707d00000, 0x0000000707d00000| Untracked 
| 126|0x0000000707e00000, 0x0000000707e00000, 0x0000000707f00000|  0%| F|  |TAMS 0x0000000707e00000, 0x0000000707e00000| Untracked 
| 127|0x0000000707f00000, 0x0000000707f00000, 0x0000000708000000|  0%| F|  |TAMS 0x0000000707f00000, 0x0000000707f00000| Untracked 
| 128|0x0000000708000000, 0x0000000708000000, 0x0000000708100000|  0%| F|  |TAMS 0x0000000708000000, 0x0000000708000000| Untracked 
| 129|0x0000000708100000, 0x0000000708100000, 0x0000000708200000|  0%| F|  |TAMS 0x0000000708100000, 0x0000000708100000| Untracked 
| 130|0x0000000708200000, 0x0000000708200000, 0x0000000708300000|  0%| F|  |TAMS 0x0000000708200000, 0x0000000708200000| Untracked 
| 131|0x0000000708300000, 0x0000000708300000, 0x0000000708400000|  0%| F|  |TAMS 0x0000000708300000, 0x0000000708300000| Untracked 
| 132|0x0000000708400000, 0x0000000708400000, 0x0000000708500000|  0%| F|  |TAMS 0x0000000708400000, 0x0000000708400000| Untracked 
| 133|0x0000000708500000, 0x0000000708500000, 0x0000000708600000|  0%| F|  |TAMS 0x0000000708500000, 0x0000000708500000| Untracked 
| 134|0x0000000708600000, 0x0000000708600000, 0x0000000708700000|  0%| F|  |TAMS 0x0000000708600000, 0x0000000708600000| Untracked 
| 135|0x0000000708700000, 0x0000000708700000, 0x0000000708800000|  0%| F|  |TAMS 0x0000000708700000, 0x0000000708700000| Untracked 
| 136|0x0000000708800000, 0x0000000708800000, 0x0000000708900000|  0%| F|  |TAMS 0x0000000708800000, 0x0000000708800000| Untracked 
| 137|0x0000000708900000, 0x0000000708900000, 0x0000000708a00000|  0%| F|  |TAMS 0x0000000708900000, 0x0000000708900000| Untracked 
| 138|0x0000000708a00000, 0x0000000708a00000, 0x0000000708b00000|  0%| F|  |TAMS 0x0000000708a00000, 0x0000000708a00000| Untracked 
| 139|0x0000000708b00000, 0x0000000708b00000, 0x0000000708c00000|  0%| F|  |TAMS 0x0000000708b00000, 0x0000000708b00000| Untracked 
| 140|0x0000000708c00000, 0x0000000708c00000, 0x0000000708d00000|  0%| F|  |TAMS 0x0000000708c00000, 0x0000000708c00000| Untracked 
| 141|0x0000000708d00000, 0x0000000708d00000, 0x0000000708e00000|  0%| F|  |TAMS 0x0000000708d00000, 0x0000000708d00000| Untracked 
| 142|0x0000000708e00000, 0x0000000708e00000, 0x0000000708f00000|  0%| F|  |TAMS 0x0000000708e00000, 0x0000000708e00000| Untracked 
| 143|0x0000000708f00000, 0x0000000708f00000, 0x0000000709000000|  0%| F|  |TAMS 0x0000000708f00000, 0x0000000708f00000| Untracked 
| 144|0x0000000709000000, 0x0000000709000000, 0x0000000709100000|  0%| F|  |TAMS 0x0000000709000000, 0x0000000709000000| Untracked 
| 145|0x0000000709100000, 0x0000000709100000, 0x0000000709200000|  0%| F|  |TAMS 0x0000000709100000, 0x0000000709100000| Untracked 
| 146|0x0000000709200000, 0x0000000709200000, 0x0000000709300000|  0%| F|  |TAMS 0x0000000709200000, 0x0000000709200000| Untracked 
| 147|0x0000000709300000, 0x0000000709300000, 0x0000000709400000|  0%| F|  |TAMS 0x0000000709300000, 0x0000000709300000| Untracked 
| 148|0x0000000709400000, 0x0000000709400000, 0x0000000709500000|  0%| F|  |TAMS 0x0000000709400000, 0x0000000709400000| Untracked 
| 149|0x0000000709500000, 0x0000000709500000, 0x0000000709600000|  0%| F|  |TAMS 0x0000000709500000, 0x0000000709500000| Untracked 
| 150|0x0000000709600000, 0x0000000709600000, 0x0000000709700000|  0%| F|  |TAMS 0x0000000709600000, 0x0000000709600000| Untracked 
| 151|0x0000000709700000, 0x0000000709700000, 0x0000000709800000|  0%| F|  |TAMS 0x0000000709700000, 0x0000000709700000| Untracked 
| 152|0x0000000709800000, 0x0000000709800000, 0x0000000709900000|  0%| F|  |TAMS 0x0000000709800000, 0x0000000709800000| Untracked 
| 153|0x0000000709900000, 0x0000000709900000, 0x0000000709a00000|  0%| F|  |TAMS 0x0000000709900000, 0x0000000709900000| Untracked 
| 154|0x0000000709a00000, 0x0000000709a00000, 0x0000000709b00000|  0%| F|  |TAMS 0x0000000709a00000, 0x0000000709a00000| Untracked 
| 155|0x0000000709b00000, 0x0000000709b00000, 0x0000000709c00000|  0%| F|  |TAMS 0x0000000709b00000, 0x0000000709b00000| Untracked 
| 156|0x0000000709c00000, 0x0000000709c00000, 0x0000000709d00000|  0%| F|  |TAMS 0x0000000709c00000, 0x0000000709c00000| Untracked 
| 157|0x0000000709d00000, 0x0000000709d00000, 0x0000000709e00000|  0%| F|  |TAMS 0x0000000709d00000, 0x0000000709d00000| Untracked 
| 158|0x0000000709e00000, 0x0000000709e00000, 0x0000000709f00000|  0%| F|  |TAMS 0x0000000709e00000, 0x0000000709e00000| Untracked 
| 159|0x0000000709f00000, 0x0000000709f00000, 0x000000070a000000|  0%| F|  |TAMS 0x0000000709f00000, 0x0000000709f00000| Untracked 
| 160|0x000000070a000000, 0x000000070a000000, 0x000000070a100000|  0%| F|  |TAMS 0x000000070a000000, 0x000000070a000000| Untracked 
| 161|0x000000070a100000, 0x000000070a100000, 0x000000070a200000|  0%| F|  |TAMS 0x000000070a100000, 0x000000070a100000| Untracked 
| 162|0x000000070a200000, 0x000000070a200000, 0x000000070a300000|  0%| F|  |TAMS 0x000000070a200000, 0x000000070a200000| Untracked 
| 163|0x000000070a300000, 0x000000070a300000, 0x000000070a400000|  0%| F|  |TAMS 0x000000070a300000, 0x000000070a300000| Untracked 
| 164|0x000000070a400000, 0x000000070a400000, 0x000000070a500000|  0%| F|  |TAMS 0x000000070a400000, 0x000000070a400000| Untracked 
| 165|0x000000070a500000, 0x000000070a500000, 0x000000070a600000|  0%| F|  |TAMS 0x000000070a500000, 0x000000070a500000| Untracked 
| 166|0x000000070a600000, 0x000000070a600000, 0x000000070a700000|  0%| F|  |TAMS 0x000000070a600000, 0x000000070a600000| Untracked 
| 167|0x000000070a700000, 0x000000070a700000, 0x000000070a800000|  0%| F|  |TAMS 0x000000070a700000, 0x000000070a700000| Untracked 
| 168|0x000000070a800000, 0x000000070a800000, 0x000000070a900000|  0%| F|  |TAMS 0x000000070a800000, 0x000000070a800000| Untracked 
| 169|0x000000070a900000, 0x000000070a900000, 0x000000070aa00000|  0%| F|  |TAMS 0x000000070a900000, 0x000000070a900000| Untracked 
| 170|0x000000070aa00000, 0x000000070aa00000, 0x000000070ab00000|  0%| F|  |TAMS 0x000000070aa00000, 0x000000070aa00000| Untracked 
| 171|0x000000070ab00000, 0x000000070ab00000, 0x000000070ac00000|  0%| F|  |TAMS 0x000000070ab00000, 0x000000070ab00000| Untracked 
| 172|0x000000070ac00000, 0x000000070ac00000, 0x000000070ad00000|  0%| F|  |TAMS 0x000000070ac00000, 0x000000070ac00000| Untracked 
| 173|0x000000070ad00000, 0x000000070ad00000, 0x000000070ae00000|  0%| F|  |TAMS 0x000000070ad00000, 0x000000070ad00000| Untracked 
| 174|0x000000070ae00000, 0x000000070ae00000, 0x000000070af00000|  0%| F|  |TAMS 0x000000070ae00000, 0x000000070ae00000| Untracked 
| 175|0x000000070af00000, 0x000000070af00000, 0x000000070b000000|  0%| F|  |TAMS 0x000000070af00000, 0x000000070af00000| Untracked 
| 176|0x000000070b000000, 0x000000070b000000, 0x000000070b100000|  0%| F|  |TAMS 0x000000070b000000, 0x000000070b000000| Untracked 
| 177|0x000000070b100000, 0x000000070b100000, 0x000000070b200000|  0%| F|  |TAMS 0x000000070b100000, 0x000000070b100000| Untracked 
| 178|0x000000070b200000, 0x000000070b200000, 0x000000070b300000|  0%| F|  |TAMS 0x000000070b200000, 0x000000070b200000| Untracked 
| 179|0x000000070b300000, 0x000000070b300000, 0x000000070b400000|  0%| F|  |TAMS 0x000000070b300000, 0x000000070b300000| Untracked 
| 180|0x000000070b400000, 0x000000070b400000, 0x000000070b500000|  0%| F|  |TAMS 0x000000070b400000, 0x000000070b400000| Untracked 
| 181|0x000000070b500000, 0x000000070b500000, 0x000000070b600000|  0%| F|  |TAMS 0x000000070b500000, 0x000000070b500000| Untracked 
| 182|0x000000070b600000, 0x000000070b680800, 0x000000070b700000| 50%| E|  |TAMS 0x000000070b600000, 0x000000070b600000| Complete 
| 183|0x000000070b700000, 0x000000070b800000, 0x000000070b800000|100%| E|CS|TAMS 0x000000070b700000, 0x000000070b700000| Complete 
| 184|0x000000070b800000, 0x000000070b900000, 0x000000070b900000|100%| E|CS|TAMS 0x000000070b800000, 0x000000070b800000| Complete 
| 185|0x000000070b900000, 0x000000070ba00000, 0x000000070ba00000|100%| E|CS|TAMS 0x000000070b900000, 0x000000070b900000| Complete 
| 186|0x000000070ba00000, 0x000000070bb00000, 0x000000070bb00000|100%| E|CS|TAMS 0x000000070ba00000, 0x000000070ba00000| Complete 
| 187|0x000000070bb00000, 0x000000070bc00000, 0x000000070bc00000|100%| E|CS|TAMS 0x000000070bb00000, 0x000000070bb00000| Complete 
| 188|0x000000070bc00000, 0x000000070bd00000, 0x000000070bd00000|100%| E|CS|TAMS 0x000000070bc00000, 0x000000070bc00000| Complete 
| 189|0x000000070bd00000, 0x000000070be00000, 0x000000070be00000|100%| E|CS|TAMS 0x000000070bd00000, 0x000000070bd00000| Complete 
| 190|0x000000070be00000, 0x000000070bf00000, 0x000000070bf00000|100%| E|CS|TAMS 0x000000070be00000, 0x000000070be00000| Complete 
| 191|0x000000070bf00000, 0x000000070c000000, 0x000000070c000000|100%| E|CS|TAMS 0x000000070bf00000, 0x000000070bf00000| Complete 
| 192|0x000000070c000000, 0x000000070c100000, 0x000000070c100000|100%| E|CS|TAMS 0x000000070c000000, 0x000000070c000000| Complete 
| 193|0x000000070c100000, 0x000000070c200000, 0x000000070c200000|100%| E|CS|TAMS 0x000000070c100000, 0x000000070c100000| Complete 
| 194|0x000000070c200000, 0x000000070c300000, 0x000000070c300000|100%| E|CS|TAMS 0x000000070c200000, 0x000000070c200000| Complete 
| 195|0x000000070c300000, 0x000000070c400000, 0x000000070c400000|100%| E|CS|TAMS 0x000000070c300000, 0x000000070c300000| Complete 
| 196|0x000000070c400000, 0x000000070c500000, 0x000000070c500000|100%| E|CS|TAMS 0x000000070c400000, 0x000000070c400000| Complete 
| 197|0x000000070c500000, 0x000000070c600000, 0x000000070c600000|100%| E|CS|TAMS 0x000000070c500000, 0x000000070c500000| Complete 
| 198|0x000000070c600000, 0x000000070c700000, 0x000000070c700000|100%| E|CS|TAMS 0x000000070c600000, 0x000000070c600000| Complete 
| 199|0x000000070c700000, 0x000000070c800000, 0x000000070c800000|100%| E|CS|TAMS 0x000000070c700000, 0x000000070c700000| Complete 
| 200|0x000000070c800000, 0x000000070c900000, 0x000000070c900000|100%| E|CS|TAMS 0x000000070c800000, 0x000000070c800000| Complete 
| 201|0x000000070c900000, 0x000000070ca00000, 0x000000070ca00000|100%| E|CS|TAMS 0x000000070c900000, 0x000000070c900000| Complete 
| 202|0x000000070ca00000, 0x000000070cb00000, 0x000000070cb00000|100%| E|CS|TAMS 0x000000070ca00000, 0x000000070ca00000| Complete 
| 203|0x000000070cb00000, 0x000000070cc00000, 0x000000070cc00000|100%| E|CS|TAMS 0x000000070cb00000, 0x000000070cb00000| Complete 
| 204|0x000000070cc00000, 0x000000070cd00000, 0x000000070cd00000|100%| E|CS|TAMS 0x000000070cc00000, 0x000000070cc00000| Complete 
| 205|0x000000070cd00000, 0x000000070ce00000, 0x000000070ce00000|100%| E|CS|TAMS 0x000000070cd00000, 0x000000070cd00000| Complete 
| 206|0x000000070ce00000, 0x000000070cf00000, 0x000000070cf00000|100%| E|CS|TAMS 0x000000070ce00000, 0x000000070ce00000| Complete 
| 207|0x000000070cf00000, 0x000000070d000000, 0x000000070d000000|100%| E|CS|TAMS 0x000000070cf00000, 0x000000070cf00000| Complete 
| 208|0x000000070d000000, 0x000000070d100000, 0x000000070d100000|100%| E|CS|TAMS 0x000000070d000000, 0x000000070d000000| Complete 
| 209|0x000000070d100000, 0x000000070d200000, 0x000000070d200000|100%| E|CS|TAMS 0x000000070d100000, 0x000000070d100000| Complete 
| 210|0x000000070d200000, 0x000000070d300000, 0x000000070d300000|100%| E|CS|TAMS 0x000000070d200000, 0x000000070d200000| Complete 
| 211|0x000000070d300000, 0x000000070d400000, 0x000000070d400000|100%| E|CS|TAMS 0x000000070d300000, 0x000000070d300000| Complete 
| 212|0x000000070d400000, 0x000000070d500000, 0x000000070d500000|100%| E|CS|TAMS 0x000000070d400000, 0x000000070d400000| Complete 
| 213|0x000000070d500000, 0x000000070d600000, 0x000000070d600000|100%| E|CS|TAMS 0x000000070d500000, 0x000000070d500000| Complete 
| 214|0x000000070d600000, 0x000000070d700000, 0x000000070d700000|100%| E|CS|TAMS 0x000000070d600000, 0x000000070d600000| Complete 
| 215|0x000000070d700000, 0x000000070d800000, 0x000000070d800000|100%| E|CS|TAMS 0x000000070d700000, 0x000000070d700000| Complete 
| 216|0x000000070d800000, 0x000000070d900000, 0x000000070d900000|100%| E|CS|TAMS 0x000000070d800000, 0x000000070d800000| Complete 
| 217|0x000000070d900000, 0x000000070da00000, 0x000000070da00000|100%| E|CS|TAMS 0x000000070d900000, 0x000000070d900000| Complete 
| 218|0x000000070da00000, 0x000000070db00000, 0x000000070db00000|100%| E|CS|TAMS 0x000000070da00000, 0x000000070da00000| Complete 
| 219|0x000000070db00000, 0x000000070dc00000, 0x000000070dc00000|100%| E|CS|TAMS 0x000000070db00000, 0x000000070db00000| Complete 
| 220|0x000000070dc00000, 0x000000070dd00000, 0x000000070dd00000|100%| E|CS|TAMS 0x000000070dc00000, 0x000000070dc00000| Complete 
| 221|0x000000070dd00000, 0x000000070de00000, 0x000000070de00000|100%| E|CS|TAMS 0x000000070dd00000, 0x000000070dd00000| Complete 
| 222|0x000000070de00000, 0x000000070df00000, 0x000000070df00000|100%| E|CS|TAMS 0x000000070de00000, 0x000000070de00000| Complete 
| 223|0x000000070df00000, 0x000000070e000000, 0x000000070e000000|100%| E|CS|TAMS 0x000000070df00000, 0x000000070df00000| Complete 
| 224|0x000000070e000000, 0x000000070e100000, 0x000000070e100000|100%| E|CS|TAMS 0x000000070e000000, 0x000000070e000000| Complete 
| 225|0x000000070e100000, 0x000000070e200000, 0x000000070e200000|100%| E|CS|TAMS 0x000000070e100000, 0x000000070e100000| Complete 
| 226|0x000000070e200000, 0x000000070e300000, 0x000000070e300000|100%| E|CS|TAMS 0x000000070e200000, 0x000000070e200000| Complete 
| 227|0x000000070e300000, 0x000000070e400000, 0x000000070e400000|100%| E|CS|TAMS 0x000000070e300000, 0x000000070e300000| Complete 
| 228|0x000000070e400000, 0x000000070e500000, 0x000000070e500000|100%| E|CS|TAMS 0x000000070e400000, 0x000000070e400000| Complete 
| 229|0x000000070e500000, 0x000000070e600000, 0x000000070e600000|100%| E|CS|TAMS 0x000000070e500000, 0x000000070e500000| Complete 
| 230|0x000000070e600000, 0x000000070e700000, 0x000000070e700000|100%| E|CS|TAMS 0x000000070e600000, 0x000000070e600000| Complete 
| 231|0x000000070e700000, 0x000000070e800000, 0x000000070e800000|100%| E|CS|TAMS 0x000000070e700000, 0x000000070e700000| Complete 
| 232|0x000000070e800000, 0x000000070e900000, 0x000000070e900000|100%| E|CS|TAMS 0x000000070e800000, 0x000000070e800000| Complete 
| 233|0x000000070e900000, 0x000000070e9be810, 0x000000070ea00000| 74%| S|CS|TAMS 0x000000070e900000, 0x000000070e900000| Complete 
| 234|0x000000070ea00000, 0x000000070eb00000, 0x000000070eb00000|100%| E|CS|TAMS 0x000000070ea00000, 0x000000070ea00000| Complete 
| 235|0x000000070eb00000, 0x000000070ec00000, 0x000000070ec00000|100%| E|CS|TAMS 0x000000070eb00000, 0x000000070eb00000| Complete 
| 236|0x000000070ec00000, 0x000000070ed00000, 0x000000070ed00000|100%| E|CS|TAMS 0x000000070ec00000, 0x000000070ec00000| Complete 
| 237|0x000000070ed00000, 0x000000070ee00000, 0x000000070ee00000|100%| E|CS|TAMS 0x000000070ed00000, 0x000000070ed00000| Complete 
| 238|0x000000070ee00000, 0x000000070ef00000, 0x000000070ef00000|100%| E|CS|TAMS 0x000000070ee00000, 0x000000070ee00000| Complete 
| 239|0x000000070ef00000, 0x000000070f000000, 0x000000070f000000|100%| E|CS|TAMS 0x000000070ef00000, 0x000000070ef00000| Complete 
| 240|0x000000070f000000, 0x000000070f100000, 0x000000070f100000|100%| E|CS|TAMS 0x000000070f000000, 0x000000070f000000| Complete 
| 241|0x000000070f100000, 0x000000070f200000, 0x000000070f200000|100%| E|CS|TAMS 0x000000070f100000, 0x000000070f100000| Complete 
| 242|0x000000070f200000, 0x000000070f300000, 0x000000070f300000|100%| E|CS|TAMS 0x000000070f200000, 0x000000070f200000| Complete 
| 243|0x000000070f300000, 0x000000070f400000, 0x000000070f400000|100%| E|CS|TAMS 0x000000070f300000, 0x000000070f300000| Complete 
| 244|0x000000070f400000, 0x000000070f500000, 0x000000070f500000|100%| E|CS|TAMS 0x000000070f400000, 0x000000070f400000| Complete 
| 245|0x000000070f500000, 0x000000070f600000, 0x000000070f600000|100%| E|CS|TAMS 0x000000070f500000, 0x000000070f500000| Complete 
| 246|0x000000070f600000, 0x000000070f700000, 0x000000070f700000|100%| E|CS|TAMS 0x000000070f600000, 0x000000070f600000| Complete 
| 247|0x000000070f700000, 0x000000070f800000, 0x000000070f800000|100%| E|CS|TAMS 0x000000070f700000, 0x000000070f700000| Complete 
| 248|0x000000070f800000, 0x000000070f900000, 0x000000070f900000|100%| E|CS|TAMS 0x000000070f800000, 0x000000070f800000| Complete 
| 249|0x000000070f900000, 0x000000070fa00000, 0x000000070fa00000|100%| E|CS|TAMS 0x000000070f900000, 0x000000070f900000| Complete 
| 250|0x000000070fa00000, 0x000000070fb00000, 0x000000070fb00000|100%| E|CS|TAMS 0x000000070fa00000, 0x000000070fa00000| Complete 
| 251|0x000000070fb00000, 0x000000070fc00000, 0x000000070fc00000|100%| E|CS|TAMS 0x000000070fb00000, 0x000000070fb00000| Complete 
| 252|0x000000070fc00000, 0x000000070fd00000, 0x000000070fd00000|100%| E|CS|TAMS 0x000000070fc00000, 0x000000070fc00000| Complete 
| 253|0x000000070fd00000, 0x000000070fe00000, 0x000000070fe00000|100%| E|CS|TAMS 0x000000070fd00000, 0x000000070fd00000| Complete 
| 254|0x000000070fe00000, 0x000000070ff00000, 0x000000070ff00000|100%| E|CS|TAMS 0x000000070fe00000, 0x000000070fe00000| Complete 
| 255|0x000000070ff00000, 0x0000000710000000, 0x0000000710000000|100%| E|CS|TAMS 0x000000070ff00000, 0x000000070ff00000| Complete 
|3070|0x00000007bfe00000, 0x00000007bfe51000, 0x00000007bff00000| 31%|OA|  |TAMS 0x00000007bfe00000, 0x00000007bfe00000| Untracked 
|3071|0x00000007bff00000, 0x00000007bff7b000, 0x00000007c0000000| 48%|CA|  |TAMS 0x00000007bff00000, 0x00000007bff00000| Untracked 

Card table byte_map: [0x000000010f624000,0x000000010fe24000] _byte_map_base: 0x000000010be24000

Marking Bits (Prev, Next): (CMBitMap*) 0x00007fb75f816e18, (CMBitMap*) 0x00007fb75f816e58
 Prev Bits: [0x000000012a2b7000, 0x000000012e2b7000)
 Next Bits: [0x000000012e2b7000, 0x00000001322b7000)

Polling page: 0x000000010d5ed000

Metaspace:

Usage:
  Non-class:     11.20 MB capacity,    10.84 MB ( 97%) used,   313.16 KB (  3%) free+waste,    55.50 KB ( <1%) overhead. 
      Class:      1.77 MB capacity,     1.54 MB ( 87%) used,   207.75 KB ( 11%) free+waste,    28.44 KB (  2%) overhead. 
       Both:     12.97 MB capacity,    12.38 MB ( 95%) used,   520.91 KB (  4%) free+waste,    83.94 KB ( <1%) overhead. 

Virtual space:
  Non-class space:       12.00 MB reserved,      11.25 MB ( 94%) committed 
      Class space:        1.00 GB reserved,       1.88 MB ( <1%) committed 
             Both:        1.01 GB reserved,      13.12 MB (  1%) committed 

Chunk freelists:
   Non-Class:  4.00 KB
       Class:  0 bytes
        Both:  4.00 KB

MaxMetaspaceSize: unlimited
CompressedClassSpaceSize: 1.00 GB

CodeHeap 'non-profiled nmethods': size=120032Kb used=829Kb max_used=829Kb free=119202Kb
 bounds [0x0000000122d7f000, 0x0000000122fef000, 0x000000012a2b7000]
CodeHeap 'profiled nmethods': size=120028Kb used=3745Kb max_used=3745Kb free=116282Kb
 bounds [0x000000011b848000, 0x000000011bbf8000, 0x0000000122d7f000]
CodeHeap 'non-nmethods': size=5700Kb used=1304Kb max_used=1370Kb free=4396Kb
 bounds [0x000000011b2b7000, 0x000000011b527000, 0x000000011b848000]
 total_blobs=2302 nmethods=1799 adapters=416
 compilation: enabled
              stopped_count=0, restarted_count=0
 full_count=0

Compilation events (20 events):
Event: 1.564 Thread 0x00007fb75f88b800 nmethod 1790 0x000000011bbecc10 code [0x000000011bbecda0, 0x000000011bbecf00]
Event: 1.564 Thread 0x00007fb75f88b800 1793       3       java.util.LinkedHashMap::valuesToArray (38 bytes)
Event: 1.564 Thread 0x00007fb75f88b800 nmethod 1793 0x000000011bbecf90 code [0x000000011bbed140, 0x000000011bbed4f0]
Event: 1.564 Thread 0x00007fb75f88b800 1792       3       org.junit.platform.commons.util.Preconditions::notNull (15 bytes)
Event: 1.565 Thread 0x00007fb75f88b800 nmethod 1792 0x000000011bbed690 code [0x000000011bbed840, 0x000000011bbedb00]
Event: 1.565 Thread 0x00007fb75f88b800 1791       3       java.util.stream.Sink$ChainedReference::<init> (16 bytes)
Event: 1.565 Thread 0x00007fb75f88b800 nmethod 1791 0x000000011bbedc90 code [0x000000011bbede60, 0x000000011bbee2c0]
Event: 1.565 Thread 0x00007fb76114b000 1794       4       java.lang.String::replace (42 bytes)
Event: 1.575 Thread 0x00007fb75f88b800 1795       3       java.util.stream.ReferencePipeline$StatelessOp::<init> (29 bytes)
Event: 1.575 Thread 0x00007fb75f88b800 nmethod 1795 0x000000011bbee410 code [0x000000011bbee5c0, 0x000000011bbee7a0]
Event: 1.575 Thread 0x00007fb75f88b800 1796       3       java.util.stream.Sink$ChainedReference::end (10 bytes)
Event: 1.575 Thread 0x00007fb75f88b800 nmethod 1796 0x000000011bbee890 code [0x000000011bbeea20, 0x000000011bbeec20]
Event: 1.577 Thread 0x00007fb75f88a800 nmethod 1776 0x0000000122e4b090 code [0x0000000122e4b3e0, 0x0000000122e4ce08]
Event: 1.583 Thread 0x00007fb76114b000 nmethod 1794 0x0000000122e4db90 code [0x0000000122e4dd80, 0x0000000122e4e458]
Event: 60.907 Thread 0x00007fb75f88b800 1797   !   3       java.lang.ref.ReferenceQueue::remove (125 bytes)
Event: 60.908 Thread 0x00007fb75f88b800 nmethod 1797 0x000000011bbeed10 code [0x000000011bbeef20, 0x000000011bbef850]
Event: 120.908 Thread 0x00007fb75f88b800 1798   !   3       jdk.internal.ref.PhantomCleanable::isListEmpty (34 bytes)
Event: 120.908 Thread 0x00007fb75f88b800 nmethod 1798 0x000000011bbefc10 code [0x000000011bbefdc0, 0x000000011bbf0110]
Event: 120.909 Thread 0x00007fb75f88b800 1799       3       jdk.internal.misc.InnocuousThread::eraseThreadLocals (23 bytes)
Event: 120.909 Thread 0x00007fb75f88b800 nmethod 1799 0x000000011bbf0290 code [0x000000011bbf0420, 0x000000011bbf0630]

GC Heap History (4 events):
Event: 0.593 GC heap before
{Heap before GC invocations=0 (full 0):
 garbage-first heap   total 264192K, used 13104K [0x0000000700000000, 0x0000000800000000)
  region size 1024K, 13 young (13312K), 0 survivors (0K)
 Metaspace       used 3759K, capacity 5260K, committed 5376K, reserved 1056768K
  class space    used 362K, capacity 496K, committed 512K, reserved 1048576K
}
Event: 0.596 GC heap after
{Heap after GC invocations=1 (full 0):
 garbage-first heap   total 264192K, used 2872K [0x0000000700000000, 0x0000000800000000)
  region size 1024K, 2 young (2048K), 2 survivors (2048K)
 Metaspace       used 3759K, capacity 5260K, committed 5376K, reserved 1056768K
  class space    used 362K, capacity 496K, committed 512K, reserved 1048576K
}
Event: 0.892 GC heap before
{Heap before GC invocations=1 (full 0):
 garbage-first heap   total 264192K, used 23352K [0x0000000700000000, 0x0000000800000000)
  region size 1024K, 22 young (22528K), 2 survivors (2048K)
 Metaspace       used 6158K, capacity 7091K, committed 7296K, reserved 1056768K
  class space    used 706K, capacity 853K, committed 896K, reserved 1048576K
}
Event: 0.896 GC heap after
{Heap after GC invocations=2 (full 0):
 garbage-first heap   total 264192K, used 3803K [0x0000000700000000, 0x0000000800000000)
  region size 1024K, 1 young (1024K), 1 survivors (1024K)
 Metaspace       used 6158K, capacity 7091K, committed 7296K, reserved 1056768K
  class space    used 706K, capacity 853K, committed 896K, reserved 1048576K
}

Deoptimization events (20 events):
Event: 1.497 Thread 0x00007fb76100b000 Uncommon trap: trap_request=0xffffffde fr.pc=0x0000000122df2d78 relative=0x0000000000001818
Event: 1.497 Thread 0x00007fb76100b000 Uncommon trap: reason=class_check action=maybe_recompile pc=0x0000000122df2d78 method=java.util.HashMap.putVal(ILjava/lang/Object;Ljava/lang/Object;ZZ)Ljava/lang/Object; @ 203 c2
Event: 1.497 Thread 0x00007fb76100b000 DEOPT PACKING pc=0x0000000122df2d78 sp=0x000070000af59090
Event: 1.497 Thread 0x00007fb76100b000 DEOPT UNPACKING pc=0x000000011b2ffe25 sp=0x000070000af59018 mode 2
Event: 1.552 Thread 0x00007fb76100b000 Uncommon trap: trap_request=0xffffffc6 fr.pc=0x0000000122e492b4 relative=0x0000000000001834
Event: 1.553 Thread 0x00007fb76100b000 Uncommon trap: reason=bimorphic_or_optimized_type_check action=maybe_recompile pc=0x0000000122e492b4 method=java.util.HashMap.putVal(ILjava/lang/Object;Ljava/lang/Object;ZZ)Ljava/lang/Object; @ 91 c2
Event: 1.553 Thread 0x00007fb76100b000 DEOPT PACKING pc=0x0000000122e492b4 sp=0x000070000af5a620
Event: 1.553 Thread 0x00007fb76100b000 DEOPT UNPACKING pc=0x000000011b2ffe25 sp=0x000070000af5a5a8 mode 2
Event: 1.553 Thread 0x00007fb76100b000 Uncommon trap: trap_request=0xffffffc6 fr.pc=0x0000000122e492b4 relative=0x0000000000001834
Event: 1.553 Thread 0x00007fb76100b000 Uncommon trap: reason=bimorphic_or_optimized_type_check action=maybe_recompile pc=0x0000000122e492b4 method=java.util.HashMap.putVal(ILjava/lang/Object;Ljava/lang/Object;ZZ)Ljava/lang/Object; @ 91 c2
Event: 1.553 Thread 0x00007fb76100b000 DEOPT PACKING pc=0x0000000122e492b4 sp=0x000070000af5a620
Event: 1.553 Thread 0x00007fb76100b000 DEOPT UNPACKING pc=0x000000011b2ffe25 sp=0x000070000af5a5a8 mode 2
Event: 1.553 Thread 0x00007fb76100b000 Uncommon trap: trap_request=0xffffffc6 fr.pc=0x0000000122e492b4 relative=0x0000000000001834
Event: 1.553 Thread 0x00007fb76100b000 Uncommon trap: reason=bimorphic_or_optimized_type_check action=maybe_recompile pc=0x0000000122e492b4 method=java.util.HashMap.putVal(ILjava/lang/Object;Ljava/lang/Object;ZZ)Ljava/lang/Object; @ 91 c2
Event: 1.553 Thread 0x00007fb76100b000 DEOPT PACKING pc=0x0000000122e492b4 sp=0x000070000af5a620
Event: 1.553 Thread 0x00007fb76100b000 DEOPT UNPACKING pc=0x000000011b2ffe25 sp=0x000070000af5a5a8 mode 2
Event: 1.553 Thread 0x00007fb76100b000 Uncommon trap: trap_request=0xffffffc6 fr.pc=0x0000000122e492b4 relative=0x0000000000001834
Event: 1.553 Thread 0x00007fb76100b000 Uncommon trap: reason=bimorphic_or_optimized_type_check action=maybe_recompile pc=0x0000000122e492b4 method=java.util.HashMap.putVal(ILjava/lang/Object;Ljava/lang/Object;ZZ)Ljava/lang/Object; @ 91 c2
Event: 1.553 Thread 0x00007fb76100b000 DEOPT PACKING pc=0x0000000122e492b4 sp=0x000070000af5a620
Event: 1.553 Thread 0x00007fb76100b000 DEOPT UNPACKING pc=0x000000011b2ffe25 sp=0x000070000af5a5a8 mode 2

Classes unloaded (0 events):
No events

Classes redefined (2 events):
Event: 136.595 Thread 0x00007fb75f876000 redefined class name=metrics.MetricsTest, count=1
Event: 454.742 Thread 0x00007fb75f876000 redefined class name=metrics.MetricsTest, count=2

Internal exceptions (20 events):
Event: 0.782 Thread 0x00007fb76100b000 Exception <a 'java/lang/IncompatibleClassChangeError'{0x000000070f00a330}: Found class java.lang.Object, but interface was expected> (0x000000070f00a330) 
thrown [./open/src/hotspot/share/interpreter/linkResolver.cpp, line 832]
Event: 0.786 Thread 0x00007fb76100b000 Exception <a 'java/lang/NoSuchMethodError'{0x000000070f04caa8}: 'void java.lang.invoke.DirectMethodHandle$Holder.invokeSpecial(java.lang.Object, java.lang.Object, java.lang.Object, java.lang.Object, java.lang.Object)'> (0x000000070f04caa8) 
thrown [./open/src/hotspot/share/interpreter/linkResolver.cpp, line 766]
Event: 0.801 Thread 0x00007fb76100b000 Exception <a 'java/lang/NoSuchMethodError'{0x000000070f0f0208}: 'java.lang.Object java.lang.invoke.DirectMethodHandle$Holder.invokeVirtual(java.lang.Object, java.lang.Object, java.lang.Object)'> (0x000000070f0f0208) 
thrown [./open/src/hotspot/share/interpreter/linkResolver.cpp, line 766]
Event: 0.811 Thread 0x00007fb76100b000 Exception <a 'java/lang/NoSuchMethodError'{0x000000070ef80d48}: 'void java.lang.invoke.DirectMethodHandle$Holder.invokeInterface(java.lang.Object, java.lang.Object, java.lang.Object, java.lang.Object)'> (0x000000070ef80d48) 
thrown [./open/src/hotspot/share/interpreter/linkResolver.cpp, line 766]
Event: 0.811 Thread 0x00007fb76100b000 Exception <a 'java/lang/IncompatibleClassChangeError'{0x000000070ef83770}: Found class java.lang.Object, but interface was expected> (0x000000070ef83770) 
thrown [./open/src/hotspot/share/interpreter/linkResolver.cpp, line 832]
Event: 0.814 Thread 0x00007fb76100b000 Exception <a 'java/lang/NoSuchMethodError'{0x000000070efa95d8}: 'void java.lang.invoke.DirectMethodHandle$Holder.invokeStatic(java.lang.Object, java.lang.Object, java.lang.Object, java.lang.Object)'> (0x000000070efa95d8) 
thrown [./open/src/hotspot/share/interpreter/linkResolver.cpp, line 766]
Event: 0.829 Thread 0x00007fb76100b000 Exception <a 'java/lang/NoSuchMethodError'{0x000000070eecc258}: 'java.lang.Object java.lang.invoke.Invokers$Holder.invokeExact_MT(java.lang.Object, java.lang.Object, java.lang.Object, java.lang.Object, java.lang.Object, java.lang.Object)'> (0x000000070eecc258) 
thrown [./open/src/hotspot/share/interpreter/linkResolver.cpp, line 766]
Event: 0.844 Thread 0x00007fb76100b000 Exception <a 'java/lang/NoSuchMethodError'{0x000000070eddd470}: 'void java.lang.invoke.DirectMethodHandle$Holder.invokeSpecial(java.lang.Object, java.lang.Object)'> (0x000000070eddd470) 
thrown [./open/src/hotspot/share/interpreter/linkResolver.cpp, line 766]
Event: 0.868 Thread 0x00007fb76100b000 Exception <a 'java/lang/NoSuchMethodError'{0x000000070ebe8f60}: 'int java.lang.invoke.DirectMethodHandle$Holder.invokeStaticInit(java.lang.Object, java.lang.Object, java.lang.Object)'> (0x000000070ebe8f60) 
thrown [./open/src/hotspot/share/interpreter/linkResolver.cpp, line 766]
Event: 0.903 Thread 0x00007fb76100b000 Exception <a 'java/lang/NoSuchMethodError'{0x000000070ff28d68}: 'int java.lang.invoke.DirectMethodHandle$Holder.invokeStaticInit(java.lang.Object, java.lang.Object)'> (0x000000070ff28d68) 
thrown [./open/src/hotspot/share/interpreter/linkResolver.cpp, line 766]
Event: 0.912 Thread 0x00007fb76100b000 Exception <a 'java/lang/IncompatibleClassChangeError'{0x000000070ff86280}: Found class java.lang.Object, but interface was expected> (0x000000070ff86280) 
thrown [./open/src/hotspot/share/interpreter/linkResolver.cpp, line 832]
Event: 1.019 Thread 0x00007fb76100b000 Exception <a 'java/lang/NoSuchMethodError'{0x000000070f4fc000}: 'void java.lang.invoke.DirectMethodHandle$Holder.invokeStatic(java.lang.Object, java.lang.Object, java.lang.Object, java.lang.Object, java.lang.Object, java.lang.Object)'> (0x000000070f4fc000) 
thrown [./open/src/hotspot/share/interpreter/linkResolver.cpp, line 766]
Event: 1.073 Thread 0x00007fb76100b000 Exception <a 'java/lang/NoSuchMethodError'{0x000000070e7d86e0}: 'java.lang.Object java.lang.invoke.Invokers$Holder.linkToTargetMethod(java.lang.Object, java.lang.Object, int, int, java.lang.Object, java.lang.Object)'> (0x000000070e7d86e0) 
thrown [./open/src/hotspot/share/interpreter/linkResolver.cpp, line 766]
Event: 1.298 Thread 0x00007fb76100b000 Exception <a 'java/lang/NoSuchMethodError'{0x000000070c506830}: 'int java.lang.invoke.DirectMethodHandle$Holder.invokeStatic(java.lang.Object, java.lang.Object, java.lang.Object, java.lang.Object, java.lang.Object)'> (0x000000070c506830) 
thrown [./open/src/hotspot/share/interpreter/linkResolver.cpp, line 766]
Event: 1.330 Thread 0x00007fb76100b000 Implicit null exception at 0x0000000122dfe4a4 to 0x0000000122dfe620
Event: 1.446 Thread 0x00007fb76100b000 Exception <a 'java/lang/NoSuchMethodError'{0x000000070bc29d98}: 'int java.lang.invoke.DirectMethodHandle$Holder.invokeInterface(java.lang.Object, java.lang.Object)'> (0x000000070bc29d98) 
thrown [./open/src/hotspot/share/interpreter/linkResolver.cpp, line 766]
Event: 1.446 Thread 0x00007fb76100b000 Exception <a 'java/lang/IncompatibleClassChangeError'{0x000000070bc2cb68}: Found class java.lang.Object, but interface was expected> (0x000000070bc2cb68) 
thrown [./open/src/hotspot/share/interpreter/linkResolver.cpp, line 832]
Event: 1.484 Thread 0x00007fb76100b000 Exception <a 'java/lang/ClassNotFoundException'{0x000000070bcf9b40}: jdk/internal/platform/cgroupv1/Metrics> (0x000000070bcf9b40) 
thrown [./open/src/hotspot/share/classfile/systemDictionary.cpp, line 226]
Event: 1.556 Thread 0x00007fb76100b000 Exception <a 'java/lang/NoSuchMethodError'{0x000000070b74e0c0}: 'java.lang.Object java.lang.invoke.DirectMethodHandle$Holder.invokeInterface(java.lang.Object, java.lang.Object, java.lang.Object, java.lang.Object, java.lang.Object)'> (0x000000070b74e0c0) 
thrown [./open/src/hotspot/share/interpreter/linkResolver.cpp, line 766]
Event: 1.556 Thread 0x00007fb76100b000 Exception <a 'java/lang/IncompatibleClassChangeError'{0x000000070b7513c8}: Found class java.lang.Object, but interface was expected> (0x000000070b7513c8) 
thrown [./open/src/hotspot/share/interpreter/linkResolver.cpp, line 832]

Events (20 events):
Event: 499.859 Executing VM operation: GetCurrentContendedMonitor
Event: 499.859 Executing VM operation: GetCurrentContendedMonitor done
Event: 499.859 Executing VM operation: GetOwnedMonitorInfo
Event: 499.860 Executing VM operation: GetOwnedMonitorInfo done
Event: 500.733 Executing VM operation: GetFrameCount
Event: 500.733 Executing VM operation: GetFrameCount done
Event: 500.733 Executing VM operation: GetOwnedMonitorInfo
Event: 500.733 Executing VM operation: GetOwnedMonitorInfo done
Event: 500.734 Executing VM operation: GetCurrentContendedMonitor
Event: 500.734 Executing VM operation: GetCurrentContendedMonitor done
Event: 501.832 Executing VM operation: GetCurrentContendedMonitor
Event: 501.832 Executing VM operation: GetCurrentContendedMonitor done
Event: 501.832 Executing VM operation: GetOwnedMonitorInfo
Event: 501.832 Executing VM operation: GetOwnedMonitorInfo done
Event: 501.886 Executing VM operation: GetCurrentContendedMonitor
Event: 501.886 Executing VM operation: GetCurrentContendedMonitor done
Event: 501.886 Executing VM operation: GetOwnedMonitorInfo
Event: 501.886 Executing VM operation: GetOwnedMonitorInfo done
Event: 534.029 Executing VM operation: GetFrameLocation
Event: 534.029 Executing VM operation: GetFrameLocation done


Dynamic libraries:
0x00007fff7245d000 	/usr/lib/libz.1.dylib
0x000000010d5c2000 	/Library/Java/JavaVirtualMachines/jdk-14.0.2.jdk/Contents/Home/lib/libjli.dylib
0x00007fff3801d000 	/System/Library/Frameworks/Cocoa.framework/Versions/A/Cocoa
0x00007fff45805000 	/System/Library/Frameworks/Security.framework/Versions/A/Security
0x00007fff36f84000 	/System/Library/Frameworks/ApplicationServices.framework/Versions/A/ApplicationServices
0x00007fff6ff21000 	/usr/lib/libSystem.B.dylib
0x00007fff72d1d000 	/usr/lib/system/libcache.dylib
0x00007fff72d23000 	/usr/lib/system/libcommonCrypto.dylib
0x00007fff72d2f000 	/usr/lib/system/libcompiler_rt.dylib
0x00007fff72d37000 	/usr/lib/system/libcopyfile.dylib
0x00007fff72d41000 	/usr/lib/system/libcorecrypto.dylib
0x00007fff72ee0000 	/usr/lib/system/libdispatch.dylib
0x00007fff72f21000 	/usr/lib/system/libdyld.dylib
0x00007fff72f58000 	/usr/lib/system/libkeymgr.dylib
0x00007fff72f66000 	/usr/lib/system/liblaunch.dylib
0x00007fff72f67000 	/usr/lib/system/libmacho.dylib
0x00007fff72f6d000 	/usr/lib/system/libquarantine.dylib
0x00007fff72f70000 	/usr/lib/system/libremovefile.dylib
0x00007fff72f72000 	/usr/lib/system/libsystem_asl.dylib
0x00007fff72f8a000 	/usr/lib/system/libsystem_blocks.dylib
0x00007fff72f8b000 	/usr/lib/system/libsystem_c.dylib
0x00007fff73013000 	/usr/lib/system/libsystem_configuration.dylib
0x00007fff73017000 	/usr/lib/system/libsystem_coreservices.dylib
0x00007fff7301b000 	/usr/lib/system/libsystem_darwin.dylib
0x00007fff73024000 	/usr/lib/system/libsystem_dnssd.dylib
0x00007fff7302c000 	/usr/lib/system/libsystem_featureflags.dylib
0x00007fff7302e000 	/usr/lib/system/libsystem_info.dylib
0x00007fff730a9000 	/usr/lib/system/libsystem_m.dylib
0x00007fff730f1000 	/usr/lib/system/libsystem_malloc.dylib
0x00007fff73119000 	/usr/lib/system/libsystem_networkextension.dylib
0x00007fff73127000 	/usr/lib/system/libsystem_notify.dylib
0x00007fff73145000 	/usr/lib/system/libsystem_sandbox.dylib
0x00007fff7314a000 	/usr/lib/system/libsystem_secinit.dylib
0x00007fff7307c000 	/usr/lib/system/libsystem_kernel.dylib
0x00007fff73131000 	/usr/lib/system/libsystem_platform.dylib
0x00007fff7313a000 	/usr/lib/system/libsystem_pthread.dylib
0x00007fff7314d000 	/usr/lib/system/libsystem_symptoms.dylib
0x00007fff73155000 	/usr/lib/system/libsystem_trace.dylib
0x00007fff7316d000 	/usr/lib/system/libunwind.dylib
0x00007fff73173000 	/usr/lib/system/libxpc.dylib
0x00007fff71d81000 	/usr/lib/libobjc.A.dylib
0x00007fff7025a000 	/usr/lib/libc++abi.dylib
0x00007fff70207000 	/usr/lib/libc++.1.dylib
0x00007fff38ebd000 	/System/Library/Frameworks/CoreFoundation.framework/Versions/A/CoreFoundation
0x00007fff3b577000 	/System/Library/Frameworks/Foundation.framework/Versions/C/Foundation
0x00007fff36174000 	/System/Library/Frameworks/AppKit.framework/Versions/C/AppKit
0x00007fff389a1000 	/System/Library/Frameworks/CoreData.framework/Versions/A/CoreData
0x00007fff69f3c000 	/System/Library/PrivateFrameworks/UIFoundation.framework/Versions/A/UIFoundation
0x00007fff64fe0000 	/System/Library/PrivateFrameworks/RemoteViewServices.framework/Versions/A/RemoteViewServices
0x00007fff6ca91000 	/System/Library/PrivateFrameworks/XCTTargetBootstrap.framework/Versions/A/XCTTargetBootstrap
0x00007fff38d8c000 	/System/Library/Frameworks/CoreDisplay.framework/Versions/A/CoreDisplay
0x00007fff3e432000 	/System/Library/Frameworks/Metal.framework/Versions/A/Metal
0x00007fff52fec000 	/System/Library/PrivateFrameworks/DesktopServicesPriv.framework/Versions/A/DesktopServicesPriv
0x00007fff7105c000 	/usr/lib/liblangid.dylib
0x00007fff52284000 	/System/Library/PrivateFrameworks/CoreSVG.framework/Versions/A/CoreSVG
0x00007fff68139000 	/System/Library/PrivateFrameworks/SkyLight.framework/Versions/A/SkyLight
0x00007fff3933e000 	/System/Library/Frameworks/CoreGraphics.framework/Versions/A/CoreGraphics
0x00007fff34b48000 	/System/Library/Frameworks/Accelerate.framework/Versions/A/Accelerate
0x00007fff7234e000 	/usr/lib/libxml2.2.dylib
0x00007fff5df79000 	/System/Library/PrivateFrameworks/IconServices.framework/Versions/A/IconServices
0x00007fff3bd56000 	/System/Library/Frameworks/IOSurface.framework/Versions/A/IOSurface
0x00007fff6fa4b000 	/usr/lib/libDiagnosticMessagesClient.dylib
0x00007fff52e46000 	/System/Library/PrivateFrameworks/DFRFoundation.framework/Versions/A/DFRFoundation
0x00007fff70deb000 	/usr/lib/libicucore.A.dylib
0x00007fff372b6000 	/System/Library/Frameworks/AudioToolbox.framework/Versions/A/AudioToolbox
0x00007fff37399000 	/System/Library/Frameworks/AudioUnit.framework/Versions/A/AudioUnit
0x00007fff70123000 	/usr/lib/libauto.dylib
0x00007fff52ee8000 	/System/Library/PrivateFrameworks/DataDetectorsCore.framework/Versions/A/DataDetectorsCore
0x00007fff37b3e000 	/System/Library/Frameworks/Carbon.framework/Versions/A/Frameworks/HIToolbox.framework/Versions/A/HIToolbox
0x00007fff44a02000 	/System/Library/Frameworks/QuartzCore.framework/Versions/A/QuartzCore
0x00007fff37e7d000 	/System/Library/Frameworks/Carbon.framework/Versions/A/Frameworks/SpeechRecognition.framework/Versions/A/SpeechRecognition
0x00007fff5295d000 	/System/Library/PrivateFrameworks/CoreUI.framework/Versions/A/CoreUI
0x00007fff3840c000 	/System/Library/Frameworks/CoreAudio.framework/Versions/A/CoreAudio
0x00007fff3b238000 	/System/Library/Frameworks/DiskArbitration.framework/Versions/A/DiskArbitration
0x00007fff5ffc7000 	/System/Library/PrivateFrameworks/MultitouchSupport.framework/Versions/A/MultitouchSupport
0x00007fff70cb2000 	/usr/lib/libenergytrace.dylib
0x00007fff3bcb0000 	/System/Library/Frameworks/IOKit.framework/Versions/A/IOKit
0x00007fff3a2a4000 	/System/Library/Frameworks/CoreServices.framework/Versions/A/CoreServices
0x00007fff62176000 	/System/Library/PrivateFrameworks/PerformanceAnalysis.framework/Versions/A/PerformanceAnalysis
0x00007fff43a35000 	/System/Library/Frameworks/OpenGL.framework/Versions/A/OpenGL
0x00007fff3802b000 	/System/Library/Frameworks/ColorSync.framework/Versions/A/ColorSync
0x00007fff399c0000 	/System/Library/Frameworks/CoreImage.framework/Versions/A/CoreImage
0x00007fff3ad17000 	/System/Library/Frameworks/CoreText.framework/Versions/A/CoreText
0x00007fff3bde6000 	/System/Library/Frameworks/ImageIO.framework/Versions/A/ImageIO
0x00007fff70283000 	/usr/lib/libcompression.dylib
0x00007fff6fd8f000 	/usr/lib/libMobileGestalt.dylib
0x00007fff69cb1000 	/System/Library/PrivateFrameworks/TextureIO.framework/Versions/A/TextureIO
0x00007fff70086000 	/usr/lib/libate.dylib
0x00007fff5e182000 	/System/Library/PrivateFrameworks/InternationalSupport.framework/Versions/A/InternationalSupport
0x00007fff7105e000 	/usr/lib/liblzma.5.dylib
0x00007fff70cd9000 	/usr/lib/libfakelink.dylib
0x00007fff70013000 	/usr/lib/libarchive.2.dylib
0x00007fff468b6000 	/System/Library/Frameworks/SystemConfiguration.framework/Versions/A/SystemConfiguration
0x00007fff6f97e000 	/usr/lib/libCRFSuite.dylib
0x00007fff3772f000 	/System/Library/Frameworks/CFNetwork.framework/Versions/A/CFNetwork
0x00007fff701e9000 	/usr/lib/libbsm.0.dylib
0x00007fff72f59000 	/usr/lib/system/libkxld.dylib
0x00007fff4c7d2000 	/System/Library/PrivateFrameworks/AppleFSCompression.framework/Versions/A/AppleFSCompression
0x00007fff70574000 	/usr/lib/libcoretls.dylib
0x00007fff7058b000 	/usr/lib/libcoretls_cfhelpers.dylib
0x00007fff71dc7000 	/usr/lib/libpam.2.dylib
0x00007fff71efc000 	/usr/lib/libsqlite3.dylib
0x00007fff7233b000 	/usr/lib/libxar.1.dylib
0x00007fff701fa000 	/usr/lib/libbz2.1.0.dylib
0x00007fff70cfa000 	/usr/lib/libiconv.2.dylib
0x00007fff70270000 	/usr/lib/libcharset.1.dylib
0x00007fff71864000 	/usr/lib/libnetwork.dylib
0x00007fff71dce000 	/usr/lib/libpcap.A.dylib
0x00007fff6ffc8000 	/usr/lib/libapple_nghttp2.dylib
0x00007fff3a65b000 	/System/Library/Frameworks/CoreServices.framework/Versions/A/Frameworks/FSEvents.framework/Versions/A/FSEvents
0x00007fff3a32b000 	/System/Library/Frameworks/CoreServices.framework/Versions/A/Frameworks/CarbonCore.framework/Versions/A/CarbonCore
0x00007fff3a89f000 	/System/Library/Frameworks/CoreServices.framework/Versions/A/Frameworks/Metadata.framework/Versions/A/Metadata
0x00007fff3a938000 	/System/Library/Frameworks/CoreServices.framework/Versions/A/Frameworks/OSServices.framework/Versions/A/OSServices
0x00007fff3a966000 	/System/Library/Frameworks/CoreServices.framework/Versions/A/Frameworks/SearchKit.framework/Versions/A/SearchKit
0x00007fff3a2a5000 	/System/Library/Frameworks/CoreServices.framework/Versions/A/Frameworks/AE.framework/Versions/A/AE
0x00007fff3a664000 	/System/Library/Frameworks/CoreServices.framework/Versions/A/Frameworks/LaunchServices.framework/Versions/A/LaunchServices
0x00007fff3a60d000 	/System/Library/Frameworks/CoreServices.framework/Versions/A/Frameworks/DictionaryServices.framework/Versions/A/DictionaryServices
0x00007fff3a9ce000 	/System/Library/Frameworks/CoreServices.framework/Versions/A/Frameworks/SharedFileList.framework/Versions/A/SharedFileList
0x00007fff3f855000 	/System/Library/Frameworks/NetFS.framework/Versions/A/NetFS
0x00007fff604f7000 	/System/Library/PrivateFrameworks/NetAuth.framework/Versions/A/NetAuth
0x00007fff6ce5e000 	/System/Library/PrivateFrameworks/login.framework/Versions/A/Frameworks/loginsupport.framework/Versions/A/loginsupport
0x00007fff6977c000 	/System/Library/PrivateFrameworks/TCC.framework/Versions/A/TCC
0x00007fff513f7000 	/System/Library/PrivateFrameworks/CoreNLP.framework/Versions/A/CoreNLP
0x00007fff5f9f4000 	/System/Library/PrivateFrameworks/MetadataUtilities.framework/Versions/A/MetadataUtilities
0x00007fff71136000 	/usr/lib/libmecabra.dylib
0x00007fff7108e000 	/usr/lib/libmecab.dylib
0x00007fff70cea000 	/usr/lib/libgermantok.dylib
0x00007fff6ffaf000 	/usr/lib/libThaiTokenizer.dylib
0x00007fff6f9b5000 	/usr/lib/libChineseTokenizer.dylib
0x00007fff34b60000 	/System/Library/Frameworks/Accelerate.framework/Versions/A/Frameworks/vImage.framework/Versions/A/vImage
0x00007fff35fca000 	/System/Library/Frameworks/Accelerate.framework/Versions/A/Frameworks/vecLib.framework/Versions/A/vecLib
0x00007fff35f07000 	/System/Library/Frameworks/Accelerate.framework/Versions/A/Frameworks/vecLib.framework/Versions/A/libvMisc.dylib
0x00007fff35d2f000 	/System/Library/Frameworks/Accelerate.framework/Versions/A/Frameworks/vecLib.framework/Versions/A/libvDSP.dylib
0x00007fff351b7000 	/System/Library/Frameworks/Accelerate.framework/Versions/A/Frameworks/vecLib.framework/Versions/A/libBLAS.dylib
0x00007fff358f3000 	/System/Library/Frameworks/Accelerate.framework/Versions/A/Frameworks/vecLib.framework/Versions/A/libLAPACK.dylib
0x00007fff35c8f000 	/System/Library/Frameworks/Accelerate.framework/Versions/A/Frameworks/vecLib.framework/Versions/A/libLinearAlgebra.dylib
0x00007fff35d1c000 	/System/Library/Frameworks/Accelerate.framework/Versions/A/Frameworks/vecLib.framework/Versions/A/libSparseBLAS.dylib
0x00007fff35ca5000 	/System/Library/Frameworks/Accelerate.framework/Versions/A/Frameworks/vecLib.framework/Versions/A/libQuadrature.dylib
0x00007fff3541f000 	/System/Library/Frameworks/Accelerate.framework/Versions/A/Frameworks/vecLib.framework/Versions/A/libBNNS.dylib
0x00007fff35cab000 	/System/Library/Frameworks/Accelerate.framework/Versions/A/Frameworks/vecLib.framework/Versions/A/libSparse.dylib
0x00007fff5e56a000 	/System/Library/PrivateFrameworks/LanguageModeling.framework/Versions/A/LanguageModeling
0x00007fff50da7000 	/System/Library/PrivateFrameworks/CoreEmoji.framework/Versions/A/CoreEmoji
0x00007fff5e688000 	/System/Library/PrivateFrameworks/LinguisticData.framework/Versions/A/LinguisticData
0x00007fff5e639000 	/System/Library/PrivateFrameworks/Lexicon.framework/Versions/A/Lexicon
0x00007fff70271000 	/usr/lib/libcmph.dylib
0x00007fff42443000 	/System/Library/Frameworks/OpenDirectory.framework/Versions/A/Frameworks/CFOpenDirectory.framework/Versions/A/CFOpenDirectory
0x00007fff42460000 	/System/Library/Frameworks/OpenDirectory.framework/Versions/A/OpenDirectory
0x00007fff4a885000 	/System/Library/PrivateFrameworks/APFS.framework/Versions/A/APFS
0x00007fff45b4f000 	/System/Library/Frameworks/SecurityFoundation.framework/Versions/A/SecurityFoundation
0x00007fff72337000 	/usr/lib/libutil.dylib
0x00007fff522dc000 	/System/Library/PrivateFrameworks/CoreServicesStore.framework/Versions/A/CoreServicesStore
0x00007fff45c06000 	/System/Library/Frameworks/ServiceManagement.framework/Versions/A/ServiceManagement
0x00007fff4dfa1000 	/System/Library/PrivateFrameworks/BackgroundTaskManagement.framework/Versions/A/BackgroundTaskManagement
0x00007fff72434000 	/usr/lib/libxslt.1.dylib
0x00007fff4ce45000 	/System/Library/PrivateFrameworks/AppleSystemInfo.framework/Versions/A/AppleSystemInfo
0x00007fff3c001000 	/System/Library/Frameworks/ImageIO.framework/Versions/A/Resources/libJPEG.dylib
0x00007fff3c2bd000 	/System/Library/Frameworks/ImageIO.framework/Versions/A/Resources/libTIFF.dylib
0x00007fff3c2a0000 	/System/Library/Frameworks/ImageIO.framework/Versions/A/Resources/libPng.dylib
0x00007fff3bf43000 	/System/Library/Frameworks/ImageIO.framework/Versions/A/Resources/libGIF.dylib
0x00007fff3bf47000 	/System/Library/Frameworks/ImageIO.framework/Versions/A/Resources/libJP2.dylib
0x00007fff3c2bb000 	/System/Library/Frameworks/ImageIO.framework/Versions/A/Resources/libRadiance.dylib
0x00007fff70cb3000 	/usr/lib/libexpat.1.dylib
0x00007fff4c92d000 	/System/Library/PrivateFrameworks/AppleJPEG.framework/Versions/A/AppleJPEG
0x00007fff555db000 	/System/Library/PrivateFrameworks/FontServices.framework/libFontParser.dylib
0x00007fff6be63000 	/System/Library/PrivateFrameworks/WatchdogClient.framework/Versions/A/WatchdogClient
0x00007fff5dbc5000 	/System/Library/PrivateFrameworks/IOAccelerator.framework/Versions/A/IOAccelerator
0x00007fff3e7cd000 	/System/Library/Frameworks/MetalPerformanceShaders.framework/Versions/A/MetalPerformanceShaders
0x00007fff5a35c000 	/System/Library/PrivateFrameworks/GPUWrangler.framework/Versions/A/GPUWrangler
0x00007fff5dbda000 	/System/Library/PrivateFrameworks/IOPresentment.framework/Versions/A/IOPresentment
0x00007fff52e59000 	/System/Library/PrivateFrameworks/DSExternalDisplay.framework/Versions/A/DSExternalDisplay
0x00007fff42dd4000 	/System/Library/Frameworks/OpenGL.framework/Versions/A/Libraries/libCoreFSCache.dylib
0x00007fff3e519000 	/System/Library/Frameworks/MetalPerformanceShaders.framework/Frameworks/MPSCore.framework/Versions/A/MPSCore
0x00007fff3e557000 	/System/Library/Frameworks/MetalPerformanceShaders.framework/Frameworks/MPSImage.framework/Versions/A/MPSImage
0x00007fff3e61e000 	/System/Library/Frameworks/MetalPerformanceShaders.framework/Frameworks/MPSNeuralNetwork.framework/Versions/A/MPSNeuralNetwork
0x00007fff3e5e2000 	/System/Library/Frameworks/MetalPerformanceShaders.framework/Frameworks/MPSMatrix.framework/Versions/A/MPSMatrix
0x00007fff3e77d000 	/System/Library/Frameworks/MetalPerformanceShaders.framework/Frameworks/MPSRayIntersector.framework/Versions/A/MPSRayIntersector
0x00007fff3e608000 	/System/Library/Frameworks/MetalPerformanceShaders.framework/Frameworks/MPSNDArray.framework/Versions/A/MPSNDArray
0x00007fff5fa41000 	/System/Library/PrivateFrameworks/MetalTools.framework/Versions/A/MetalTools
0x00007fff4ba5a000 	/System/Library/PrivateFrameworks/AggregateDictionary.framework/Versions/A/AggregateDictionary
0x00007fff507f1000 	/System/Library/PrivateFrameworks/CoreAnalytics.framework/Versions/A/CoreAnalytics
0x00007fff4cd64000 	/System/Library/PrivateFrameworks/AppleSauce.framework/Versions/A/AppleSauce
0x00007fff6fc71000 	/usr/lib/libIOReport.dylib
0x00007fff3aecf000 	/System/Library/Frameworks/CoreVideo.framework/Versions/A/CoreVideo
0x00007fff5b7d6000 	/System/Library/PrivateFrameworks/GraphVisualizer.framework/Versions/A/GraphVisualizer
0x00007fff54b22000 	/System/Library/PrivateFrameworks/FaceCore.framework/Versions/A/FaceCore
0x00007fff423ea000 	/System/Library/Frameworks/OpenCL.framework/Versions/A/OpenCL
0x00007fff6fa93000 	/usr/lib/libFosl_dynamic.dylib
0x00007fff60f17000 	/System/Library/PrivateFrameworks/OTSVG.framework/Versions/A/OTSVG
0x00007fff37089000 	/System/Library/Frameworks/ApplicationServices.framework/Versions/A/Frameworks/ATS.framework/Versions/A/Resources/libFontRegistry.dylib
0x00007fff557ad000 	/System/Library/PrivateFrameworks/FontServices.framework/libhvf.dylib
0x00007fff42ddf000 	/System/Library/Frameworks/OpenGL.framework/Versions/A/Libraries/libGFXShared.dylib
0x00007fff42fbd000 	/System/Library/Frameworks/OpenGL.framework/Versions/A/Libraries/libGLU.dylib
0x00007fff42de8000 	/System/Library/Frameworks/OpenGL.framework/Versions/A/Libraries/libGL.dylib
0x00007fff42df3000 	/System/Library/Frameworks/OpenGL.framework/Versions/A/Libraries/libGLImage.dylib
0x00007fff42dd1000 	/System/Library/Frameworks/OpenGL.framework/Versions/A/Libraries/libCVMSPluginSupport.dylib
0x00007fff42dda000 	/System/Library/Frameworks/OpenGL.framework/Versions/A/Libraries/libCoreVMClient.dylib
0x00007fff71705000 	/usr/lib/libncurses.5.4.dylib
0x00007fff36f85000 	/System/Library/Frameworks/ApplicationServices.framework/Versions/A/Frameworks/ATS.framework/Versions/A/ATS
0x00007fff37152000 	/System/Library/Frameworks/ApplicationServices.framework/Versions/A/Frameworks/ColorSyncLegacy.framework/Versions/A/ColorSyncLegacy
0x00007fff371f0000 	/System/Library/Frameworks/ApplicationServices.framework/Versions/A/Frameworks/HIServices.framework/Versions/A/HIServices
0x00007fff37248000 	/System/Library/Frameworks/ApplicationServices.framework/Versions/A/Frameworks/LangAnalysis.framework/Versions/A/LangAnalysis
0x00007fff37257000 	/System/Library/Frameworks/ApplicationServices.framework/Versions/A/Frameworks/PrintCore.framework/Versions/A/PrintCore
0x00007fff3729d000 	/System/Library/Frameworks/ApplicationServices.framework/Versions/A/Frameworks/QD.framework/Versions/A/QD
0x00007fff372a8000 	/System/Library/Frameworks/ApplicationServices.framework/Versions/A/Frameworks/SpeechSynthesis.framework/Versions/A/SpeechSynthesis
0x00007fff37122000 	/System/Library/Frameworks/ApplicationServices.framework/Versions/A/Frameworks/ATSUI.framework/Versions/A/ATSUI
0x00007fff70b49000 	/usr/lib/libcups.2.dylib
0x00007fff3d868000 	/System/Library/Frameworks/Kerberos.framework/Versions/A/Kerberos
0x00007fff3b9a9000 	/System/Library/Frameworks/GSS.framework/Versions/A/GSS
0x00007fff71e88000 	/usr/lib/libresolv.9.dylib
0x00007fff5b983000 	/System/Library/PrivateFrameworks/Heimdal.framework/Versions/A/Heimdal
0x00007fff3d87b000 	/System/Library/Frameworks/Kerberos.framework/Versions/A/Libraries/libHeimdalProxy.dylib
0x00007fff70cf0000 	/usr/lib/libheimdal-asn1.dylib
0x00007fff4fc8c000 	/System/Library/PrivateFrameworks/CommonAuth.framework/Versions/A/CommonAuth
0x00007fff4cee2000 	/System/Library/PrivateFrameworks/AssertionServices.framework/Versions/A/AssertionServices
0x00007fff4da84000 	/System/Library/PrivateFrameworks/AudioToolboxCore.framework/Versions/A/AudioToolboxCore
0x00007fff6cb0e000 	/System/Library/PrivateFrameworks/caulk.framework/Versions/A/caulk
0x00007fff4e04d000 	/System/Library/PrivateFrameworks/BaseBoard.framework/Versions/A/BaseBoard
0x00007fff6516e000 	/System/Library/PrivateFrameworks/RunningBoardServices.framework/Versions/A/RunningBoardServices
0x00007fff62182000 	/System/Library/PrivateFrameworks/PersistentConnection.framework/Versions/A/PersistentConnection
0x00007fff64b68000 	/System/Library/PrivateFrameworks/ProtocolBuffer.framework/Versions/A/ProtocolBuffer
0x00007fff4fcb0000 	/System/Library/PrivateFrameworks/CommonUtilities.framework/Versions/A/CommonUtilities
0x00007fff4e1db000 	/System/Library/PrivateFrameworks/Bom.framework/Versions/A/Bom
0x00007fff6f944000 	/usr/lib/libAudioToolboxUtility.dylib
0x00007fff4dfab000 	/System/Library/PrivateFrameworks/Backup.framework/Versions/A/Backup
0x00007fff52d7a000 	/System/Library/PrivateFrameworks/CrashReporterSupport.framework/Versions/A/CrashReporterSupport
0x00007fff66bff000 	/System/Library/PrivateFrameworks/Sharing.framework/Versions/A/Sharing
0x00007fff4c4f0000 	/System/Library/PrivateFrameworks/Apple80211.framework/Versions/A/Apple80211
0x00007fff4dcc8000 	/System/Library/PrivateFrameworks/AuthKit.framework/Versions/A/AuthKit
0x00007fff52a8a000 	/System/Library/PrivateFrameworks/CoreUtils.framework/Versions/A/CoreUtils
0x00007fff3af14000 	/System/Library/Frameworks/CoreWLAN.framework/Versions/A/CoreWLAN
0x00007fff3bb36000 	/System/Library/Frameworks/IOBluetooth.framework/Versions/A/IOBluetooth
0x00007fff5fd46000 	/System/Library/PrivateFrameworks/MobileKeyBag.framework/Versions/A/MobileKeyBag
0x00007fff5188f000 	/System/Library/PrivateFrameworks/CorePhoneNumbers.framework/Versions/A/CorePhoneNumbers
0x00007fff4c8e0000 	/System/Library/PrivateFrameworks/AppleIDAuthSupport.framework/Versions/A/AppleIDAuthSupport
0x00007fff3f862000 	/System/Library/Frameworks/Network.framework/Versions/A/Network
0x00007fff5e416000 	/System/Library/PrivateFrameworks/KeychainCircle.framework/Versions/A/KeychainCircle
0x00007fff38968000 	/System/Library/Frameworks/CoreBluetooth.framework/Versions/A/CoreBluetooth
0x00007fff68c7c000 	/System/Library/PrivateFrameworks/SpeechRecognitionCore.framework/Versions/A/SpeechRecognitionCore
0x000000010de00000 	/Library/Java/JavaVirtualMachines/jdk-14.0.2.jdk/Contents/Home/lib/server/libjvm.dylib
0x000000010d5e2000 	/Library/Java/JavaVirtualMachines/jdk-14.0.2.jdk/Contents/Home/lib/libjimage.dylib
0x000000010eb8a000 	/Library/Java/JavaVirtualMachines/jdk-14.0.2.jdk/Contents/Home/lib/libjdwp.dylib
0x000000010ebc6000 	/Library/Java/JavaVirtualMachines/jdk-14.0.2.jdk/Contents/Home/lib/libjava.dylib
0x000000010d5ef000 	/Library/Java/JavaVirtualMachines/jdk-14.0.2.jdk/Contents/Home/lib/libinstrument.dylib
0x000000010ec36000 	/Library/Java/JavaVirtualMachines/jdk-14.0.2.jdk/Contents/Home/lib/libzip.dylib
0x00000001126bc000 	/Library/Java/JavaVirtualMachines/jdk-14.0.2.jdk/Contents/Home/lib/libdt_socket.dylib
0x00000001126c6000 	/Library/Java/JavaVirtualMachines/jdk-14.0.2.jdk/Contents/Home/lib/libnio.dylib
0x00000001126d9000 	/Library/Java/JavaVirtualMachines/jdk-14.0.2.jdk/Contents/Home/lib/libnet.dylib
0x00000001126f1000 	/Library/Java/JavaVirtualMachines/jdk-14.0.2.jdk/Contents/Home/lib/libverify.dylib
0x0000000112700000 	/Library/Java/JavaVirtualMachines/jdk-14.0.2.jdk/Contents/Home/lib/libextnet.dylib
0x0000000112707000 	/Library/Java/JavaVirtualMachines/jdk-14.0.2.jdk/Contents/Home/lib/libmanagement.dylib
0x0000000112711000 	/Library/Java/JavaVirtualMachines/jdk-14.0.2.jdk/Contents/Home/lib/libmanagement_ext.dylib


VM Arguments:
jvm_args: -agentlib:jdwp=transport=dt_socket,suspend=y,address=localhost:56458 -ea -javaagent:/Users/carlosvillablanco/eclipse/java-2020-06/Eclipse.app/Contents/Eclipse/configuration/org.eclipse.osgi/214/0/.cp/lib/javaagent-shaded.jar -Dfile.encoding=UTF-8 
java_command: org.eclipse.jdt.internal.junit.runner.RemoteTestRunner -version 3 -port 56457 -testLoaderClass org.eclipse.jdt.internal.junit5.runner.JUnit5TestLoader -loaderpluginname org.eclipse.jdt.junit5.runtime -classNames metrics.MetricsTest
java_class_path (initial): /Users/carlosvillablanco/Workspace/MCTBNCs/bin/main:/Users/carlosvillablanco/Workspace/MCTBNCs/bin/test:/Users/carlosvillablanco/Workspace/MCTBNCs/bin/default:/Users/carlosvillablanco/.gradle/caches/modules-2/files-2.1/org.apache.commons/commons-math3/3.6.1/e4ba98f1d4b3c80ec46392f25e094a6a2e58fcbf/commons-math3-3.6.1.jar:/Users/carlosvillablanco/.gradle/caches/modules-2/files-2.1/org.graphstream/gs-core/1.3/1199c349ae387742426ee216bcebcc0b5a51b2fa/gs-core-1.3.jar:/Users/carlosvillablanco/.gradle/caches/modules-2/files-2.1/org.apache.logging.log4j/log4j-core/2.13.3/4e857439fc4fe974d212adaaaa3b118b8b50e3ec/log4j-core-2.13.3.jar:/Users/carlosvillablanco/.gradle/caches/modules-2/files-2.1/org.apache.logging.log4j/log4j-api/2.13.3/ec1508160b93d274b1add34419b897bae84c6ca9/log4j-api-2.13.3.jar:/Users/carlosvillablanco/.gradle/caches/modules-2/files-2.1/com.opencsv/opencsv/3.7/d5416b3a41618422e12337c2d3b6152f0cd4d311/opencsv-3.7.jar:/Users/carlosvillablanco/.gradle/caches/modules-2/files-2.1/com.google.guava/guava/28.2-jre/8ec9ed76528425762174f0011ce8f74ad845b756/guava-28.2-jre.jar:/Users/carlosvillablanco/.gradle/caches/modules-2/files-2.1/junit/junit/4.12/2973d150c0dc1fefe998f834810d68f278ea58ec/junit-4.12.jar:/Users/carlosvillablanco/.gradle/caches/modules-2/files-2.1/org.graphstream/pherd/1.0/def146e11a24b48f88e8af5fa14ca383f8ee4dd2/pherd-1.0.jar:/Users/carlosvillablanco/.gradle/caches/modules-2/files-2.1/org.graphstream/mbox2/1.0/c20049788c1bde824e17cd8e26c2f515a1eab352/mbox2-1.0.jar:/Users/carlosvillablanco/.gradle/caches/modules-2/files-2.1/org.apache.commons/commons-lang3/3.3.2/90a3822c38ec8c996e84c16a3477ef632cbc87a3/commons-lang3-3.3.2.jar:/Users/carlosvillablanco/.gradle/caches/modules-2/files-2.1/com.google.guava/failureaccess/1.0.1/1dcf1de382a0bf95a3d8b0849546c88bac1292c9/failureaccess-1.0.1.jar:/Users/carlosvillablanco/.gradle/caches/modules-2/files-2.1/com.google.guava/listenablefuture/9999.0-empty-to-avoid-conflict-with-guava/b42
Launcher Type: SUN_STANDARD

[Global flags]
     intx CICompilerCount                          = 3                                         {product} {ergonomic}
     uint ConcGCThreads                            = 1                                         {product} {ergonomic}
     uint G1ConcRefinementThreads                  = 4                                         {product} {ergonomic}
   size_t G1HeapRegionSize                         = 1048576                                   {product} {ergonomic}
    uintx GCDrainStackTargetSize                   = 64                                        {product} {ergonomic}
   size_t InitialHeapSize                          = 268435456                                 {product} {ergonomic}
   size_t MarkStackSize                            = 4194304                                   {product} {ergonomic}
   size_t MaxHeapSize                              = 4294967296                                {product} {ergonomic}
   size_t MaxNewSize                               = 2576351232                                {product} {ergonomic}
   size_t MinHeapDeltaBytes                        = 1048576                                   {product} {ergonomic}
   size_t MinHeapSize                              = 8388608                                   {product} {ergonomic}
    uintx NonNMethodCodeHeapSize                   = 5832780                                {pd product} {ergonomic}
    uintx NonProfiledCodeHeapSize                  = 122912730                              {pd product} {ergonomic}
    uintx ProfiledCodeHeapSize                     = 122912730                              {pd product} {ergonomic}
    uintx ReservedCodeCacheSize                    = 251658240                              {pd product} {ergonomic}
     bool SegmentedCodeCache                       = true                                      {product} {ergonomic}
   size_t SoftMaxHeapSize                          = 4294967296                             {manageable} {ergonomic}
     bool UseCompressedClassPointers               = true                                 {lp64_product} {ergonomic}
     bool UseCompressedOops                        = true                                 {lp64_product} {ergonomic}
     bool UseG1GC                                  = true                                      {product} {ergonomic}

Logging:
Log output configuration:
 #0: stdout all=warning uptime,level,tags
 #1: stderr all=off uptime,level,tags

Environment Variables:
PATH=/usr/bin:/bin:/usr/sbin:/sbin
SHELL=/bin/bash
DISPLAY=/private/tmp/com.apple.launchd.HsPNHrUqeK/org.macosforge.xquartz:0

Signal Handlers:
SIGSEGV: [libjvm.dylib+0x7415b8], sa_mask[0]=11111111011111110111111111111111, sa_flags=SA_ONSTACK|SA_RESTART|SA_SIGINFO
SIGBUS: [libjvm.dylib+0x7415b8], sa_mask[0]=11111111011111110111111111111111, sa_flags=SA_RESTART|SA_SIGINFO
SIGFPE: [libjvm.dylib+0x7415b8], sa_mask[0]=11111111011111110111111111111111, sa_flags=SA_RESTART|SA_SIGINFO
SIGPIPE: [libjvm.dylib+0x5eb4b1], sa_mask[0]=11111111011111110111111111111111, sa_flags=SA_RESTART|SA_SIGINFO
SIGXFSZ: [libjvm.dylib+0x5eb4b1], sa_mask[0]=11111111011111110111111111111111, sa_flags=SA_RESTART|SA_SIGINFO
SIGILL: [libjvm.dylib+0x7415b8], sa_mask[0]=11111111011111110111111111111111, sa_flags=SA_RESTART|SA_SIGINFO
SIGUSR2: [libjvm.dylib+0x5eba83], sa_mask[0]=00100000000000000000000000000000, sa_flags=SA_RESTART|SA_SIGINFO
SIGHUP: [libjvm.dylib+0x5eaae5], sa_mask[0]=11111111011111110111111111111111, sa_flags=SA_RESTART|SA_SIGINFO
SIGINT: [libjvm.dylib+0x5eaae5], sa_mask[0]=11111111011111110111111111111111, sa_flags=SA_RESTART|SA_SIGINFO
SIGTERM: [libjvm.dylib+0x5eaae5], sa_mask[0]=11111111011111110111111111111111, sa_flags=SA_RESTART|SA_SIGINFO
SIGQUIT: [libjvm.dylib+0x5eaae5], sa_mask[0]=11111111011111110111111111111111, sa_flags=SA_RESTART|SA_SIGINFO


---------------  S Y S T E M  ---------------

OS:uname:Darwin 19.5.0 Darwin Kernel Version 19.5.0: Tue May 26 20:41:44 PDT 2020; root:xnu-6153.121.2~2/RELEASE_X86_64 x86_64
OS uptime: 0 days 14:40 hours
rlimit: STACK 8192k, CORE 0k, NPROC 2784, NOFILE 10240, AS infinity, DATA infinity, FSIZE infinity
load average:1.69 1.77 1.93

CPU:total 4 (initial active 4) (2 cores per cpu, 2 threads per core) family 6 model 142 stepping 9, cmov, cx8, fxsr, mmx, sse, sse2, sse3, ssse3, sse4.1, sse4.2, popcnt, avx, avx2, aes, clmul, erms, 3dnowpref, lzcnt, ht, tsc, tscinvbit, bmi1, bmi2, adx, fma

Memory: 4k page, physical 16777216k(94868k free), swap 1048576k(945152k free)

vm_info: Java HotSpot(TM) 64-Bit Server VM (14.0.2+12-46) for bsd-amd64 JRE (14.0.2+12-46), built on Jul  8 2020 23:32:31 by "mach5one" with clang 4.2.1 Compatible Apple LLVM 10.0.0 (clang-1000.11.45.5)

END.
