#
# A fatal error has been detected by the Java Runtime Environment:
#
#  SIGBUS (0xa) at pc=0x000000010c39d575, pid=92066, tid=17667
#
# JRE version: Java(TM) SE Runtime Environment (14.0.2+12) (build 14.0.2+12-46)
# Java VM: Java HotSpot(TM) 64-Bit Server VM (14.0.2+12-46, mixed mode, sharing, tiered, compressed oops, g1 gc, bsd-amd64)
# Problematic frame:
# V  [libjvm.dylib+0x59d575]  Metadata::mark_on_stack(Metadata*)+0x7
#
# No core dump will be written. Core dumps have been disabled. To enable core dumping, try "ulimit -c unlimited" before starting Java again
#
# If you would like to submit a bug report, please visit:
#   https://bugreport.java.com/bugreport/crash.jsp
#

---------------  S U M M A R Y ------------

Command Line: -agentlib:jdwp=transport=dt_socket,suspend=y,address=localhost:56274 -ea -javaagent:/Users/carlosvillablanco/eclipse/java-2020-06/Eclipse.app/Contents/Eclipse/configuration/org.eclipse.osgi/214/0/.cp/lib/javaagent-shaded.jar -Dfile.encoding=UTF-8 org.eclipse.jdt.internal.junit.runner.RemoteTestRunner -version 3 -port 56273 -testLoaderClass org.eclipse.jdt.internal.junit5.runner.JUnit5TestLoader -loaderpluginname org.eclipse.jdt.junit5.runtime -classNames mctbnc.LearnMCTBNC

Host: MacBookPro14,2 x86_64 3100 MHz, 4 cores, 16G, Darwin 19.5.0
Time: Fri Aug  7 12:16:13 2020 CEST elapsed time: 512 seconds (0d 0h 8m 32s)

---------------  T H R E A D  ---------------

Current thread (0x00007fa8d4855800):  VMThread "VM Thread" [stack: 0x000070000996d000,0x0000700009a6d000] [id=17667]

Stack: [0x000070000996d000,0x0000700009a6d000],  sp=0x0000700009a6c950,  free space=1022k
Native frames: (J=compiled Java code, A=aot compiled Java code, j=interpreted, Vv=VM code, C=native code)
V  [libjvm.dylib+0x59d575]  Metadata::mark_on_stack(Metadata*)+0x7
V  [libjvm.dylib+0x6f2a6b]  ThreadHandlesClosure::do_thread(Thread*)+0x2f
V  [libjvm.dylib+0x6efd51]  Threads::java_threads_do(ThreadClosure*)+0x47
V  [libjvm.dylib+0x6f1acf]  Threads::metadata_handles_do(void (*)(Metadata*))+0x23
V  [libjvm.dylib+0x59d514]  MetadataOnStackMark::MetadataOnStackMark(bool, bool)+0x1c
V  [libjvm.dylib+0x4bafaa]  VM_RedefineClasses::doit()+0x4a
V  [libjvm.dylib+0x7417ac]  VM_Operation::evaluate()+0xd4
V  [libjvm.dylib+0x749819]  VMThread::evaluate_operation(VM_Operation*)+0x12d
V  [libjvm.dylib+0x749249]  VMThread::loop()+0x101
V  [libjvm.dylib+0x74905f]  VMThread::run()+0x79
V  [libjvm.dylib+0x6eae07]  Thread::call_run()+0x71
V  [libjvm.dylib+0x5e98be]  thread_native_entry(Thread*)+0x129
C  [libsystem_pthread.dylib+0x6109]  _pthread_start+0x94
C  [libsystem_pthread.dylib+0x1b8b]  thread_start+0xf


siginfo: si_signo: 10 (SIGBUS), si_code: 2 (BUS_ADRERR), si_addr: 0x000000010ccaa7b8

Register to memory mapping:

RAX=0x000000010ccaa750 is an unknown value
RBX=0x0000000000000001 is an unknown value
RCX=0x0000000000000004 is an unknown value
RDX=0x00007fa8d8ab1318 points into unknown readable memory: e8 c3 a7 12 01 00 00 00
RSP=0x0000700009a6c950 points into unknown readable memory: 80 c9 a6 09 00 70 00 00
RBP=0x0000700009a6c950 points into unknown readable memory: 80 c9 a6 09 00 70 00 00
RSI=0x0000000000080000 is an unknown value
RDI=0x0000000112ab81e8 is pointing into metadata
R8 =0x0000000000000149 is an unknown value
R9 =0x4134a4d269340886 is an unknown value
R10=0x0000000000000002 is an unknown value
R11=0x00007fa8d88c9f40 points into unknown readable memory: 00 00 00 00 00 00 00 00
R12=0x00000000000000a8 is an unknown value
R13=0x000000010c609a10: _ZL18hsdis_library_name+0x5546e in /Library/Java/JavaVirtualMachines/jdk-14.0.2.jdk/Contents/Home/lib/server/libjvm.dylib at 0x000000010be00000
R14=0x00007fa8d600c000 is a thread
R15=0x000000010c39d56e: _ZN8Metadata13mark_on_stackEPS_+0 in /Library/Java/JavaVirtualMachines/jdk-14.0.2.jdk/Contents/Home/lib/server/libjvm.dylib at 0x000000010be00000


Registers:
RAX=0x000000010ccaa750, RBX=0x0000000000000001, RCX=0x0000000000000004, RDX=0x00007fa8d8ab1318
RSP=0x0000700009a6c950, RBP=0x0000700009a6c950, RSI=0x0000000000080000, RDI=0x0000000112ab81e8
R8 =0x0000000000000149, R9 =0x4134a4d269340886, R10=0x0000000000000002, R11=0x00007fa8d88c9f40
R12=0x00000000000000a8, R13=0x000000010c609a10, R14=0x00007fa8d600c000, R15=0x000000010c39d56e
RIP=0x000000010c39d575, EFLAGS=0x0000000000010293, ERR=0x0000000000000004
  TRAPNO=0x000000000000000e

Top of Stack: (sp=0x0000700009a6c950)
0x0000700009a6c950:   0000700009a6c980 000000010c4f2a6b
0x0000700009a6c960:   000000010c6f33a8 00007fa8d78e0488
0x0000700009a6c970:   0000000000000240 0000700009a6c9c8
0x0000700009a6c980:   0000700009a6c9b0 000000010c4efd51
0x0000700009a6c990:   0000700009a6c9c8 000000010c609a3f
0x0000700009a6c9a0:   0000000000000001 000070000a613a80
0x0000700009a6c9b0:   0000700009a6c9e0 000000010c4f1acf
0x0000700009a6c9c0:   000000010c759d48 000000010c6f33a8
0x0000700009a6c9d0:   000000010c39d56e 0000000000000001
0x0000700009a6c9e0:   0000700009a6ca10 000000010c39d514
0x0000700009a6c9f0:   0000700009a6ca10 000000010c3a6875
0x0000700009a6ca00:   000070000a613a80 00007fa8d4855800
0x0000700009a6ca10:   0000700009a6caa0 000000010c2bafaa
0x0000700009a6ca20:   0000700009a6ca50 000000010c5691d8
0x0000700009a6ca30:   0000000000000000 00007fa8d3d0bf10
0x0000700009a6ca40:   00007fa8d88c9f40 000000010b54c000
0x0000700009a6ca50:   0000700009a6ca70 00007fff720fb385
0x0000700009a6ca60:   000000010b54c000 00007fa8d8800000
0x0000700009a6ca70:   0000000009a6cab0 0000000000000a00
0x0000700009a6ca80:   000070000a613a80 000000010c609a3f
0x0000700009a6ca90:   000000010c5d9d65 000000000000000f
0x0000700009a6caa0:   0000700009a6cba0 000000010c5417ac
0x0000700009a6cab0:   0000700009a6cb90 00007fa8d3d105e0
0x0000700009a6cac0:   00007fa8d58199e0 00007fa8d58199f0
0x0000700009a6cad0:   00007fa8d5819dc8 00000000000003d8
0x0000700009a6cae0:   000000010c75a022 000000010c5f47cc
0x0000700009a6caf0:   0000000000000000 000000010c6f0df8
0x0000700009a6cb00:   000000010c5f4bdb 00000000ffffffff
0x0000700009a6cb10:   00007fa8d88c9f40 0000000000000007
0x0000700009a6cb20:   000000010c6f0e10 000000010c797848
0x0000700009a6cb30:   0000700009a6cb48 0000700000000004
0x0000700009a6cb40:   0000700009a6cb48 0000000500000005 

Instructions: (pc=0x000000010c39d575)
0x000000010c39d475:   39 d8 74 2b 48 85 c0 74 26 be 95 00 00 00 31 c0
0x000000010c39d485:   48 8d 3d 54 6b 24 00 48 8d 15 84 6b 24 00 48 8d
0x000000010c39d495:   0d 9e 6b 24 00 e8 0a 4c c7 ff e8 4c bf 04 00 49
0x000000010c39d4a5:   ff c4 49 63 87 00 01 00 00 49 83 c5 08 49 39 c4
0x000000010c39d4b5:   0f 8c 4b ff ff ff 83 f8 20 7c 10 4d 8b bf 08 01
0x000000010c39d4c5:   00 00 4d 85 ff 0f 85 22 ff ff ff 48 83 c4 08 5b
0x000000010c39d4d5:   41 5c 41 5d 41 5e 41 5f 5d c3 48 8d 3d fa 6a 24
0x000000010c39d4e5:   00 be 8a 00 00 00 e8 ae 4e c7 ff e8 fb be 04 00
0x000000010c39d4f5:   0f 0b 90 55 48 89 e5 41 56 53 48 83 ec 10 41 89
0x000000010c39d505:   d6 89 f3 48 8d 3d 5f 00 00 00 e8 98 45 15 00 85
0x000000010c39d515:   db 74 4c 48 8d 05 e1 b9 34 00 48 8d 7d e8 48 89
0x000000010c39d525:   07 e8 21 45 15 00 48 8d 7d e8 45 84 f6 74 07 e8
0x000000010c39d535:   65 22 c4 ff eb 05 e8 bc 2e c4 ff e8 87 bb c5 ff
0x000000010c39d545:   48 8d 1d 22 00 00 00 48 89 df e8 dc a7 f1 ff 48
0x000000010c39d555:   89 df e8 62 a0 15 00 48 89 df e8 1e 53 e4 ff 48
0x000000010c39d565:   83 c4 10 5b 41 5e 5d c3 90 55 48 89 e5 48 8b 07
0x000000010c39d575:   48 8b 40 68 be 01 00 00 00 5d ff e0 90 55 48 89
0x000000010c39d585:   e5 5d e9 6c ff ff ff 55 48 89 e5 41 57 41 56 41
0x000000010c39d595:   54 53 4c 8b 3d 0a f9 3c 00 4d 85 ff 74 22 48 8b
0x000000010c39d5a5:   05 ee f8 3c 00 49 89 87 08 02 00 00 4c 89 3d e0
0x000000010c39d5b5:   f8 3c 00 48 c7 05 e5 f8 3c 00 00 00 00 00 eb 17
0x000000010c39d5c5:   4c 8b 3d cc f8 3c 00 48 c7 05 d1 f8 3c 00 00 00
0x000000010c39d5d5:   00 00 4d 85 ff 74 5c 45 31 f6 4d 8b a7 00 02 00
0x000000010c39d5e5:   00 4d 29 fc 49 c1 ec 03 4c 89 fb 74 14 48 8b 3b
0x000000010c39d5f5:   48 8b 07 31 f6 ff 50 68 48 83 c3 08 49 ff cc 75
0x000000010c39d605:   ec 49 8b 87 08 02 00 00 4d 89 bf 00 02 00 00 4d
0x000000010c39d615:   89 b7 08 02 00 00 48 8b 0d 7e f8 3c 00 49 89 8f
0x000000010c39d625:   10 02 00 00 4c 89 3d 70 f8 3c 00 49 89 c7 48 85
0x000000010c39d635:   c0 75 a7 48 c7 05 55 f8 3c 00 00 00 00 00 5b 41
0x000000010c39d645:   5c 41 5e 41 5f 5d c3 55 48 89 e5 48 8b 05 51 f8
0x000000010c39d655:   3c 00 48 85 c0 74 15 48 8b 0d 35 f8 3c 00 48 89
0x000000010c39d665:   88 08 02 00 00 48 89 05 27 f8 3c 00 48 c7 05 2c 


Stack slot to memory mapping:
stack at sp + 0 slots: 0x0000700009a6c980 points into unknown readable memory: b0 c9 a6 09 00 70 00 00
stack at sp + 1 slots: 0x000000010c4f2a6b: _ZN20ThreadHandlesClosure9do_threadEP6Thread+0x2f in /Library/Java/JavaVirtualMachines/jdk-14.0.2.jdk/Contents/Home/lib/server/libjvm.dylib at 0x000000010be00000
stack at sp + 2 slots: 0x000000010c6f33a8: _ZTV20ThreadHandlesClosure+0x10 in /Library/Java/JavaVirtualMachines/jdk-14.0.2.jdk/Contents/Home/lib/server/libjvm.dylib at 0x000000010be00000
stack at sp + 3 slots: 0x00007fa8d78e0488 points into unknown readable memory: 00 68 85 d4 a8 7f 00 00
stack at sp + 4 slots: 0x0000000000000240 is an unknown value
stack at sp + 5 slots: 0x0000700009a6c9c8 points into unknown readable memory: a8 33 6f 0c 01 00 00 00
stack at sp + 6 slots: 0x0000700009a6c9b0 points into unknown readable memory: e0 c9 a6 09 00 70 00 00
stack at sp + 7 slots: 0x000000010c4efd51: _ZN7Threads15java_threads_doEP13ThreadClosure+0x47 in /Library/Java/JavaVirtualMachines/jdk-14.0.2.jdk/Contents/Home/lib/server/libjvm.dylib at 0x000000010be00000

VM_Operation (0x000070000a613a80): RedefineClasses, mode: safepoint, requested by thread 0x00007fa8d407f800


---------------  P R O C E S S  ---------------

Threads class SMR info:
_java_thread_list=0x00007fa8d78de6f0, length=21, elements={
0x00007fa8d600c000, 0x00007fa8d4856800, 0x00007fa8d4859800, 0x00007fa8d486d000,
0x00007fa8d486d800, 0x00007fa8d486e800, 0x00007fa8d401a000, 0x00007fa8d48d2000,
0x00007fa8d403d000, 0x00007fa8d407f800, 0x00007fa8d48eb800, 0x00007fa8d6029800,
0x00007fa8d40ad000, 0x00007fa8d409d800, 0x00007fa8d61a1800, 0x00007fa8d94e2000,
0x00007fa8d9c05000, 0x00007fa8d4adc000, 0x00007fa8d4ade800, 0x00007fa8d8698800,
0x00007fa8d9c9a000
}

Java Threads: ( => current thread )
  0x00007fa8d600c000 JavaThread "main" [_thread_blocked, id=10243, stack(0x000070000935b000,0x000070000945b000)]
  0x00007fa8d4856800 JavaThread "Reference Handler" daemon [_thread_blocked, id=13315, stack(0x0000700009a70000,0x0000700009b70000)]
  0x00007fa8d4859800 JavaThread "Finalizer" daemon [_thread_blocked, id=16643, stack(0x0000700009b73000,0x0000700009c73000)]
  0x00007fa8d486d000 JavaThread "Signal Dispatcher" daemon [_thread_blocked, id=22531, stack(0x0000700009dff000,0x0000700009eff000)]
  0x00007fa8d486d800 JavaThread "Service Thread" daemon [_thread_blocked, id=23043, stack(0x0000700009f02000,0x000070000a002000)]
  0x00007fa8d486e800 JavaThread "C2 CompilerThread0" daemon [_thread_blocked, id=42499, stack(0x000070000a005000,0x000070000a105000)]
  0x00007fa8d401a000 JavaThread "C1 CompilerThread0" daemon [_thread_blocked, id=23555, stack(0x000070000a108000,0x000070000a208000)]
  0x00007fa8d48d2000 JavaThread "Sweeper thread" daemon [_thread_blocked, id=41987, stack(0x000070000a20b000,0x000070000a30b000)]
  0x00007fa8d403d000 JavaThread "Common-Cleaner" daemon [_thread_blocked, id=24323, stack(0x000070000a30e000,0x000070000a40e000)]
  0x00007fa8d407f800 JavaThread "JDWP Transport Listener: dt_socket" daemon [_thread_blocked, id=25347, stack(0x000070000a514000,0x000070000a614000)]
  0x00007fa8d48eb800 JavaThread "JDWP Event Helper Thread" daemon [_thread_blocked, id=26115, stack(0x000070000a617000,0x000070000a717000)]
  0x00007fa8d6029800 JavaThread "JDWP Command Reader" daemon [_thread_in_native, id=40195, stack(0x000070000a71a000,0x000070000a81a000)]
  0x00007fa8d40ad000 JavaThread "Notification Thread" daemon [_thread_blocked, id=39939, stack(0x000070000a81d000,0x000070000a91d000)]
  0x00007fa8d409d800 JavaThread "ReaderThread" [_thread_in_native, id=39171, stack(0x000070000aa23000,0x000070000ab23000)]
  0x00007fa8d61a1800 JavaThread "TimerQueue" daemon [_thread_blocked, id=16139, stack(0x0000700009c76000,0x0000700009d76000)]
  0x00007fa8d94e2000 JavaThread "AppKit Thread" daemon [_thread_in_native, id=775, stack(0x00007ffee3ed1000,0x00007ffee46d1000)]
  0x00007fa8d9c05000 JavaThread "AWT-Shutdown" [_thread_blocked, id=45315, stack(0x000070000aeb2000,0x000070000afb2000)]
  0x00007fa8d4adc000 JavaThread "AWT-EventQueue-0" [_thread_blocked, id=70403, stack(0x000070000b0bb000,0x000070000b1bb000)]
  0x00007fa8d4ade800 JavaThread "Java2D Queue Flusher" daemon [_thread_blocked, id=58127, stack(0x000070000b1be000,0x000070000b2be000)]
  0x00007fa8d8698800 JavaThread "Java2D Disposer" daemon [_thread_blocked, id=60179, stack(0x000070000b2c1000,0x000070000b3c1000)]
  0x00007fa8d9c9a000 JavaThread "Thread-0" [_thread_blocked, id=130315, stack(0x000070000b447000,0x000070000b547000)]

Other Threads:
=>0x00007fa8d4855800 VMThread "VM Thread" [stack: 0x000070000996d000,0x0000700009a6d000] [id=17667]
  0x00007fa8d50c7800 WatcherThread [stack: 0x000070000a920000,0x000070000aa20000] [id=26883]
  0x00007fa8d4832000 GCTaskThread "GC Thread#0" [stack: 0x000070000945e000,0x000070000955e000] [id=12035]
  0x00007fa8d4995000 GCTaskThread "GC Thread#1" [stack: 0x000070000ab26000,0x000070000ac26000] [id=27395]
  0x00007fa8d4108800 GCTaskThread "GC Thread#2" [stack: 0x000070000ac29000,0x000070000ad29000] [id=27907]
  0x00007fa8d40a0000 GCTaskThread "GC Thread#3" [stack: 0x000070000ad2c000,0x000070000ae2c000] [id=28419]
  0x00007fa8d4843000 ConcurrentGCThread "G1 Main Marker" [stack: 0x0000700009561000,0x0000700009661000] [id=19203]
  0x00007fa8d4844000 ConcurrentGCThread "G1 Conc#0" [stack: 0x0000700009664000,0x0000700009764000] [id=12291]
  0x00007fa8d5093000 ConcurrentGCThread "G1 Refine#0" [stack: 0x0000700009767000,0x0000700009867000] [id=12547]
  0x00007fa8d600d800 ConcurrentGCThread "G1 Young RemSet Sampling" [stack: 0x000070000986a000,0x000070000996a000] [id=12803]

Threads with active compile tasks:

VM state:at safepoint (normal execution)

VM Mutex/Monitor currently owned by a thread:  ([mutex/lock_event])
[0x00007fa8d580be90] Threads_lock - owner thread: 0x00007fa8d4855800

Heap address: 0x0000000700000000, size: 4096 MB, Compressed Oops mode: Zero based, Oop shift amount: 3
Narrow klass base: 0x0000000800000000, Narrow klass shift: 3
Compressed class space size: 1073741824 Address: 0x0000000800b05000

Heap:
 garbage-first heap   total 40960K, used 16584K [0x0000000700000000, 0x0000000800000000)
  region size 1024K, 10 young (10240K), 2 survivors (2048K)
 Metaspace       used 20450K, capacity 21260K, committed 21504K, reserved 1069056K
  class space    used 2471K, capacity 2796K, committed 2816K, reserved 1048576K
Heap Regions: E=young(eden), S=young(survivor), O=old, HS=humongous(starts), HC=humongous(continues), CS=collection set, F=free, OA=open archive, CA=closed archive, TAMS=top-at-mark-start (previous, next)
|   0|0x0000000700000000, 0x0000000700100000, 0x0000000700100000|100%| O|  |TAMS 0x0000000700100000, 0x0000000700000000| Untracked 
|   1|0x0000000700100000, 0x0000000700200000, 0x0000000700200000|100%| O|  |TAMS 0x0000000700200000, 0x0000000700100000| Untracked 
|   2|0x0000000700200000, 0x0000000700300000, 0x0000000700300000|100%| O|  |TAMS 0x0000000700300000, 0x0000000700200000| Untracked 
|   3|0x0000000700300000, 0x0000000700400000, 0x0000000700400000|100%| O|  |TAMS 0x0000000700400000, 0x0000000700300000| Untracked 
|   4|0x0000000700400000, 0x0000000700500000, 0x0000000700500000|100%| O|  |TAMS 0x0000000700500000, 0x0000000700400000| Untracked 
|   5|0x0000000700500000, 0x0000000700600000, 0x0000000700600000|100%| O|  |TAMS 0x0000000700600000, 0x0000000700500000| Untracked 
|   6|0x0000000700600000, 0x00000007006f1a00, 0x0000000700700000| 94%| O|  |TAMS 0x00000007006f1a00, 0x0000000700600000| Untracked 
|   7|0x0000000700700000, 0x0000000700700000, 0x0000000700800000|  0%| F|  |TAMS 0x0000000700700000, 0x0000000700700000| Untracked 
|   8|0x0000000700800000, 0x0000000700800000, 0x0000000700900000|  0%| F|  |TAMS 0x0000000700800000, 0x0000000700800000| Untracked 
|   9|0x0000000700900000, 0x0000000700900000, 0x0000000700a00000|  0%| F|  |TAMS 0x0000000700900000, 0x0000000700900000| Untracked 
|  10|0x0000000700a00000, 0x0000000700a00000, 0x0000000700b00000|  0%| F|  |TAMS 0x0000000700a00000, 0x0000000700a00000| Untracked 
|  11|0x0000000700b00000, 0x0000000700b00000, 0x0000000700c00000|  0%| F|  |TAMS 0x0000000700b00000, 0x0000000700b00000| Untracked 
|  12|0x0000000700c00000, 0x0000000700c00000, 0x0000000700d00000|  0%| F|  |TAMS 0x0000000700c00000, 0x0000000700c00000| Untracked 
|  13|0x0000000700d00000, 0x0000000700d00000, 0x0000000700e00000|  0%| F|  |TAMS 0x0000000700d00000, 0x0000000700d00000| Untracked 
|  14|0x0000000700e00000, 0x0000000700e00000, 0x0000000700f00000|  0%| F|  |TAMS 0x0000000700e00000, 0x0000000700e00000| Untracked 
|  15|0x0000000700f00000, 0x0000000700f00000, 0x0000000701000000|  0%| F|  |TAMS 0x0000000700f00000, 0x0000000700f00000| Untracked 
|  16|0x0000000701000000, 0x0000000701000000, 0x0000000701100000|  0%| F|  |TAMS 0x0000000701000000, 0x0000000701000000| Untracked 
|  17|0x0000000701100000, 0x0000000701100000, 0x0000000701200000|  0%| F|  |TAMS 0x0000000701100000, 0x0000000701100000| Untracked 
|  18|0x0000000701200000, 0x0000000701200000, 0x0000000701300000|  0%| F|  |TAMS 0x0000000701200000, 0x0000000701200000| Untracked 
|  19|0x0000000701300000, 0x0000000701300000, 0x0000000701400000|  0%| F|  |TAMS 0x0000000701300000, 0x0000000701300000| Untracked 
|  20|0x0000000701400000, 0x0000000701400000, 0x0000000701500000|  0%| F|  |TAMS 0x0000000701400000, 0x0000000701400000| Untracked 
|  21|0x0000000701500000, 0x0000000701500000, 0x0000000701600000|  0%| F|  |TAMS 0x0000000701500000, 0x0000000701500000| Untracked 
|  22|0x0000000701600000, 0x0000000701600000, 0x0000000701700000|  0%| F|  |TAMS 0x0000000701600000, 0x0000000701600000| Untracked 
|  23|0x0000000701700000, 0x0000000701700000, 0x0000000701800000|  0%| F|  |TAMS 0x0000000701700000, 0x0000000701700000| Untracked 
|  24|0x0000000701800000, 0x0000000701800000, 0x0000000701900000|  0%| F|  |TAMS 0x0000000701800000, 0x0000000701800000| Untracked 
|  25|0x0000000701900000, 0x0000000701900000, 0x0000000701a00000|  0%| F|  |TAMS 0x0000000701900000, 0x0000000701900000| Untracked 
|  26|0x0000000701a00000, 0x0000000701a00000, 0x0000000701b00000|  0%| F|  |TAMS 0x0000000701a00000, 0x0000000701a00000| Untracked 
|  27|0x0000000701b00000, 0x0000000701b00000, 0x0000000701c00000|  0%| F|  |TAMS 0x0000000701b00000, 0x0000000701b00000| Untracked 
|  28|0x0000000701c00000, 0x0000000701d00000, 0x0000000701d00000|100%| E|  |TAMS 0x0000000701c00000, 0x0000000701c00000| Complete 
|  29|0x0000000701d00000, 0x0000000701e00000, 0x0000000701e00000|100%| E|CS|TAMS 0x0000000701d00000, 0x0000000701d00000| Complete 
|  30|0x0000000701e00000, 0x0000000701f00000, 0x0000000701f00000|100%| E|CS|TAMS 0x0000000701e00000, 0x0000000701e00000| Complete 
|  31|0x0000000701f00000, 0x0000000702000000, 0x0000000702000000|100%| E|CS|TAMS 0x0000000701f00000, 0x0000000701f00000| Complete 
|  32|0x0000000702000000, 0x0000000702100000, 0x0000000702100000|100%| E|CS|TAMS 0x0000000702000000, 0x0000000702000000| Complete 
|  33|0x0000000702100000, 0x0000000702200000, 0x0000000702200000|100%| E|CS|TAMS 0x0000000702100000, 0x0000000702100000| Complete 
|  34|0x0000000702200000, 0x0000000702300000, 0x0000000702300000|100%| E|CS|TAMS 0x0000000702200000, 0x0000000702200000| Complete 
| 149|0x0000000709500000, 0x00000007095749a0, 0x0000000709600000| 45%| S|CS|TAMS 0x0000000709500000, 0x0000000709500000| Complete 
| 150|0x0000000709600000, 0x0000000709700000, 0x0000000709700000|100%| S|CS|TAMS 0x0000000709600000, 0x0000000709600000| Complete 
| 318|0x0000000713e00000, 0x0000000713f00000, 0x0000000713f00000|100%| E|CS|TAMS 0x0000000713e00000, 0x0000000713e00000| Complete 
|3070|0x00000007bfe00000, 0x00000007bfe51000, 0x00000007bff00000| 31%|OA|  |TAMS 0x00000007bfe51000, 0x00000007bfe00000| Untracked 
|3071|0x00000007bff00000, 0x00000007bff7b000, 0x00000007c0000000| 48%|CA|  |TAMS 0x00000007bff7b000, 0x00000007bff00000| Untracked 

Card table byte_map: [0x000000010d5a0000,0x000000010dda0000] _byte_map_base: 0x0000000109da0000

Marking Bits (Prev, Next): (CMBitMap*) 0x00007fa8d4832a58, (CMBitMap*) 0x00007fa8d4832a18
 Prev Bits: [0x000000012afac000, 0x000000012efac000)
 Next Bits: [0x000000010e5a0000, 0x00000001125a0000)

Polling page: 0x000000010b567000

Metaspace:

Usage:
  Non-class:     18.03 MB capacity,    17.56 MB ( 97%) used,   406.07 KB (  2%) free+waste,    78.88 KB ( <1%) overhead. 
      Class:      2.73 MB capacity,     2.41 MB ( 88%) used,   283.22 KB ( 10%) free+waste,    41.56 KB (  1%) overhead. 
       Both:     20.76 MB capacity,    19.97 MB ( 96%) used,   689.29 KB (  3%) free+waste,   120.44 KB ( <1%) overhead. 

Virtual space:
  Non-class space:       20.00 MB reserved,      18.25 MB ( 91%) committed 
      Class space:        1.00 GB reserved,       2.75 MB ( <1%) committed 
             Both:        1.02 GB reserved,      21.00 MB (  2%) committed 

Chunk freelists:
   Non-Class:  156.00 KB
       Class:  0 bytes
        Both:  156.00 KB

MaxMetaspaceSize: unlimited
CompressedClassSpaceSize: 1.00 GB

CodeHeap 'non-profiled nmethods': size=120032Kb used=1783Kb max_used=1783Kb free=118248Kb
 bounds [0x0000000123a74000, 0x0000000123ce4000, 0x000000012afac000]
CodeHeap 'profiled nmethods': size=120028Kb used=4797Kb max_used=5240Kb free=115230Kb
 bounds [0x000000011c53d000, 0x000000011ca5d000, 0x0000000123a74000]
CodeHeap 'non-nmethods': size=5700Kb used=1443Kb max_used=1498Kb free=4256Kb
 bounds [0x000000011bfac000, 0x000000011c21c000, 0x000000011c53d000]
 total_blobs=3209 nmethods=2519 adapters=603
 compilation: enabled
              stopped_count=0, restarted_count=0
 full_count=0

Compilation events (20 events):
Event: 250.276 Thread 0x00007fa8d486e800 2952   !   4       javax.swing.TimerQueue::addTimer (82 bytes)
Event: 250.297 Thread 0x00007fa8d486e800 nmethod 2952 0x0000000123c24490 code [0x0000000123c24960, 0x0000000123c26290]
Event: 250.313 Thread 0x00007fa8d486e800 2953       4       javax.swing.Timer::post (36 bytes)
Event: 250.327 Thread 0x00007fa8d486e800 nmethod 2953 0x0000000123c26f90 code [0x0000000123c27260, 0x0000000123c28020]
Event: 251.676 Thread 0x00007fa8d486e800 2954   !   4       java.util.concurrent.ForkJoinPool::managedBlock (158 bytes)
Event: 251.681 Thread 0x00007fa8d486e800 nmethod 2954 0x0000000123c28790 code [0x0000000123c28980, 0x0000000123c28b88]
Event: 257.224 Thread 0x00007fa8d486e800 2955   !   4       org.graphstream.ui.view.Viewer::actionPerformed (128 bytes)
Event: 257.230 Thread 0x00007fa8d486e800 nmethod 2955 0x0000000123c28d90 code [0x0000000123c28fc0, 0x0000000123c29578]
Event: 292.624 Thread 0x00007fa8d486e800 2957   !   4       java.awt.EventQueue::getNextEvent (84 bytes)
Event: 292.661 Thread 0x00007fa8d486e800 nmethod 2957 0x0000000123c29810 code [0x0000000123c29de0, 0x0000000123c2bbb0]
Event: 292.661 Thread 0x00007fa8d486e800 2956   !   4       java.awt.EventDispatchThread::pumpOneEventForFilters (113 bytes)
Event: 292.671 Thread 0x00007fa8d486e800 nmethod 2956 0x0000000123c2cc10 code [0x0000000123c2cf40, 0x0000000123c2dc48]
Event: 294.670 Thread 0x00007fa8d486e800 2958   !   4       java.util.concurrent.DelayQueue::take (214 bytes)
Event: 294.693 Thread 0x00007fa8d486e800 nmethod 2958 0x0000000123c2e390 code [0x0000000123c2e800, 0x0000000123c2faa0]
Event: 437.602 Thread 0x00007fa8d486e800 2959       4       sun.java2d.pipe.RenderQueue::unlock (4 bytes)
Event: 437.608 Thread 0x00007fa8d486e800 nmethod 2959 0x0000000123c30590 code [0x0000000123c30780, 0x0000000123c30ae8]
Event: 446.570 Thread 0x00007fa8d486e800 2960       4       org.graphstream.ui.layout.springbox.BarnesHutLayout::getStabilization (65 bytes)
Event: 446.577 Thread 0x00007fa8d486e800 nmethod 2960 0x0000000123c30d90 code [0x0000000123c31060, 0x0000000123c31678]
Event: 457.247 Thread 0x00007fa8d486e800 2961   !   4       org.graphstream.ui.layout.LayoutRunner::nap (9 bytes)
Event: 457.249 Thread 0x00007fa8d486e800 nmethod 2961 0x0000000123c31a90 code [0x0000000123c31c20, 0x0000000123c31ce8]

GC Heap History (20 events):
Event: 14.448 GC heap before
{Heap before GC invocations=17 (full 0):
 garbage-first heap   total 328704K, used 199781K [0x0000000700000000, 0x0000000800000000)
  region size 1024K, 192 young (196608K), 5 survivors (5120K)
 Metaspace       used 13194K, capacity 13750K, committed 13952K, reserved 1060864K
  class space    used 1635K, capacity 1860K, committed 1920K, reserved 1048576K
}
Event: 14.453 GC heap after
{Heap after GC invocations=18 (full 0):
 garbage-first heap   total 328704K, used 8371K [0x0000000700000000, 0x0000000800000000)
  region size 1024K, 1 young (1024K), 1 survivors (1024K)
 Metaspace       used 13194K, capacity 13750K, committed 13952K, reserved 1060864K
  class space    used 1635K, capacity 1860K, committed 1920K, reserved 1048576K
}
Event: 14.713 GC heap before
{Heap before GC invocations=18 (full 0):
 garbage-first heap   total 328704K, used 203955K [0x0000000700000000, 0x0000000800000000)
  region size 1024K, 192 young (196608K), 1 survivors (1024K)
 Metaspace       used 13194K, capacity 13750K, committed 13952K, reserved 1060864K
  class space    used 1635K, capacity 1860K, committed 1920K, reserved 1048576K
}
Event: 14.714 GC heap after
{Heap after GC invocations=19 (full 0):
 garbage-first heap   total 328704K, used 8098K [0x0000000700000000, 0x0000000800000000)
  region size 1024K, 1 young (1024K), 1 survivors (1024K)
 Metaspace       used 13194K, capacity 13750K, committed 13952K, reserved 1060864K
  class space    used 1635K, capacity 1860K, committed 1920K, reserved 1048576K
}
Event: 14.984 GC heap before
{Heap before GC invocations=19 (full 0):
 garbage-first heap   total 328704K, used 203682K [0x0000000700000000, 0x0000000800000000)
  region size 1024K, 192 young (196608K), 1 survivors (1024K)
 Metaspace       used 13194K, capacity 13750K, committed 13952K, reserved 1060864K
  class space    used 1635K, capacity 1860K, committed 1920K, reserved 1048576K
}
Event: 14.985 GC heap after
{Heap after GC invocations=20 (full 0):
 garbage-first heap   total 328704K, used 8053K [0x0000000700000000, 0x0000000800000000)
  region size 1024K, 1 young (1024K), 1 survivors (1024K)
 Metaspace       used 13194K, capacity 13750K, committed 13952K, reserved 1060864K
  class space    used 1635K, capacity 1860K, committed 1920K, reserved 1048576K
}
Event: 15.280 GC heap before
{Heap before GC invocations=20 (full 0):
 garbage-first heap   total 328704K, used 203637K [0x0000000700000000, 0x0000000800000000)
  region size 1024K, 192 young (196608K), 1 survivors (1024K)
 Metaspace       used 13211K, capacity 13750K, committed 13952K, reserved 1060864K
  class space    used 1635K, capacity 1860K, committed 1920K, reserved 1048576K
}
Event: 15.281 GC heap after
{Heap after GC invocations=21 (full 0):
 garbage-first heap   total 328704K, used 8091K [0x0000000700000000, 0x0000000800000000)
  region size 1024K, 1 young (1024K), 1 survivors (1024K)
 Metaspace       used 13211K, capacity 13750K, committed 13952K, reserved 1060864K
  class space    used 1635K, capacity 1860K, committed 1920K, reserved 1048576K
}
Event: 15.544 GC heap before
{Heap before GC invocations=21 (full 0):
 garbage-first heap   total 328704K, used 203675K [0x0000000700000000, 0x0000000800000000)
  region size 1024K, 192 young (196608K), 1 survivors (1024K)
 Metaspace       used 13219K, capacity 13878K, committed 14208K, reserved 1060864K
  class space    used 1635K, capacity 1860K, committed 1920K, reserved 1048576K
}
Event: 15.545 GC heap after
{Heap after GC invocations=22 (full 0):
 garbage-first heap   total 328704K, used 7999K [0x0000000700000000, 0x0000000800000000)
  region size 1024K, 1 young (1024K), 1 survivors (1024K)
 Metaspace       used 13219K, capacity 13878K, committed 14208K, reserved 1060864K
  class space    used 1635K, capacity 1860K, committed 1920K, reserved 1048576K
}
Event: 15.830 GC heap before
{Heap before GC invocations=22 (full 0):
 garbage-first heap   total 328704K, used 203583K [0x0000000700000000, 0x0000000800000000)
  region size 1024K, 192 young (196608K), 1 survivors (1024K)
 Metaspace       used 13222K, capacity 13878K, committed 14208K, reserved 1060864K
  class space    used 1635K, capacity 1860K, committed 1920K, reserved 1048576K
}
Event: 15.831 GC heap after
{Heap after GC invocations=23 (full 0):
 garbage-first heap   total 328704K, used 8035K [0x0000000700000000, 0x0000000800000000)
  region size 1024K, 1 young (1024K), 1 survivors (1024K)
 Metaspace       used 13222K, capacity 13878K, committed 14208K, reserved 1060864K
  class space    used 1635K, capacity 1860K, committed 1920K, reserved 1048576K
}
Event: 16.113 GC heap before
{Heap before GC invocations=23 (full 0):
 garbage-first heap   total 328704K, used 203619K [0x0000000700000000, 0x0000000800000000)
  region size 1024K, 192 young (196608K), 1 survivors (1024K)
 Metaspace       used 13225K, capacity 13878K, committed 14208K, reserved 1060864K
  class space    used 1635K, capacity 1860K, committed 1920K, reserved 1048576K
}
Event: 16.114 GC heap after
{Heap after GC invocations=24 (full 0):
 garbage-first heap   total 328704K, used 8034K [0x0000000700000000, 0x0000000800000000)
  region size 1024K, 1 young (1024K), 1 survivors (1024K)
 Metaspace       used 13225K, capacity 13878K, committed 14208K, reserved 1060864K
  class space    used 1635K, capacity 1860K, committed 1920K, reserved 1048576K
}
Event: 16.414 GC heap before
{Heap before GC invocations=24 (full 0):
 garbage-first heap   total 328704K, used 203618K [0x0000000700000000, 0x0000000800000000)
  region size 1024K, 192 young (196608K), 1 survivors (1024K)
 Metaspace       used 13226K, capacity 13878K, committed 14208K, reserved 1060864K
  class space    used 1635K, capacity 1860K, committed 1920K, reserved 1048576K
}
Event: 16.415 GC heap after
{Heap after GC invocations=25 (full 0):
 garbage-first heap   total 328704K, used 8100K [0x0000000700000000, 0x0000000800000000)
  region size 1024K, 1 young (1024K), 1 survivors (1024K)
 Metaspace       used 13226K, capacity 13878K, committed 14208K, reserved 1060864K
  class space    used 1635K, capacity 1860K, committed 1920K, reserved 1048576K
}
Event: 16.722 GC heap before
{Heap before GC invocations=25 (full 0):
 garbage-first heap   total 328704K, used 203684K [0x0000000700000000, 0x0000000800000000)
  region size 1024K, 192 young (196608K), 1 survivors (1024K)
 Metaspace       used 13227K, capacity 13878K, committed 14208K, reserved 1060864K
  class space    used 1635K, capacity 1860K, committed 1920K, reserved 1048576K
}
Event: 16.723 GC heap after
{Heap after GC invocations=26 (full 0):
 garbage-first heap   total 328704K, used 8030K [0x0000000700000000, 0x0000000800000000)
  region size 1024K, 1 young (1024K), 1 survivors (1024K)
 Metaspace       used 13227K, capacity 13878K, committed 14208K, reserved 1060864K
  class space    used 1635K, capacity 1860K, committed 1920K, reserved 1048576K
}
Event: 20.651 GC heap before
{Heap before GC invocations=26 (full 0):
 garbage-first heap   total 328704K, used 179038K [0x0000000700000000, 0x0000000800000000)
  region size 1024K, 169 young (173056K), 1 survivors (1024K)
 Metaspace       used 20394K, capacity 21132K, committed 21248K, reserved 1067008K
  class space    used 2468K, capacity 2796K, committed 2816K, reserved 1048576K
}
Event: 20.657 GC heap after
{Heap after GC invocations=27 (full 0):
 garbage-first heap   total 328704K, used 9416K [0x0000000700000000, 0x0000000800000000)
  region size 1024K, 2 young (2048K), 2 survivors (2048K)
 Metaspace       used 20394K, capacity 21132K, committed 21248K, reserved 1067008K
  class space    used 2468K, capacity 2796K, committed 2816K, reserved 1048576K
}

Deoptimization events (20 events):
Event: 17.522 Thread 0x00007fa8d600c000 DEOPT PACKING pc=0x0000000123b9f278 sp=0x00007000094578c0
Event: 17.522 Thread 0x00007fa8d600c000 DEOPT UNPACKING pc=0x000000011bff4e25 sp=0x00007000094578c0 mode 2
Event: 17.522 Thread 0x00007fa8d600c000 Uncommon trap: trap_request=0xffffffc6 fr.pc=0x0000000123b9eec0 relative=0x00000000000027e0
Event: 17.522 Thread 0x00007fa8d600c000 Uncommon trap: reason=bimorphic_or_optimized_type_check action=maybe_recompile pc=0x0000000123b9eec0 method=java.util.HashMap.putVal(ILjava/lang/Object;Ljava/lang/Object;ZZ)Ljava/lang/Object; @ 56 c2
Event: 17.522 Thread 0x00007fa8d600c000 DEOPT PACKING pc=0x0000000123b9eec0 sp=0x00007000094578c0
Event: 17.522 Thread 0x00007fa8d600c000 DEOPT UNPACKING pc=0x000000011bff4e25 sp=0x00007000094578b8 mode 2
Event: 17.523 Thread 0x00007fa8d600c000 DEOPT PACKING pc=0x000000011c80d93c sp=0x0000700009457180
Event: 17.523 Thread 0x00007fa8d600c000 DEOPT UNPACKING pc=0x000000011bff533a sp=0x0000700009456690 mode 1
Event: 17.545 Thread 0x00007fa8d600c000 Uncommon trap: trap_request=0xffffff45 fr.pc=0x0000000123b94984 relative=0x00000000000000e4
Event: 17.545 Thread 0x00007fa8d600c000 Uncommon trap: reason=unstable_if action=reinterpret pc=0x0000000123b94984 method=java.util.HashMap.hash(Ljava/lang/Object;)I @ 1 c2
Event: 17.545 Thread 0x00007fa8d600c000 DEOPT PACKING pc=0x0000000123b94984 sp=0x0000700009457900
Event: 17.545 Thread 0x00007fa8d600c000 DEOPT UNPACKING pc=0x000000011bff4e25 sp=0x0000700009457858 mode 2
Event: 17.545 Thread 0x00007fa8d600c000 Uncommon trap: trap_request=0xffffff45 fr.pc=0x0000000123b51c04 relative=0x00000000000000e4
Event: 17.545 Thread 0x00007fa8d600c000 Uncommon trap: reason=unstable_if action=reinterpret pc=0x0000000123b51c04 method=java.util.HashMap.hash(Ljava/lang/Object;)I @ 1 c2
Event: 17.545 Thread 0x00007fa8d600c000 DEOPT PACKING pc=0x0000000123b51c04 sp=0x00007000094578f0
Event: 17.545 Thread 0x00007fa8d600c000 DEOPT UNPACKING pc=0x000000011bff4e25 sp=0x0000700009457860 mode 2
Event: 17.550 Thread 0x00007fa8d600c000 Uncommon trap: trap_request=0xffffff45 fr.pc=0x0000000123af9240 relative=0x00000000000000a0
Event: 17.550 Thread 0x00007fa8d600c000 Uncommon trap: reason=unstable_if action=reinterpret pc=0x0000000123af9240 method=java.util.HashMap.hash(Ljava/lang/Object;)I @ 1 c2
Event: 17.550 Thread 0x00007fa8d600c000 DEOPT PACKING pc=0x0000000123af9240 sp=0x0000700009457810
Event: 17.550 Thread 0x00007fa8d600c000 DEOPT UNPACKING pc=0x000000011bff4e25 sp=0x00007000094577c8 mode 2

Classes unloaded (0 events):
No events

Classes redefined (4 events):
Event: 161.634 Thread 0x00007fa8d4855800 redefined class name=mctbnc.LearnMCTBNC, count=1
Event: 411.049 Thread 0x00007fa8d4855800 redefined class name=mctbnc.LearnMCTBNC, count=2
Event: 483.045 Thread 0x00007fa8d4855800 redefined class name=mctbnc.LearnMCTBNC, count=3
Event: 494.649 Thread 0x00007fa8d4855800 redefined class name=mctbnc.LearnMCTBNC, count=4

Internal exceptions (20 events):
Event: 16.966 Thread 0x00007fa8d600c000 Exception <a 'java/io/FileNotFoundException'{0x000000070a659520}> (0x000000070a659520) 
thrown [./open/src/hotspot/share/prims/jni.cpp, line 599]
Event: 17.005 Thread 0x00007fa8d600c000 Exception <a 'java/lang/ClassNotFoundException'{0x000000070a3c27d8}: sun/awt/resources/spi/awtosxProvider> (0x000000070a3c27d8) 
thrown [./open/src/hotspot/share/classfile/systemDictionary.cpp, line 226]
Event: 17.371 Thread 0x00007fa8d600c000 Exception <a 'java/lang/NoSuchMethodError'{0x000000070a1269a8}: 'void java.lang.invoke.DirectMethodHandle$Holder.invokeStaticInit(java.lang.Object)'> (0x000000070a1269a8) 
thrown [./open/src/hotspot/share/interpreter/linkResolver.cpp, line 766]
Event: 17.380 Thread 0x00007fa8d600c000 Exception <a 'java/lang/NoSuchMethodError'{0x000000070a14e348}: 'java.lang.Object java.lang.invoke.DirectMethodHandle$Holder.invokeStatic(java.lang.Object, int, java.lang.Object, java.lang.Object, java.lang.Object, java.lang.Object)'> (0x000000070a14e348) 
thrown [./open/src/hotspot/share/interpreter/linkResolver.cpp, line 766]
Event: 17.381 Thread 0x00007fa8d600c000 Exception <a 'java/lang/NoSuchMethodError'{0x000000070a1551c0}: 'java.lang.Object java.lang.invoke.DirectMethodHandle$Holder.invokeStatic(java.lang.Object, int, java.lang.Object, java.lang.Object, java.lang.Object)'> (0x000000070a1551c0) 
thrown [./open/src/hotspot/share/interpreter/linkResolver.cpp, line 766]
Event: 17.381 Thread 0x00007fa8d600c000 Exception <a 'java/lang/NoSuchMethodError'{0x000000070a158f60}: 'java.lang.Object java.lang.invoke.DirectMethodHandle$Holder.invokeSpecial(java.lang.Object, java.lang.Object, int, java.lang.Object, java.lang.Object, java.lang.Object)'> (0x000000070a158f60) 
thrown [./open/src/hotspot/share/interpreter/linkResolver.cpp, line 766]
Event: 17.384 Thread 0x00007fa8d600c000 Exception <a 'java/lang/NoSuchMethodError'{0x000000070a16fed0}: 'java.lang.Object java.lang.invoke.DirectMethodHandle$Holder.invokeStatic(java.lang.Object, int, java.lang.Object)'> (0x000000070a16fed0) 
thrown [./open/src/hotspot/share/interpreter/linkResolver.cpp, line 766]
Event: 17.391 Thread 0x00007fa8d600c000 Exception <a 'java/lang/ClassNotFoundException'{0x000000070a19cea8}: com/apple/laf/resources/spi/aquaProvider> (0x000000070a19cea8) 
thrown [./open/src/hotspot/share/classfile/systemDictionary.cpp, line 226]
Event: 17.523 Thread 0x00007fa8d600c000 Exception <a 'java/lang/ClassNotFoundException'{0x0000000709f839d0}: com/sun/swing/internal/plaf/basic/resources/spi/basicProvider> (0x0000000709f839d0) 
thrown [./open/src/hotspot/share/classfile/systemDictionary.cpp, line 226]
Event: 17.545 Thread 0x00007fa8d600c000 Implicit null exception at 0x0000000123b948e3 to 0x0000000123b9497a
Event: 17.545 Thread 0x00007fa8d600c000 Implicit null exception at 0x0000000123b51b68 to 0x0000000123b51bfa
Event: 17.550 Thread 0x00007fa8d600c000 Implicit null exception at 0x0000000123af91af to 0x0000000123af9231
Event: 17.561 Thread 0x00007fa8d600c000 Exception <a 'java/lang/NoSuchMethodError'{0x0000000709eea5d0}: 'java.lang.Object java.lang.invoke.Invokers$Holder.linkToTargetMethod(java.lang.Object, java.lang.Object, int, java.lang.Object, java.lang.Object)'> (0x0000000709eea5d0) 
thrown [./open/src/hotspot/share/interpreter/linkResolver.cpp, line 766]
Event: 17.588 Thread 0x00007fa8d600c000 Exception <a 'java/lang/NoSuchMethodError'{0x0000000709eef5a0}: 'void java.lang.invoke.DirectMethodHandle$Holder.invokeStatic(java.lang.Object, int, long)'> (0x0000000709eef5a0) 
thrown [./open/src/hotspot/share/interpreter/linkResolver.cpp, line 766]
Event: 17.592 Thread 0x00007fa8d600c000 Exception <a 'java/lang/NoSuchMethodError'{0x0000000709d05328}: 'java.lang.Object java.lang.invoke.Invokers$Holder.linkToTargetMethod(int, int, int, int, java.lang.Object)'> (0x0000000709d05328) 
thrown [./open/src/hotspot/share/interpreter/linkResolver.cpp, line 766]
Event: 17.594 Thread 0x00007fa8d600c000 Exception <a 'java/lang/NoSuchMethodError'{0x0000000709d083a0}: 'void java.lang.invoke.DirectMethodHandle$Holder.invokeStatic(java.lang.Object, java.lang.Object, long)'> (0x0000000709d083a0) 
thrown [./open/src/hotspot/share/interpreter/linkResolver.cpp, line 766]
Event: 17.607 Thread 0x00007fa8d94e2000 Exception <a 'java/lang/NoSuchMethodError'{0x0000000709f6fd70}: 'void java.lang.invoke.DirectMethodHandle$Holder.invokeSpecial(java.lang.Object, java.lang.Object, long)'> (0x0000000709f6fd70) 
thrown [./open/src/hotspot/share/interpreter/linkResolver.cpp, line 766]
Event: 17.668 Thread 0x00007fa8d94e2000 Exception <a 'java/lang/NoSuchMethodError'{0x0000000709f7f248}: 'void java.lang.invoke.DirectMethodHandle$Holder.invokeStatic(java.lang.Object, long)'> (0x0000000709f7f248) 
thrown [./open/src/hotspot/share/interpreter/linkResolver.cpp, line 766]
Event: 17.691 Thread 0x00007fa8d600c000 Exception <a 'java/lang/NoSuchMethodError'{0x0000000709d2a9c0}: 'void java.lang.invoke.DirectMethodHandle$Holder.invokeStatic(java.lang.Object, long, long)'> (0x0000000709d2a9c0) 
thrown [./open/src/hotspot/share/interpreter/linkResolver.cpp, line 766]
Event: 17.697 Thread 0x00007fa8d600c000 Exception <a 'java/lang/NoSuchMethodError'{0x0000000709d364b0}: 'java.lang.Object java.lang.invoke.Invokers$Holder.linkToTargetMethod(java.lang.Object, int, java.lang.Object)'> (0x0000000709d364b0) 
thrown [./open/src/hotspot/share/interpreter/linkResolver.cpp, line 766]

Events (20 events):
Event: 494.761 Executing VM operation: GetFrameLocation done
Event: 494.761 Executing VM operation: get/set locals
Event: 494.761 Executing VM operation: get/set locals done
Event: 494.761 Executing VM operation: GetFrameLocation
Event: 494.761 Executing VM operation: GetFrameLocation done
Event: 494.761 Executing VM operation: get/set locals
Event: 494.761 Executing VM operation: get/set locals done
Event: 494.761 Executing VM operation: GetFrameLocation
Event: 494.761 Executing VM operation: GetFrameLocation done
Event: 494.761 Executing VM operation: get/set locals
Event: 494.762 Executing VM operation: get/set locals done
Event: 494.762 Executing VM operation: GetFrameLocation
Event: 494.762 Executing VM operation: GetFrameLocation done
Event: 494.762 Executing VM operation: get/set locals
Event: 494.762 Executing VM operation: get/set locals done
Event: 494.762 Executing VM operation: GetFrameLocation
Event: 494.762 Executing VM operation: GetFrameLocation done
Event: 494.762 Executing VM operation: get/set locals
Event: 494.762 Executing VM operation: get/set locals done
Event: 512.036 Executing VM operation: RedefineClasses


Dynamic libraries:
0x00007fff71463000 	/usr/lib/libz.1.dylib
0x000000010b538000 	/Library/Java/JavaVirtualMachines/jdk-14.0.2.jdk/Contents/Home/lib/libjli.dylib
0x00007fff37023000 	/System/Library/Frameworks/Cocoa.framework/Versions/A/Cocoa
0x00007fff4480b000 	/System/Library/Frameworks/Security.framework/Versions/A/Security
0x00007fff35f8a000 	/System/Library/Frameworks/ApplicationServices.framework/Versions/A/ApplicationServices
0x00007fff6ef27000 	/usr/lib/libSystem.B.dylib
0x00007fff71d23000 	/usr/lib/system/libcache.dylib
0x00007fff71d29000 	/usr/lib/system/libcommonCrypto.dylib
0x00007fff71d35000 	/usr/lib/system/libcompiler_rt.dylib
0x00007fff71d3d000 	/usr/lib/system/libcopyfile.dylib
0x00007fff71d47000 	/usr/lib/system/libcorecrypto.dylib
0x00007fff71ee6000 	/usr/lib/system/libdispatch.dylib
0x00007fff71f27000 	/usr/lib/system/libdyld.dylib
0x00007fff71f5e000 	/usr/lib/system/libkeymgr.dylib
0x00007fff71f6c000 	/usr/lib/system/liblaunch.dylib
0x00007fff71f6d000 	/usr/lib/system/libmacho.dylib
0x00007fff71f73000 	/usr/lib/system/libquarantine.dylib
0x00007fff71f76000 	/usr/lib/system/libremovefile.dylib
0x00007fff71f78000 	/usr/lib/system/libsystem_asl.dylib
0x00007fff71f90000 	/usr/lib/system/libsystem_blocks.dylib
0x00007fff71f91000 	/usr/lib/system/libsystem_c.dylib
0x00007fff72019000 	/usr/lib/system/libsystem_configuration.dylib
0x00007fff7201d000 	/usr/lib/system/libsystem_coreservices.dylib
0x00007fff72021000 	/usr/lib/system/libsystem_darwin.dylib
0x00007fff7202a000 	/usr/lib/system/libsystem_dnssd.dylib
0x00007fff72032000 	/usr/lib/system/libsystem_featureflags.dylib
0x00007fff72034000 	/usr/lib/system/libsystem_info.dylib
0x00007fff720af000 	/usr/lib/system/libsystem_m.dylib
0x00007fff720f7000 	/usr/lib/system/libsystem_malloc.dylib
0x00007fff7211f000 	/usr/lib/system/libsystem_networkextension.dylib
0x00007fff7212d000 	/usr/lib/system/libsystem_notify.dylib
0x00007fff7214b000 	/usr/lib/system/libsystem_sandbox.dylib
0x00007fff72150000 	/usr/lib/system/libsystem_secinit.dylib
0x00007fff72082000 	/usr/lib/system/libsystem_kernel.dylib
0x00007fff72137000 	/usr/lib/system/libsystem_platform.dylib
0x00007fff72140000 	/usr/lib/system/libsystem_pthread.dylib
0x00007fff72153000 	/usr/lib/system/libsystem_symptoms.dylib
0x00007fff7215b000 	/usr/lib/system/libsystem_trace.dylib
0x00007fff72173000 	/usr/lib/system/libunwind.dylib
0x00007fff72179000 	/usr/lib/system/libxpc.dylib
0x00007fff70d87000 	/usr/lib/libobjc.A.dylib
0x00007fff6f260000 	/usr/lib/libc++abi.dylib
0x00007fff6f20d000 	/usr/lib/libc++.1.dylib
0x00007fff37ec3000 	/System/Library/Frameworks/CoreFoundation.framework/Versions/A/CoreFoundation
0x00007fff3a57d000 	/System/Library/Frameworks/Foundation.framework/Versions/C/Foundation
0x00007fff3517a000 	/System/Library/Frameworks/AppKit.framework/Versions/C/AppKit
0x00007fff379a7000 	/System/Library/Frameworks/CoreData.framework/Versions/A/CoreData
0x00007fff68f42000 	/System/Library/PrivateFrameworks/UIFoundation.framework/Versions/A/UIFoundation
0x00007fff63fe6000 	/System/Library/PrivateFrameworks/RemoteViewServices.framework/Versions/A/RemoteViewServices
0x00007fff6ba97000 	/System/Library/PrivateFrameworks/XCTTargetBootstrap.framework/Versions/A/XCTTargetBootstrap
0x00007fff37d92000 	/System/Library/Frameworks/CoreDisplay.framework/Versions/A/CoreDisplay
0x00007fff3d438000 	/System/Library/Frameworks/Metal.framework/Versions/A/Metal
0x00007fff51ff2000 	/System/Library/PrivateFrameworks/DesktopServicesPriv.framework/Versions/A/DesktopServicesPriv
0x00007fff70062000 	/usr/lib/liblangid.dylib
0x00007fff5128a000 	/System/Library/PrivateFrameworks/CoreSVG.framework/Versions/A/CoreSVG
0x00007fff6713f000 	/System/Library/PrivateFrameworks/SkyLight.framework/Versions/A/SkyLight
0x00007fff38344000 	/System/Library/Frameworks/CoreGraphics.framework/Versions/A/CoreGraphics
0x00007fff33b4e000 	/System/Library/Frameworks/Accelerate.framework/Versions/A/Accelerate
0x00007fff71354000 	/usr/lib/libxml2.2.dylib
0x00007fff5cf7f000 	/System/Library/PrivateFrameworks/IconServices.framework/Versions/A/IconServices
0x00007fff3ad5c000 	/System/Library/Frameworks/IOSurface.framework/Versions/A/IOSurface
0x00007fff6ea51000 	/usr/lib/libDiagnosticMessagesClient.dylib
0x00007fff51e4c000 	/System/Library/PrivateFrameworks/DFRFoundation.framework/Versions/A/DFRFoundation
0x00007fff6fdf1000 	/usr/lib/libicucore.A.dylib
0x00007fff362bc000 	/System/Library/Frameworks/AudioToolbox.framework/Versions/A/AudioToolbox
0x00007fff3639f000 	/System/Library/Frameworks/AudioUnit.framework/Versions/A/AudioUnit
0x00007fff6f129000 	/usr/lib/libauto.dylib
0x00007fff51eee000 	/System/Library/PrivateFrameworks/DataDetectorsCore.framework/Versions/A/DataDetectorsCore
0x00007fff36b44000 	/System/Library/Frameworks/Carbon.framework/Versions/A/Frameworks/HIToolbox.framework/Versions/A/HIToolbox
0x00007fff43a08000 	/System/Library/Frameworks/QuartzCore.framework/Versions/A/QuartzCore
0x00007fff36e83000 	/System/Library/Frameworks/Carbon.framework/Versions/A/Frameworks/SpeechRecognition.framework/Versions/A/SpeechRecognition
0x00007fff51963000 	/System/Library/PrivateFrameworks/CoreUI.framework/Versions/A/CoreUI
0x00007fff37412000 	/System/Library/Frameworks/CoreAudio.framework/Versions/A/CoreAudio
0x00007fff3a23e000 	/System/Library/Frameworks/DiskArbitration.framework/Versions/A/DiskArbitration
0x00007fff5efcd000 	/System/Library/PrivateFrameworks/MultitouchSupport.framework/Versions/A/MultitouchSupport
0x00007fff6fcb8000 	/usr/lib/libenergytrace.dylib
0x00007fff3acb6000 	/System/Library/Frameworks/IOKit.framework/Versions/A/IOKit
0x00007fff392aa000 	/System/Library/Frameworks/CoreServices.framework/Versions/A/CoreServices
0x00007fff6117c000 	/System/Library/PrivateFrameworks/PerformanceAnalysis.framework/Versions/A/PerformanceAnalysis
0x00007fff42a3b000 	/System/Library/Frameworks/OpenGL.framework/Versions/A/OpenGL
0x00007fff37031000 	/System/Library/Frameworks/ColorSync.framework/Versions/A/ColorSync
0x00007fff389c6000 	/System/Library/Frameworks/CoreImage.framework/Versions/A/CoreImage
0x00007fff39d1d000 	/System/Library/Frameworks/CoreText.framework/Versions/A/CoreText
0x00007fff3adec000 	/System/Library/Frameworks/ImageIO.framework/Versions/A/ImageIO
0x00007fff6f289000 	/usr/lib/libcompression.dylib
0x00007fff6ed95000 	/usr/lib/libMobileGestalt.dylib
0x00007fff68cb7000 	/System/Library/PrivateFrameworks/TextureIO.framework/Versions/A/TextureIO
0x00007fff6f08c000 	/usr/lib/libate.dylib
0x00007fff5d188000 	/System/Library/PrivateFrameworks/InternationalSupport.framework/Versions/A/InternationalSupport
0x00007fff70064000 	/usr/lib/liblzma.5.dylib
0x00007fff6fcdf000 	/usr/lib/libfakelink.dylib
0x00007fff6f019000 	/usr/lib/libarchive.2.dylib
0x00007fff458bc000 	/System/Library/Frameworks/SystemConfiguration.framework/Versions/A/SystemConfiguration
0x00007fff6e984000 	/usr/lib/libCRFSuite.dylib
0x00007fff36735000 	/System/Library/Frameworks/CFNetwork.framework/Versions/A/CFNetwork
0x00007fff6f1ef000 	/usr/lib/libbsm.0.dylib
0x00007fff71f5f000 	/usr/lib/system/libkxld.dylib
0x00007fff4b7d8000 	/System/Library/PrivateFrameworks/AppleFSCompression.framework/Versions/A/AppleFSCompression
0x00007fff6f57a000 	/usr/lib/libcoretls.dylib
0x00007fff6f591000 	/usr/lib/libcoretls_cfhelpers.dylib
0x00007fff70dcd000 	/usr/lib/libpam.2.dylib
0x00007fff70f02000 	/usr/lib/libsqlite3.dylib
0x00007fff71341000 	/usr/lib/libxar.1.dylib
0x00007fff6f200000 	/usr/lib/libbz2.1.0.dylib
0x00007fff6fd00000 	/usr/lib/libiconv.2.dylib
0x00007fff6f276000 	/usr/lib/libcharset.1.dylib
0x00007fff7086a000 	/usr/lib/libnetwork.dylib
0x00007fff70dd4000 	/usr/lib/libpcap.A.dylib
0x00007fff6efce000 	/usr/lib/libapple_nghttp2.dylib
0x00007fff39661000 	/System/Library/Frameworks/CoreServices.framework/Versions/A/Frameworks/FSEvents.framework/Versions/A/FSEvents
0x00007fff39331000 	/System/Library/Frameworks/CoreServices.framework/Versions/A/Frameworks/CarbonCore.framework/Versions/A/CarbonCore
0x00007fff398a5000 	/System/Library/Frameworks/CoreServices.framework/Versions/A/Frameworks/Metadata.framework/Versions/A/Metadata
0x00007fff3993e000 	/System/Library/Frameworks/CoreServices.framework/Versions/A/Frameworks/OSServices.framework/Versions/A/OSServices
0x00007fff3996c000 	/System/Library/Frameworks/CoreServices.framework/Versions/A/Frameworks/SearchKit.framework/Versions/A/SearchKit
0x00007fff392ab000 	/System/Library/Frameworks/CoreServices.framework/Versions/A/Frameworks/AE.framework/Versions/A/AE
0x00007fff3966a000 	/System/Library/Frameworks/CoreServices.framework/Versions/A/Frameworks/LaunchServices.framework/Versions/A/LaunchServices
0x00007fff39613000 	/System/Library/Frameworks/CoreServices.framework/Versions/A/Frameworks/DictionaryServices.framework/Versions/A/DictionaryServices
0x00007fff399d4000 	/System/Library/Frameworks/CoreServices.framework/Versions/A/Frameworks/SharedFileList.framework/Versions/A/SharedFileList
0x00007fff3e85b000 	/System/Library/Frameworks/NetFS.framework/Versions/A/NetFS
0x00007fff5f4fd000 	/System/Library/PrivateFrameworks/NetAuth.framework/Versions/A/NetAuth
0x00007fff6be64000 	/System/Library/PrivateFrameworks/login.framework/Versions/A/Frameworks/loginsupport.framework/Versions/A/loginsupport
0x00007fff68782000 	/System/Library/PrivateFrameworks/TCC.framework/Versions/A/TCC
0x00007fff503fd000 	/System/Library/PrivateFrameworks/CoreNLP.framework/Versions/A/CoreNLP
0x00007fff5e9fa000 	/System/Library/PrivateFrameworks/MetadataUtilities.framework/Versions/A/MetadataUtilities
0x00007fff7013c000 	/usr/lib/libmecabra.dylib
0x00007fff70094000 	/usr/lib/libmecab.dylib
0x00007fff6fcf0000 	/usr/lib/libgermantok.dylib
0x00007fff6efb5000 	/usr/lib/libThaiTokenizer.dylib
0x00007fff6e9bb000 	/usr/lib/libChineseTokenizer.dylib
0x00007fff33b66000 	/System/Library/Frameworks/Accelerate.framework/Versions/A/Frameworks/vImage.framework/Versions/A/vImage
0x00007fff34fd0000 	/System/Library/Frameworks/Accelerate.framework/Versions/A/Frameworks/vecLib.framework/Versions/A/vecLib
0x00007fff34f0d000 	/System/Library/Frameworks/Accelerate.framework/Versions/A/Frameworks/vecLib.framework/Versions/A/libvMisc.dylib
0x00007fff34d35000 	/System/Library/Frameworks/Accelerate.framework/Versions/A/Frameworks/vecLib.framework/Versions/A/libvDSP.dylib
0x00007fff341bd000 	/System/Library/Frameworks/Accelerate.framework/Versions/A/Frameworks/vecLib.framework/Versions/A/libBLAS.dylib
0x00007fff348f9000 	/System/Library/Frameworks/Accelerate.framework/Versions/A/Frameworks/vecLib.framework/Versions/A/libLAPACK.dylib
0x00007fff34c95000 	/System/Library/Frameworks/Accelerate.framework/Versions/A/Frameworks/vecLib.framework/Versions/A/libLinearAlgebra.dylib
0x00007fff34d22000 	/System/Library/Frameworks/Accelerate.framework/Versions/A/Frameworks/vecLib.framework/Versions/A/libSparseBLAS.dylib
0x00007fff34cab000 	/System/Library/Frameworks/Accelerate.framework/Versions/A/Frameworks/vecLib.framework/Versions/A/libQuadrature.dylib
0x00007fff34425000 	/System/Library/Frameworks/Accelerate.framework/Versions/A/Frameworks/vecLib.framework/Versions/A/libBNNS.dylib
0x00007fff34cb1000 	/System/Library/Frameworks/Accelerate.framework/Versions/A/Frameworks/vecLib.framework/Versions/A/libSparse.dylib
0x00007fff5d570000 	/System/Library/PrivateFrameworks/LanguageModeling.framework/Versions/A/LanguageModeling
0x00007fff4fdad000 	/System/Library/PrivateFrameworks/CoreEmoji.framework/Versions/A/CoreEmoji
0x00007fff5d68e000 	/System/Library/PrivateFrameworks/LinguisticData.framework/Versions/A/LinguisticData
0x00007fff5d63f000 	/System/Library/PrivateFrameworks/Lexicon.framework/Versions/A/Lexicon
0x00007fff6f277000 	/usr/lib/libcmph.dylib
0x00007fff41449000 	/System/Library/Frameworks/OpenDirectory.framework/Versions/A/Frameworks/CFOpenDirectory.framework/Versions/A/CFOpenDirectory
0x00007fff41466000 	/System/Library/Frameworks/OpenDirectory.framework/Versions/A/OpenDirectory
0x00007fff4988b000 	/System/Library/PrivateFrameworks/APFS.framework/Versions/A/APFS
0x00007fff44b55000 	/System/Library/Frameworks/SecurityFoundation.framework/Versions/A/SecurityFoundation
0x00007fff7133d000 	/usr/lib/libutil.dylib
0x00007fff512e2000 	/System/Library/PrivateFrameworks/CoreServicesStore.framework/Versions/A/CoreServicesStore
0x00007fff44c0c000 	/System/Library/Frameworks/ServiceManagement.framework/Versions/A/ServiceManagement
0x00007fff4cfa7000 	/System/Library/PrivateFrameworks/BackgroundTaskManagement.framework/Versions/A/BackgroundTaskManagement
0x00007fff7143a000 	/usr/lib/libxslt.1.dylib
0x00007fff4be4b000 	/System/Library/PrivateFrameworks/AppleSystemInfo.framework/Versions/A/AppleSystemInfo
0x00007fff3b007000 	/System/Library/Frameworks/ImageIO.framework/Versions/A/Resources/libJPEG.dylib
0x00007fff3b2c3000 	/System/Library/Frameworks/ImageIO.framework/Versions/A/Resources/libTIFF.dylib
0x00007fff3b2a6000 	/System/Library/Frameworks/ImageIO.framework/Versions/A/Resources/libPng.dylib
0x00007fff3af49000 	/System/Library/Frameworks/ImageIO.framework/Versions/A/Resources/libGIF.dylib
0x00007fff3af4d000 	/System/Library/Frameworks/ImageIO.framework/Versions/A/Resources/libJP2.dylib
0x00007fff3b2c1000 	/System/Library/Frameworks/ImageIO.framework/Versions/A/Resources/libRadiance.dylib
0x00007fff6fcb9000 	/usr/lib/libexpat.1.dylib
0x00007fff4b933000 	/System/Library/PrivateFrameworks/AppleJPEG.framework/Versions/A/AppleJPEG
0x00007fff545e1000 	/System/Library/PrivateFrameworks/FontServices.framework/libFontParser.dylib
0x00007fff6ae69000 	/System/Library/PrivateFrameworks/WatchdogClient.framework/Versions/A/WatchdogClient
0x00007fff5cbcb000 	/System/Library/PrivateFrameworks/IOAccelerator.framework/Versions/A/IOAccelerator
0x00007fff3d7d3000 	/System/Library/Frameworks/MetalPerformanceShaders.framework/Versions/A/MetalPerformanceShaders
0x00007fff59362000 	/System/Library/PrivateFrameworks/GPUWrangler.framework/Versions/A/GPUWrangler
0x00007fff5cbe0000 	/System/Library/PrivateFrameworks/IOPresentment.framework/Versions/A/IOPresentment
0x00007fff51e5f000 	/System/Library/PrivateFrameworks/DSExternalDisplay.framework/Versions/A/DSExternalDisplay
0x00007fff41dda000 	/System/Library/Frameworks/OpenGL.framework/Versions/A/Libraries/libCoreFSCache.dylib
0x00007fff3d51f000 	/System/Library/Frameworks/MetalPerformanceShaders.framework/Frameworks/MPSCore.framework/Versions/A/MPSCore
0x00007fff3d55d000 	/System/Library/Frameworks/MetalPerformanceShaders.framework/Frameworks/MPSImage.framework/Versions/A/MPSImage
0x00007fff3d624000 	/System/Library/Frameworks/MetalPerformanceShaders.framework/Frameworks/MPSNeuralNetwork.framework/Versions/A/MPSNeuralNetwork
0x00007fff3d5e8000 	/System/Library/Frameworks/MetalPerformanceShaders.framework/Frameworks/MPSMatrix.framework/Versions/A/MPSMatrix
0x00007fff3d783000 	/System/Library/Frameworks/MetalPerformanceShaders.framework/Frameworks/MPSRayIntersector.framework/Versions/A/MPSRayIntersector
0x00007fff3d60e000 	/System/Library/Frameworks/MetalPerformanceShaders.framework/Frameworks/MPSNDArray.framework/Versions/A/MPSNDArray
0x00007fff5ea47000 	/System/Library/PrivateFrameworks/MetalTools.framework/Versions/A/MetalTools
0x00007fff4aa60000 	/System/Library/PrivateFrameworks/AggregateDictionary.framework/Versions/A/AggregateDictionary
0x00007fff4f7f7000 	/System/Library/PrivateFrameworks/CoreAnalytics.framework/Versions/A/CoreAnalytics
0x00007fff4bd6a000 	/System/Library/PrivateFrameworks/AppleSauce.framework/Versions/A/AppleSauce
0x00007fff6ec77000 	/usr/lib/libIOReport.dylib
0x00007fff39ed5000 	/System/Library/Frameworks/CoreVideo.framework/Versions/A/CoreVideo
0x00007fff5a7dc000 	/System/Library/PrivateFrameworks/GraphVisualizer.framework/Versions/A/GraphVisualizer
0x00007fff53b28000 	/System/Library/PrivateFrameworks/FaceCore.framework/Versions/A/FaceCore
0x00007fff413f0000 	/System/Library/Frameworks/OpenCL.framework/Versions/A/OpenCL
0x00007fff6ea99000 	/usr/lib/libFosl_dynamic.dylib
0x00007fff5ff1d000 	/System/Library/PrivateFrameworks/OTSVG.framework/Versions/A/OTSVG
0x00007fff3608f000 	/System/Library/Frameworks/ApplicationServices.framework/Versions/A/Frameworks/ATS.framework/Versions/A/Resources/libFontRegistry.dylib
0x00007fff547b3000 	/System/Library/PrivateFrameworks/FontServices.framework/libhvf.dylib
0x00007fff41de5000 	/System/Library/Frameworks/OpenGL.framework/Versions/A/Libraries/libGFXShared.dylib
0x00007fff41fc3000 	/System/Library/Frameworks/OpenGL.framework/Versions/A/Libraries/libGLU.dylib
0x00007fff41dee000 	/System/Library/Frameworks/OpenGL.framework/Versions/A/Libraries/libGL.dylib
0x00007fff41df9000 	/System/Library/Frameworks/OpenGL.framework/Versions/A/Libraries/libGLImage.dylib
0x00007fff41dd7000 	/System/Library/Frameworks/OpenGL.framework/Versions/A/Libraries/libCVMSPluginSupport.dylib
0x00007fff41de0000 	/System/Library/Frameworks/OpenGL.framework/Versions/A/Libraries/libCoreVMClient.dylib
0x00007fff7070b000 	/usr/lib/libncurses.5.4.dylib
0x00007fff35f8b000 	/System/Library/Frameworks/ApplicationServices.framework/Versions/A/Frameworks/ATS.framework/Versions/A/ATS
0x00007fff36158000 	/System/Library/Frameworks/ApplicationServices.framework/Versions/A/Frameworks/ColorSyncLegacy.framework/Versions/A/ColorSyncLegacy
0x00007fff361f6000 	/System/Library/Frameworks/ApplicationServices.framework/Versions/A/Frameworks/HIServices.framework/Versions/A/HIServices
0x00007fff3624e000 	/System/Library/Frameworks/ApplicationServices.framework/Versions/A/Frameworks/LangAnalysis.framework/Versions/A/LangAnalysis
0x00007fff3625d000 	/System/Library/Frameworks/ApplicationServices.framework/Versions/A/Frameworks/PrintCore.framework/Versions/A/PrintCore
0x00007fff362a3000 	/System/Library/Frameworks/ApplicationServices.framework/Versions/A/Frameworks/QD.framework/Versions/A/QD
0x00007fff362ae000 	/System/Library/Frameworks/ApplicationServices.framework/Versions/A/Frameworks/SpeechSynthesis.framework/Versions/A/SpeechSynthesis
0x00007fff36128000 	/System/Library/Frameworks/ApplicationServices.framework/Versions/A/Frameworks/ATSUI.framework/Versions/A/ATSUI
0x00007fff6fb4f000 	/usr/lib/libcups.2.dylib
0x00007fff3c86e000 	/System/Library/Frameworks/Kerberos.framework/Versions/A/Kerberos
0x00007fff3a9af000 	/System/Library/Frameworks/GSS.framework/Versions/A/GSS
0x00007fff70e8e000 	/usr/lib/libresolv.9.dylib
0x00007fff5a989000 	/System/Library/PrivateFrameworks/Heimdal.framework/Versions/A/Heimdal
0x00007fff3c881000 	/System/Library/Frameworks/Kerberos.framework/Versions/A/Libraries/libHeimdalProxy.dylib
0x00007fff6fcf6000 	/usr/lib/libheimdal-asn1.dylib
0x00007fff4ec92000 	/System/Library/PrivateFrameworks/CommonAuth.framework/Versions/A/CommonAuth
0x00007fff4bee8000 	/System/Library/PrivateFrameworks/AssertionServices.framework/Versions/A/AssertionServices
0x00007fff4ca8a000 	/System/Library/PrivateFrameworks/AudioToolboxCore.framework/Versions/A/AudioToolboxCore
0x00007fff6bb14000 	/System/Library/PrivateFrameworks/caulk.framework/Versions/A/caulk
0x00007fff4d053000 	/System/Library/PrivateFrameworks/BaseBoard.framework/Versions/A/BaseBoard
0x00007fff64174000 	/System/Library/PrivateFrameworks/RunningBoardServices.framework/Versions/A/RunningBoardServices
0x00007fff61188000 	/System/Library/PrivateFrameworks/PersistentConnection.framework/Versions/A/PersistentConnection
0x00007fff63b6e000 	/System/Library/PrivateFrameworks/ProtocolBuffer.framework/Versions/A/ProtocolBuffer
0x00007fff4ecb6000 	/System/Library/PrivateFrameworks/CommonUtilities.framework/Versions/A/CommonUtilities
0x00007fff4d1e1000 	/System/Library/PrivateFrameworks/Bom.framework/Versions/A/Bom
0x00007fff6e94a000 	/usr/lib/libAudioToolboxUtility.dylib
0x00007fff4cfb1000 	/System/Library/PrivateFrameworks/Backup.framework/Versions/A/Backup
0x00007fff51d80000 	/System/Library/PrivateFrameworks/CrashReporterSupport.framework/Versions/A/CrashReporterSupport
0x00007fff65c05000 	/System/Library/PrivateFrameworks/Sharing.framework/Versions/A/Sharing
0x00007fff4b4f6000 	/System/Library/PrivateFrameworks/Apple80211.framework/Versions/A/Apple80211
0x00007fff4ccce000 	/System/Library/PrivateFrameworks/AuthKit.framework/Versions/A/AuthKit
0x00007fff51a90000 	/System/Library/PrivateFrameworks/CoreUtils.framework/Versions/A/CoreUtils
0x00007fff39f1a000 	/System/Library/Frameworks/CoreWLAN.framework/Versions/A/CoreWLAN
0x00007fff3ab3c000 	/System/Library/Frameworks/IOBluetooth.framework/Versions/A/IOBluetooth
0x00007fff5ed4c000 	/System/Library/PrivateFrameworks/MobileKeyBag.framework/Versions/A/MobileKeyBag
0x00007fff50895000 	/System/Library/PrivateFrameworks/CorePhoneNumbers.framework/Versions/A/CorePhoneNumbers
0x00007fff4b8e6000 	/System/Library/PrivateFrameworks/AppleIDAuthSupport.framework/Versions/A/AppleIDAuthSupport
0x00007fff3e868000 	/System/Library/Frameworks/Network.framework/Versions/A/Network
0x00007fff5d41c000 	/System/Library/PrivateFrameworks/KeychainCircle.framework/Versions/A/KeychainCircle
0x00007fff3796e000 	/System/Library/Frameworks/CoreBluetooth.framework/Versions/A/CoreBluetooth
0x00007fff67c82000 	/System/Library/PrivateFrameworks/SpeechRecognitionCore.framework/Versions/A/SpeechRecognitionCore
0x000000010be00000 	/Library/Java/JavaVirtualMachines/jdk-14.0.2.jdk/Contents/Home/lib/server/libjvm.dylib
0x000000010b55c000 	/Library/Java/JavaVirtualMachines/jdk-14.0.2.jdk/Contents/Home/lib/libjimage.dylib
0x000000010b569000 	/Library/Java/JavaVirtualMachines/jdk-14.0.2.jdk/Contents/Home/lib/libjdwp.dylib
0x000000010b5a5000 	/Library/Java/JavaVirtualMachines/jdk-14.0.2.jdk/Contents/Home/lib/libjava.dylib
0x000000010b5cd000 	/Library/Java/JavaVirtualMachines/jdk-14.0.2.jdk/Contents/Home/lib/libinstrument.dylib
0x000000010b5e5000 	/Library/Java/JavaVirtualMachines/jdk-14.0.2.jdk/Contents/Home/lib/libzip.dylib
0x0000000112e38000 	/Library/Java/JavaVirtualMachines/jdk-14.0.2.jdk/Contents/Home/lib/libdt_socket.dylib
0x0000000112e42000 	/Library/Java/JavaVirtualMachines/jdk-14.0.2.jdk/Contents/Home/lib/libnio.dylib
0x0000000112e55000 	/Library/Java/JavaVirtualMachines/jdk-14.0.2.jdk/Contents/Home/lib/libnet.dylib
0x0000000112e6d000 	/Library/Java/JavaVirtualMachines/jdk-14.0.2.jdk/Contents/Home/lib/libverify.dylib
0x0000000112e7c000 	/Library/Java/JavaVirtualMachines/jdk-14.0.2.jdk/Contents/Home/lib/libextnet.dylib
0x0000000112e83000 	/Library/Java/JavaVirtualMachines/jdk-14.0.2.jdk/Contents/Home/lib/libmanagement.dylib
0x0000000112e8d000 	/Library/Java/JavaVirtualMachines/jdk-14.0.2.jdk/Contents/Home/lib/libmanagement_ext.dylib
0x0000000113498000 	/Library/Java/JavaVirtualMachines/jdk-14.0.2.jdk/Contents/Home/lib/libawt.dylib
0x0000000113534000 	/Library/Java/JavaVirtualMachines/jdk-14.0.2.jdk/Contents/Home/lib/libmlib_image.dylib
0x00007fff3c858000 	/System/Library/Frameworks/JavaVM.framework/Versions/A/Frameworks/JavaNativeFoundation.framework/Versions/A/JavaNativeFoundation
0x00007fff3c861000 	/System/Library/Frameworks/JavaVM.framework/Versions/A/Frameworks/JavaRuntimeSupport.framework/Versions/A/JavaRuntimeSupport
0x00007fff3c869000 	/System/Library/Frameworks/JavaVM.framework/Versions/A/JavaVM
0x00007fff5d233000 	/System/Library/PrivateFrameworks/JavaLaunching.framework/Versions/A/JavaLaunching
0x00007fff36b3f000 	/System/Library/Frameworks/Carbon.framework/Versions/A/Carbon
0x00007fff51835000 	/System/Library/PrivateFrameworks/CoreSymbolication.framework/Versions/A/CoreSymbolication
0x00007fff36b40000 	/System/Library/Frameworks/Carbon.framework/Versions/A/Frameworks/CommonPanels.framework/Versions/A/CommonPanels
0x00007fff36e39000 	/System/Library/Frameworks/Carbon.framework/Versions/A/Frameworks/Help.framework/Versions/A/Help
0x00007fff36e3d000 	/System/Library/Frameworks/Carbon.framework/Versions/A/Frameworks/ImageCapture.framework/Versions/A/ImageCapture
0x00007fff36e44000 	/System/Library/Frameworks/Carbon.framework/Versions/A/Frameworks/OpenScripting.framework/Versions/A/OpenScripting
0x00007fff36e43000 	/System/Library/Frameworks/Carbon.framework/Versions/A/Frameworks/Ink.framework/Versions/A/Ink
0x00007fff36e7f000 	/System/Library/Frameworks/Carbon.framework/Versions/A/Frameworks/Print.framework/Versions/A/Print
0x00007fff36e80000 	/System/Library/Frameworks/Carbon.framework/Versions/A/Frameworks/SecurityHI.framework/Versions/A/SecurityHI
0x00007fff51fb4000 	/System/Library/PrivateFrameworks/DebugSymbols.framework/Versions/A/DebugSymbols
0x00000001135a0000 	/Library/Java/JavaVirtualMachines/jdk-14.0.2.jdk/Contents/Home/lib/libawt_lwawt.dylib
0x0000000113652000 	/Library/Java/JavaVirtualMachines/jdk-14.0.2.jdk/Contents/Home/lib/libosxapp.dylib
0x00007fff3a418000 	/System/Library/Frameworks/ExceptionHandling.framework/Versions/A/ExceptionHandling
0x0000000132ae0000 	/Library/Java/JavaVirtualMachines/jdk-14.0.2.jdk/Contents/Home/lib/libfontmanager.dylib
0x0000000113672000 	/Library/Java/JavaVirtualMachines/jdk-14.0.2.jdk/Contents/Home/lib/libfreetype.dylib
0x00007fff512ae000 	/System/Library/PrivateFrameworks/CoreServicesInternal.framework/Versions/A/CoreServicesInternal
0x00007fff3a437000 	/System/Library/Frameworks/FileProvider.framework/Versions/A/FileProvider
0x00007fff34fd1000 	/System/Library/Frameworks/Accounts.framework/Versions/A/Accounts
0x00007fff59687000 	/System/Library/PrivateFrameworks/GenerationalStorage.framework/Versions/A/GenerationalStorage
0x00007fff684c2000 	/System/Library/PrivateFrameworks/SymptomDiagnosticReporter.framework/Versions/A/SymptomDiagnosticReporter
0x00007fff4affb000 	/System/Library/PrivateFrameworks/AppContainer.framework/Versions/A/AppContainer
0x00007fff70ea8000 	/usr/lib/libsandbox.1.dylib
0x00007fff69e0d000 	/System/Library/PrivateFrameworks/UserManagement.framework/Versions/A/UserManagement
0x00007fff4dd9c000 	/System/Library/PrivateFrameworks/ChunkingLibrary.framework/Versions/A/ChunkingLibrary
0x00007fff4b06d000 	/System/Library/PrivateFrameworks/AppSandbox.framework/Versions/A/AppSandbox
0x00007fff65a8f000 	/System/Library/PrivateFrameworks/SecCodeWrapper.framework/Versions/A/SecCodeWrapper
0x00007fff6ed5f000 	/usr/lib/libMatch.1.dylib
0x00007fff2afb5000 	/System/Library/CoreServices/RawCamera.bundle/Contents/MacOS/RawCamera
0x00007fff5eb76000 	/System/Library/PrivateFrameworks/MobileAsset.framework/Versions/A/MobileAsset
0x00007fff6836a000 	/System/Library/PrivateFrameworks/StreamingZip.framework/Versions/A/StreamingZip
0x00007fff3cce9000 	/System/Library/Frameworks/MediaToolbox.framework/Versions/A/MediaToolbox
0x00007fff4f7a7000 	/System/Library/PrivateFrameworks/CoreAVCHD.framework/Versions/A/CoreAVCHD
0x00007fff3cc13000 	/System/Library/Frameworks/MediaAccessibility.framework/Versions/A/MediaAccessibility
0x00007fff5df2b000 	/System/Library/PrivateFrameworks/Mangrove.framework/Versions/A/Mangrove
0x00007fff390e2000 	/System/Library/Frameworks/CoreMedia.framework/Versions/A/CoreMedia
0x00007fff5e197000 	/System/Library/PrivateFrameworks/MediaExperience.framework/Versions/A/MediaExperience
0x00007fff45ba9000 	/System/Library/Frameworks/VideoToolbox.framework/Versions/A/VideoToolbox
0x00007fff4f3d1000 	/System/Library/PrivateFrameworks/CoreAUC.framework/Versions/A/CoreAUC
0x00007fff70f00000 	/usr/lib/libspindump.dylib
0x00007fff4c439000 	/System/Library/PrivateFrameworks/AudioResourceArbitration.framework/Versions/A/AudioResourceArbitration
0x00007fff4be4f000 	/System/Library/PrivateFrameworks/AppleVA.framework/Versions/A/AppleVA
0x00007fff33b4f000 	/System/Library/Frameworks/Accelerate.framework/Versions/A/Frameworks/vImage.framework/Versions/A/Libraries/libCGInterfaces.dylib
0x000000013375b000 	/usr/lib/libobjc-trampolines.dylib
0x00007fff5471a000 	/System/Library/PrivateFrameworks/FontServices.framework/libTrueTypeScaler.dylib
0x00007fff308c7000 	/System/Library/Extensions/AppleIntelKBLGraphicsMTLDriver.bundle/Contents/MacOS/AppleIntelKBLGraphicsMTLDriver
0x00007fff57ca4000 	/System/Library/PrivateFrameworks/GPUCompiler.framework/Versions/3902/Libraries/libmetal_timestamp.dylib
0x00007fff6abd9000 	/System/Library/PrivateFrameworks/ViewBridge.framework/Versions/A/ViewBridge
0x00007fff6be67000 	/System/Library/PrivateFrameworks/login.framework/Versions/A/login
0x0000000135022000 	/Library/Java/JavaVirtualMachines/jdk-14.0.2.jdk/Contents/Home/lib/libosxui.dylib
0x00007fff42a4b000 	/System/Library/Frameworks/OpenGL.framework/Versions/A/Resources/GLEngine.bundle/GLEngine
0x00007fff41e2e000 	/System/Library/Frameworks/OpenGL.framework/Versions/A/Libraries/libGLProgrammability.dylib
0x00007fff2f8bf000 	/System/Library/Extensions/AppleIntelKBLGraphicsGLDriver.bundle/Contents/MacOS/AppleIntelKBLGraphicsGLDriver
0x00007fff59356000 	/System/Library/PrivateFrameworks/GPUSupport.framework/Versions/A/Libraries/libGPUSupportMercury.dylib
0x00007fff42bc5000 	/System/Library/Frameworks/OpenGL.framework/Versions/A/Resources/GLRendererFloat.bundle/GLRendererFloat
0x00007fff413e7000 	/System/Library/Frameworks/OpenCL.framework/Versions/A/Libraries/libcldcpuengine.dylib


VM Arguments:
jvm_args: -agentlib:jdwp=transport=dt_socket,suspend=y,address=localhost:56274 -ea -javaagent:/Users/carlosvillablanco/eclipse/java-2020-06/Eclipse.app/Contents/Eclipse/configuration/org.eclipse.osgi/214/0/.cp/lib/javaagent-shaded.jar -Dfile.encoding=UTF-8 
java_command: org.eclipse.jdt.internal.junit.runner.RemoteTestRunner -version 3 -port 56273 -testLoaderClass org.eclipse.jdt.internal.junit5.runner.JUnit5TestLoader -loaderpluginname org.eclipse.jdt.junit5.runtime -classNames mctbnc.LearnMCTBNC
java_class_path (initial): /Users/carlosvillablanco/Workspace/MCTBNCs/bin/main:/Users/carlosvillablanco/Workspace/MCTBNCs/bin/test:/Users/carlosvillablanco/Workspace/MCTBNCs/bin/default:/Users/carlosvillablanco/.gradle/caches/modules-2/files-2.1/org.apache.commons/commons-math3/3.6.1/e4ba98f1d4b3c80ec46392f25e094a6a2e58fcbf/commons-math3-3.6.1.jar:/Users/carlosvillablanco/.gradle/caches/modules-2/files-2.1/org.graphstream/gs-core/1.3/1199c349ae387742426ee216bcebcc0b5a51b2fa/gs-core-1.3.jar:/Users/carlosvillablanco/.gradle/caches/modules-2/files-2.1/org.apache.logging.log4j/log4j-core/2.13.3/4e857439fc4fe974d212adaaaa3b118b8b50e3ec/log4j-core-2.13.3.jar:/Users/carlosvillablanco/.gradle/caches/modules-2/files-2.1/org.apache.logging.log4j/log4j-api/2.13.3/ec1508160b93d274b1add34419b897bae84c6ca9/log4j-api-2.13.3.jar:/Users/carlosvillablanco/.gradle/caches/modules-2/files-2.1/com.opencsv/opencsv/3.7/d5416b3a41618422e12337c2d3b6152f0cd4d311/opencsv-3.7.jar:/Users/carlosvillablanco/.gradle/caches/modules-2/files-2.1/com.google.guava/guava/28.2-jre/8ec9ed76528425762174f0011ce8f74ad845b756/guava-28.2-jre.jar:/Users/carlosvillablanco/.gradle/caches/modules-2/files-2.1/junit/junit/4.12/2973d150c0dc1fefe998f834810d68f278ea58ec/junit-4.12.jar:/Users/carlosvillablanco/.gradle/caches/modules-2/files-2.1/org.graphstream/pherd/1.0/def146e11a24b48f88e8af5fa14ca383f8ee4dd2/pherd-1.0.jar:/Users/carlosvillablanco/.gradle/caches/modules-2/files-2.1/org.graphstream/mbox2/1.0/c20049788c1bde824e17cd8e26c2f515a1eab352/mbox2-1.0.jar:/Users/carlosvillablanco/.gradle/caches/modules-2/files-2.1/org.apache.commons/commons-lang3/3.3.2/90a3822c38ec8c996e84c16a3477ef632cbc87a3/commons-lang3-3.3.2.jar:/Users/carlosvillablanco/.gradle/caches/modules-2/files-2.1/com.google.guava/failureaccess/1.0.1/1dcf1de382a0bf95a3d8b0849546c88bac1292c9/failureaccess-1.0.1.jar:/Users/carlosvillablanco/.gradle/caches/modules-2/files-2.1/com.google.guava/listenablefuture/9999.0-empty-to-avoid-conflict-with-guava/b42
Launcher Type: SUN_STANDARD

[Global flags]
     intx CICompilerCount                          = 3                                         {product} {ergonomic}
     uint ConcGCThreads                            = 1                                         {product} {ergonomic}
     uint G1ConcRefinementThreads                  = 4                                         {product} {ergonomic}
   size_t G1HeapRegionSize                         = 1048576                                   {product} {ergonomic}
    uintx GCDrainStackTargetSize                   = 64                                        {product} {ergonomic}
   size_t InitialHeapSize                          = 268435456                                 {product} {ergonomic}
   size_t MarkStackSize                            = 4194304                                   {product} {ergonomic}
   size_t MaxHeapSize                              = 4294967296                                {product} {ergonomic}
   size_t MaxNewSize                               = 2576351232                                {product} {ergonomic}
   size_t MinHeapDeltaBytes                        = 1048576                                   {product} {ergonomic}
   size_t MinHeapSize                              = 8388608                                   {product} {ergonomic}
    uintx NonNMethodCodeHeapSize                   = 5832780                                {pd product} {ergonomic}
    uintx NonProfiledCodeHeapSize                  = 122912730                              {pd product} {ergonomic}
    uintx ProfiledCodeHeapSize                     = 122912730                              {pd product} {ergonomic}
    uintx ReservedCodeCacheSize                    = 251658240                              {pd product} {ergonomic}
     bool SegmentedCodeCache                       = true                                      {product} {ergonomic}
   size_t SoftMaxHeapSize                          = 4294967296                             {manageable} {ergonomic}
     bool UseCompressedClassPointers               = true                                 {lp64_product} {ergonomic}
     bool UseCompressedOops                        = true                                 {lp64_product} {ergonomic}
     bool UseG1GC                                  = true                                      {product} {ergonomic}

Logging:
Log output configuration:
 #0: stdout all=warning uptime,level,tags
 #1: stderr all=off uptime,level,tags

Environment Variables:
PATH=/usr/bin:/bin:/usr/sbin:/sbin
SHELL=/bin/bash
DISPLAY=/private/tmp/com.apple.launchd.1prlhwr8yR/org.macosforge.xquartz:0

Signal Handlers:
SIGSEGV: [libjvm.dylib+0x7415b8], sa_mask[0]=11111111011111110111111111111111, sa_flags=SA_ONSTACK|SA_RESTART|SA_SIGINFO
SIGBUS: [libjvm.dylib+0x7415b8], sa_mask[0]=11111111011111110111111111111111, sa_flags=SA_RESTART|SA_SIGINFO
SIGFPE: [libjvm.dylib+0x7415b8], sa_mask[0]=11111111011111110111111111111111, sa_flags=SA_RESTART|SA_SIGINFO
SIGPIPE: [libjvm.dylib+0x5eb4b1], sa_mask[0]=11111111011111110111111111111111, sa_flags=SA_RESTART|SA_SIGINFO
SIGXFSZ: [libjvm.dylib+0x5eb4b1], sa_mask[0]=11111111011111110111111111111111, sa_flags=SA_RESTART|SA_SIGINFO
SIGILL: [libjvm.dylib+0x7415b8], sa_mask[0]=11111111011111110111111111111111, sa_flags=SA_RESTART|SA_SIGINFO
SIGUSR2: [libjvm.dylib+0x5eba83], sa_mask[0]=00100000000000000000000000000000, sa_flags=SA_RESTART|SA_SIGINFO
SIGHUP: [libjvm.dylib+0x5eaae5], sa_mask[0]=11111111011111110111111111111111, sa_flags=SA_RESTART|SA_SIGINFO
SIGINT: [libjvm.dylib+0x5eaae5], sa_mask[0]=11111111011111110111111111111111, sa_flags=SA_RESTART|SA_SIGINFO
SIGTERM: [libjvm.dylib+0x5eaae5], sa_mask[0]=11111111011111110111111111111111, sa_flags=SA_RESTART|SA_SIGINFO
SIGQUIT: [libjvm.dylib+0x5eaae5], sa_mask[0]=11111111011111110111111111111111, sa_flags=SA_RESTART|SA_SIGINFO


---------------  S Y S T E M  ---------------

OS:uname:Darwin 19.5.0 Darwin Kernel Version 19.5.0: Tue May 26 20:41:44 PDT 2020; root:xnu-6153.121.2~2/RELEASE_X86_64 x86_64
OS uptime: 11 days 1:41 hours
rlimit: STACK 8192k, CORE 0k, NPROC 2784, NOFILE 10240, AS infinity, DATA infinity, FSIZE infinity
load average:1.42 1.69 1.71

CPU:total 4 (initial active 4) (2 cores per cpu, 2 threads per core) family 6 model 142 stepping 9, cmov, cx8, fxsr, mmx, sse, sse2, sse3, ssse3, sse4.1, sse4.2, popcnt, avx, avx2, aes, clmul, erms, 3dnowpref, lzcnt, ht, tsc, tscinvbit, bmi1, bmi2, adx, fma

Memory: 4k page, physical 16777216k(56732k free), swap 3145728k(1462016k free)

vm_info: Java HotSpot(TM) 64-Bit Server VM (14.0.2+12-46) for bsd-amd64 JRE (14.0.2+12-46), built on Jul  8 2020 23:32:31 by "mach5one" with clang 4.2.1 Compatible Apple LLVM 10.0.0 (clang-1000.11.45.5)

END.
